Log file open, 05/18/16 20:31:37
LogInit:Display: Running engine for game: ProjectMotorcycle
LogPlatformFile: Not using cached read wrapper
LogInit:Display: RandInit(447314545) SRandInit(447314547).
LogTaskGraph: Started task graph with 4 named threads and 7 total threads with 1 sets of task threads.
LogStats: Stats thread started at 0.100339
LogInit: Version: 4.12.0-2978217+++UE4+Release-4.12
LogInit: API Version: 2978217
LogInit: Net Version: 2978217
LogDevObjectVersion: Number of dev versions registered: 13
LogDevObjectVersion:   Dev-Blueprints (B0D832E4-1F89-4F0D-ACCF-7EB736FD4AA2): 3
LogDevObjectVersion:   Dev-Build (E1C64328-A22C-4D53-A36C-8E866417BD8C): 0
LogDevObjectVersion:   Dev-Core (375EC13C-06E4-48FB-B500-84F0262A717E): 1
LogDevObjectVersion:   Dev-Editor (E4B068ED-F494-42E9-A231-DA0B2E46BB41): 2
LogDevObjectVersion:   Dev-Framework (CFFC743F-43B0-4480-9391-14DF171D2073): 6
LogDevObjectVersion:   Dev-Mobile (B02B49B5-BB20-44E9-A304-32B752E40360): 0
LogDevObjectVersion:   Dev-Networking (A4E4105C-59A1-49B5-A7C5-40C4547EDFEE): 0
LogDevObjectVersion:   Dev-Online (39C831C9-5AE6-47DC-9A44-9C173E1C8E7C): 0
LogDevObjectVersion:   Dev-Physics (78F01B33-EBEA-4F98-B9B4-84EACCB95AA2): 0
LogDevObjectVersion:   Dev-Platform (6631380F-2D4D-43E0-8009-CF276956A95A): 0
LogDevObjectVersion:   Dev-Rendering (12F88B9F-8875-4AFC-A67C-D90C383ABD29): 2
LogDevObjectVersion:   Dev-Sequencer (7B5AE74C-D270-4C10-A958-57980B212A5A): 0
LogDevObjectVersion:   Dev-VR (D7296918-1DD6-4BDD-9DE2-64A83CC13884): 0
LogInit: Compiled (64-bit): May 16 2016 02:11:06
LogInit: Compiled with Visual C++: 19.00.23026.00
LogInit: Build Configuration: Development
LogInit: Branch Name: ++UE4+Release-4.12
LogInit: Command line:  
LogInit: Base directory: C:/Program Files (x86)/Epic Games/4.12/Engine/Binaries/Win64/
LogInit: Installed Engine Build: 1
LogInit: Using libcurl 7.41.0
LogInit:  - built for x86_64-pc-win32
LogInit:  - supports SSL with WinSSL
LogInit:  - other features:
LogInit:      CURL_VERSION_SSL
LogInit:      CURL_VERSION_IPV6
LogInit:      CURL_VERSION_ASYNCHDNS
LogInit:      CURL_VERSION_LARGEFILE
LogInit:      CURL_VERSION_IDN
LogInit:  CurlRequestOptions (configurable via config and command line):
LogInit:  - bVerifyPeer = true  - Libcurl will verify peer certificate
LogInit:  - bUseHttpProxy = false  - Libcurl will NOT use HTTP proxy
LogInit:  - bDontReuseConnections = false  - Libcurl will reuse connections
LogInit:  - CertBundlePath = nullptr  - Libcurl will use whatever was configured at build time.
LogInit: Presizing for max 16777216 objects, including 0 objects not considered by GC, pre-allocating 0 bytes for permanent pool.
LogInit: Object subsystem initialized
[2016.05.19-00.31.37:434][  0]LogInit: Selected Device Profile: [Windows]
[2016.05.19-00.31.37:434][  0]LogInit: Applying CVar settings loaded from the selected device profile: [Windows]
[2016.05.19-00.31.37:449][  0]LogInit: Computer: DESKTOP-FA3SENB
[2016.05.19-00.31.37:449][  0]LogInit: User: bill
[2016.05.19-00.31.37:449][  0]LogInit: CPU Page size=65536, Cores=4
[2016.05.19-00.31.37:449][  0]LogInit: High frequency timer resolution =3.914059 MHz
[2016.05.19-00.31.37:449][  0]LogMemory: Memory total: Physical=31.9GB (32GB approx)
[2016.05.19-00.31.37:449][  0]LogMemory: Platform Memory Stats for Windows
[2016.05.19-00.31.37:449][  0]LogMemory: Process Physical Memory: 317.92 MB used, 317.92 MB peak
[2016.05.19-00.31.37:449][  0]LogMemory: Process Virtual Memory: 323.48 MB used, 323.48 MB peak
[2016.05.19-00.31.37:449][  0]LogMemory: Physical Memory: 7204.39 MB used, 32685.73 MB total
[2016.05.19-00.31.37:449][  0]LogMemory: Virtual Memory: 682.06 MB used, 134217728.00 MB total
[2016.05.19-00.31.37:628][  0]LogTextLocalizationManager: No specific translations for ('en-US') exist, so ('en') translations will be used.
[2016.05.19-00.31.37:925][  0]LogD3D11RHI: D3D11 adapters:
[2016.05.19-00.31.37:940][  0]LogD3D11RHI:    0. 'NVIDIA GeForce GTX 980 Ti' (Feature Level 11_0)
[2016.05.19-00.31.37:940][  0]LogD3D11RHI:       6047/0/16342 MB DedicatedVideo/DedicatedSystem/SharedSystem, Outputs:2, VendorId:0x10de
[2016.05.19-00.31.37:941][  0]LogD3D11RHI:    1. 'Microsoft Basic Render Driver' (Feature Level 11_0)
[2016.05.19-00.31.37:941][  0]LogD3D11RHI:       0/0/16342 MB DedicatedVideo/DedicatedSystem/SharedSystem, Outputs:0, VendorId:0x1414
[2016.05.19-00.31.37:941][  0]LogD3D11RHI: Chosen D3D11 Adapter: 0
[2016.05.19-00.31.37:945][  0]LogD3D11RHI: Creating new Direct3DDevice
[2016.05.19-00.31.37:945][  0]LogD3D11RHI:     GPU DeviceId: 0x17c8 (for the marketing name, search the web for "GPU Device Id")
[2016.05.19-00.31.37:945][  0]LogWindows: EnumDisplayDevices:
[2016.05.19-00.31.37:945][  0]LogWindows:    0. 'NVIDIA GeForce GTX 980 Ti' (P:1 D:1)
[2016.05.19-00.31.37:945][  0]LogWindows:    1. 'NVIDIA GeForce GTX 980 Ti' (P:0 D:1)
[2016.05.19-00.31.37:945][  0]LogWindows:    2. 'NVIDIA GeForce GTX 980 Ti' (P:0 D:0)
[2016.05.19-00.31.37:945][  0]LogWindows:    3. 'NVIDIA GeForce GTX 980 Ti' (P:0 D:0)
[2016.05.19-00.31.37:945][  0]LogWindows: DebugString: FoundDriverCount:4 
[2016.05.19-00.31.37:945][  0]LogD3D11RHI:     Adapter Name: NVIDIA GeForce GTX 980 Ti
[2016.05.19-00.31.37:945][  0]LogD3D11RHI:   Driver Version: 365.19 (internal:10.18.13.6519, unified:365.19)
[2016.05.19-00.31.37:945][  0]LogD3D11RHI:      Driver Date: 5-9-2016
[2016.05.19-00.31.37:945][  0]LogRHI: Texture pool is 1361 MB (70% of 1945 MB)
[2016.05.19-00.31.37:954][  0]LogD3D11RHI: Async texture creation enabled
[2016.05.19-00.31.37:972][  0]LogD3D11RHI: GPU Timing Frequency: 1000.000000 (Debug: 2 1)
[2016.05.19-00.31.37:976][  0]LogShaderCompilers: Guid format shader working directory is -27 characters bigger than the processId version (../../../../../../Users/bill/Documents/Unreal Projects/ProjectMotorcycle/Intermediate/Shaders/WorkingDirectory/1848/).
[2016.05.19-00.31.37:976][  0]LogShaderCompilers: Cleaned the shader compiler working directory 'C:/Users/bill/AppData/Local/Temp/UnrealShaderWorkingDir/55B4AEB3474564273483FAABF7F2CF17/'.
[2016.05.19-00.31.37:976][  0]LogShaderCompilers:Display: Using Local Shader Compiler.
[2016.05.19-00.31.39:235][  0]LogTemp:Display: Loaded TP AllDesktopTargetPlatform
[2016.05.19-00.31.39:242][  0]LogTemp:Display: Loaded TP WindowsClientTargetPlatform
[2016.05.19-00.31.39:249][  0]LogTemp:Display: Loaded TP WindowsNoEditorTargetPlatform
[2016.05.19-00.31.39:257][  0]LogTemp:Display: Loaded TP WindowsServerTargetPlatform
[2016.05.19-00.31.39:263][  0]LogTemp:Display: Loaded TP WindowsTargetPlatform
[2016.05.19-00.31.39:272][  0]LogTemp:Display: Loaded TP AndroidTargetPlatform
[2016.05.19-00.31.39:277][  0]LogTemp:Display: Loaded TP Android_ASTCTargetPlatform
[2016.05.19-00.31.39:284][  0]LogTemp:Display: Loaded TP Android_ATCTargetPlatform
[2016.05.19-00.31.39:289][  0]LogTemp:Display: Loaded TP Android_DXTTargetPlatform
[2016.05.19-00.31.39:295][  0]LogTemp:Display: Loaded TP Android_ETC1TargetPlatform
[2016.05.19-00.31.39:301][  0]LogTemp:Display: Loaded TP Android_ETC2TargetPlatform
[2016.05.19-00.31.39:314][  0]LogTemp:Display: Loaded TP Android_MultiTargetPlatform
[2016.05.19-00.31.39:314][  0]LogTemp:Display: Loaded TP Android_PVRTCTargetPlatform
[2016.05.19-00.31.39:314][  0]LogTemp:Display: Loaded TP HTML5TargetPlatform
[2016.05.19-00.31.39:351][  0]LogTemp:Display: Loaded TP IOSTargetPlatform
[2016.05.19-00.31.39:356][  0]LogTemp:Display: Loaded TP TVOSTargetPlatform
[2016.05.19-00.31.39:362][  0]LogTemp:Display: Loaded TP LinuxNoEditorTargetPlatform
[2016.05.19-00.31.39:368][  0]LogTemp:Display: Loaded TP LinuxServerTargetPlatform
[2016.05.19-00.31.39:376][  0]LogTemp:Display: Loaded TP LinuxTargetPlatform
[2016.05.19-00.31.39:376][  0]LogTargetPlatformManager:Display: Building Assets For Windows
[2016.05.19-00.31.39:626][  0]LogDerivedDataCache:Display: Max Cache Size: 512 MB
[2016.05.19-00.31.39:740][  0]LogDerivedDataCache: Loaded boot cache 0.11s 48MB C:/Users/bill/AppData/Local/UnrealEngine/4.12/DerivedDataCache/Boot.ddc.
[2016.05.19-00.31.39:740][  0]LogDerivedDataCache:Display: Loaded Boot cache: C:/Users/bill/AppData/Local/UnrealEngine/4.12/DerivedDataCache/Boot.ddc
[2016.05.19-00.31.39:740][  0]LogDerivedDataCache: FDerivedDataBackendGraph:  Pak pak cache file ../../../../../../Users/bill/Documents/Unreal Projects/ProjectMotorcycle/DerivedDataCache/DDC.ddp not found, will not use a pak cache.
[2016.05.19-00.31.39:740][  0]LogDerivedDataCache: Unable to find inner node Pak for hierarchical cache Hierarchy.
[2016.05.19-00.31.39:740][  0]LogDerivedDataCache: FDerivedDataBackendGraph:  CompressedPak pak cache file ../../../../../../Users/bill/Documents/Unreal Projects/ProjectMotorcycle/DerivedDataCache/Compressed.ddp not found, will not use a pak cache.
[2016.05.19-00.31.39:740][  0]LogDerivedDataCache: Unable to find inner node CompressedPak for hierarchical cache Hierarchy.
[2016.05.19-00.31.39:762][  0]LogDerivedDataCache:Display: Pak cache opened for reading ../../../Engine/DerivedDataCache/Compressed.ddp.
[2016.05.19-00.31.39:774][  0]LogDerivedDataCache: Using Local data cache path C:/Users/bill/AppData/Local/UnrealEngine/Common/DerivedDataCache: Writable
[2016.05.19-00.31.41:747][  0]LogInit: Selected Device Profile: [Windows]
[2016.05.19-00.31.41:749][  0]LogContentStreaming: Texture pool size is 0.00 MB
[2016.05.19-00.31.42:040][  0]LogMeshUtilities: No automatic mesh reduction module available
[2016.05.19-00.31.42:040][  0]LogMeshUtilities: No automatic mesh merging module available
[2016.05.19-00.31.42:040][  0]LogMeshUtilities: No distributed automatic mesh merging module available
[2016.05.19-00.31.42:507][  0]LogAssetRegistry: FAssetRegistry took 0.0223 seconds to start up
[2016.05.19-00.31.42:530][  0]LogPackageLocalizationCache: Processed 3 localized package path(s) for 2 prioritized culture(s) in 0.019262 seconds
[2016.05.19-00.31.42:534][  0]LogUObjectArray: 28737 objects as part of root set at end of initial load.
[2016.05.19-00.31.42:534][  0]LogUObjectAllocator: 5854888 out of 0 bytes used by permanent object pool.
[2016.05.19-00.31.42:534][  0]LogUObjectArray: CloseDisregardForGC: 0/0 objects in disregard for GC pool
[2016.05.19-00.31.42:544][  0]LogInit: WinSock: version 1.1 (2.2), MaxSocks=32767, MaxUdp=65467
[2016.05.19-00.31.42:899][  0]LogSlate: SlateFontCache - WITH_FREETYPE: 1, WITH_HARFBUZZ: 1
[2016.05.19-00.31.42:899][  0]LogSlate: SlateFontCache - WITH_FREETYPE: 1, WITH_HARFBUZZ: 1
[2016.05.19-00.31.44:395][  0]LogUdpMessaging: Initializing bridge on interface 0.0.0.0:0 to multicast group 230.0.0.1:6666.
[2016.05.19-00.31.44:662][  0]SourceControl: Info Source control is disabled
[2016.05.19-00.31.44:688][  0]SourceControl: Info Source control is disabled
[2016.05.19-00.31.44:697][  0]SourceControl: Info Source control is disabled
[2016.05.19-00.31.44:706][  0]SourceControl: Info Source control is disabled
[2016.05.19-00.31.44:936][  0]LogEngine: Initializing Engine...
[2016.05.19-00.31.44:954][  0]LogHMD: SteamVR failed to initialize.  Err: 110
[2016.05.19-00.31.44:954][  0]LogHMD: SteamVR failed to initialize.  Err: 110
[2016.05.19-00.31.45:075][  0]LogAIModule: Creating AISystem for world NewWorld
[2016.05.19-00.31.45:085][  0]LogInit: XAudio2 using 'VN279-4 (NVIDIA High Definition Audio)' : 2 channels at 48 kHz using 16 bits per sample (channel mask 0x3)
[2016.05.19-00.31.45:091][  0]LogInit: FAudioDevice initialized.
[2016.05.19-00.31.45:106][  0]LogDerivedDataCache: Saved boot cache 0.01s 48MB C:/Users/bill/AppData/Local/UnrealEngine/4.12/DerivedDataCache/Boot.ddc.
[2016.05.19-00.31.45:111][  0]LogInit: Texture streaming: Enabled
[2016.05.19-00.31.45:146][  0]LogInit: Transaction tracking system initialized
[2016.05.19-00.31.45:186][  0]BlueprintLog: New page: Editor Load
[2016.05.19-00.31.45:385][  0]LocalizationService: Info Localization service is disabled
[2016.05.19-00.31.45:471][  0]LogConsoleResponse:Display: 
[2016.05.19-00.31.45:559][  0]LogCook:Display: Max memory allowance for cook 8192mb
[2016.05.19-00.31.45:559][  0]LogCook:Display: Mobile HDR setting 1
[2016.05.19-00.31.45:698][  0]LogFileCache: Scanning file cache for directory 'C:/Users/bill/Documents/Unreal Projects/ProjectMotorcycle/Content/' took 0.01s
[2016.05.19-00.31.45:698][  0]SourceControl: Info Source control is disabled
[2016.05.19-00.31.45:700][  0]Cmd: MAP LOAD FILE="../../../../../../Users/bill/Documents/Unreal Projects/ProjectMotorcycle/Content/2DSideScrollerBP/Maps/2DSideScrollerExampleMap.umap" TEMPLATE=0 SHOWPROGRESS=1 FEATURELEVEL=3
[2016.05.19-00.31.45:701][  0]LightingResults: New page: Lighting Build
[2016.05.19-00.31.45:712][  0]MapCheck: New page: Map Check
[2016.05.19-00.31.45:712][  0]LightingResults: New page: Lighting Build
[2016.05.19-00.31.45:901][  0]LogAIModule: Creating AISystem for world 2DSideScrollerExampleMap
[2016.05.19-00.31.45:918][  0]LogEditorServer: Finished looking for orphan Actors (0.000 secs)
[2016.05.19-00.31.45:923][  0]Cmd: MAP CHECKDEP NOCLEARLOG
[2016.05.19-00.31.45:948][  0]MapCheck: Info Map check complete: 0 Error(s), 0 Warning(s), took 25.068ms to complete.
[2016.05.19-00.31.45:948][  0]LogFileHelpers: Loading map '2DSideScrollerExampleMap' took 0.249
[2016.05.19-00.31.46:149][  0]LogCollectionManager: Loaded 0 collections in 0.002029 seconds
[2016.05.19-00.31.46:208][  0]LogFileCache: Scanning file cache for directory 'C:/Users/bill/Documents/Unreal Projects/ProjectMotorcycle/Saved/Collections/' took 0.01s
[2016.05.19-00.31.46:208][  0]LogFileCache: Scanning file cache for directory 'C:/Users/bill/Documents/Unreal Projects/ProjectMotorcycle/Content/Developers/bill/Collections/' took 0.01s
[2016.05.19-00.31.46:208][  0]LogFileCache: Scanning file cache for directory 'C:/Users/bill/Documents/Unreal Projects/ProjectMotorcycle/Content/Collections/' took 0.01s
[2016.05.19-00.31.46:208][  0]LogCollectionManager: Rebuilt the GUID cache for 0 collections in 0.000104 seconds
[2016.05.19-00.31.46:215][  0]LogContentBrowser: Native class hierarchy populated in 0.0065 seconds. Added 2047 classes and 369 folders.
[2016.05.19-00.31.46:230][  0]LogStats: UGameplayTagsManager::ConstructGameplayTagTree: Construct from data asset -  0.000 s
[2016.05.19-00.31.46:230][  0]LogStats: UGameplayTagsManager::ConstructGameplayTagTree: GameplayTagTreeChangedEvent.Broadcast -  0.000 s
[2016.05.19-00.31.46:231][  0]LogContentBrowser: Native class hierarchy updated for 'GameplayTags' in 0.0004 seconds. Added 12 classes and 0 folders.
[2016.05.19-00.31.46:237][  0]LogContentBrowser: Native class hierarchy updated for 'WidgetCarousel' in 0.0003 seconds. Added 0 classes and 0 folders.
[2016.05.19-00.31.46:440][  0]LogContentBrowser: Native class hierarchy updated for 'AddContentDialog' in 0.0002 seconds. Added 0 classes and 0 folders.
[2016.05.19-00.31.46:450][  0]LogContentBrowser: Native class hierarchy updated for 'SceneOutliner' in 0.0003 seconds. Added 1 classes and 2 folders.
[2016.05.19-00.31.46:521][  0]LogCrashTracker: Crashtracker disabled due to settings.
[2016.05.19-00.31.46:538][  0]LogUObjectGlobals:Warning: Failed to find object 'Class None.'
[2016.05.19-00.31.46:568][  0]LogContentBrowser: Native class hierarchy updated for 'HierarchicalLODOutliner' in 0.0003 seconds. Added 1 classes and 2 folders.
[2016.05.19-00.31.46:568][  0]LogLoad: Full Startup: 10.37 seconds (BP compile: 0.06 seconds)
[2016.05.19-00.31.46:568][  0]LogExternalProfiler: Found external profiler: VSPerf
[2016.05.19-00.31.46:568][  0]LogExternalProfiler: Using external profiler: VSPerf
[2016.05.19-00.31.46:580][  0]LogOcInput: OculusInput pre-init called
[2016.05.19-00.31.46:612][  0]LogContentStreaming: Texture pool size now 1000 MB
[2016.05.19-00.31.46:766][  0]LogRenderer: Reallocating scene render targets to support 1208x576 (Frame:2).
[2016.05.19-00.31.46:844][  1]LogAssetRegistry: Asset discovery search completed in 4.3587 seconds
[2016.05.19-00.31.46:845][  1]LogCollectionManager: Rebuilt the object cache for 0 collections in 0.000001 seconds (found 0 objects)
[2016.05.19-00.31.46:845][  1]LogCollectionManager: Fixed up redirectors for 0 collections in 0.000321 seconds (updated 0 objects)
[2016.05.19-00.32.05:996][297]LogBlueprintUserMessages: Early PlayInEditor Detection: Level '/Game/2DSideScrollerBP/Maps/2DSideScrollerExampleMap.2DSideScrollerExampleMap:PersistentLevel' has LevelScriptBlueprint '/Game/2DSideScrollerBP/Maps/2DSideScrollerExampleMap.2DSideScrollerExampleMap:PersistentLevel.2DSideScrollerExampleMap' with GeneratedClass '/Game/2DSideScrollerBP/Maps/2DSideScrollerExampleMap.2DSideScrollerExampleMap_C' with ClassGeneratedBy '/Game/2DSideScrollerBP/Maps/2DSideScrollerExampleMap.2DSideScrollerExampleMap:PersistentLevel.2DSideScrollerExampleMap'
[2016.05.19-00.32.05:996][297]LogPlayLevel: PlayLevel: No blueprints needed recompiling
[2016.05.19-00.32.06:003][297]PIE: New page: PIE session: 2DSideScrollerExampleMap (May 18, 2016, 3:32:05 PM)
[2016.05.19-00.32.06:003][297]LogPlayLevel: Creating play world package: /Game/2DSideScrollerBP/Maps/UEDPIE_0_2DSideScrollerExampleMap
[2016.05.19-00.32.06:005][297]LogPlayLevel: PIE: StaticDuplicateObject took: (0.002605s)
[2016.05.19-00.32.06:005][297]LogAIModule: Creating AISystem for world 2DSideScrollerExampleMap
[2016.05.19-00.32.06:005][297]LogPlayLevel: PIE: World Init took: (0.000339s)
[2016.05.19-00.32.06:005][297]LogPlayLevel: PIE: Created PIE world by copying editor world from /Game/2DSideScrollerBP/Maps/2DSideScrollerExampleMap.2DSideScrollerExampleMap to /Game/2DSideScrollerBP/Maps/UEDPIE_0_2DSideScrollerExampleMap.2DSideScrollerExampleMap (0.003425s)
[2016.05.19-00.32.06:019][297]LogInit: XAudio2 using 'VN279-4 (NVIDIA High Definition Audio)' : 2 channels at 48 kHz using 16 bits per sample (channel mask 0x3)
[2016.05.19-00.32.06:022][297]LogInit: FAudioDevice initialized.
[2016.05.19-00.32.06:080][297]LogWorld: Game class is '2DSideScrollerGameMode_C'
[2016.05.19-00.32.06:086][297]LogWorld: Bringing World /Game/2DSideScrollerBP/Maps/UEDPIE_0_2DSideScrollerExampleMap.2DSideScrollerExampleMap up for play (max tick rate 0) at 2016.05.18-20.32.06
[2016.05.19-00.32.06:088][297]LogWorld: Bringing up level for play took: 0.003084
[2016.05.19-00.32.06:097][297]LogContentBrowser: Native class hierarchy updated for 'MovieSceneCapture' in 0.0003 seconds. Added 11 classes and 0 folders.
[2016.05.19-00.32.06:099][297]PIE: Info Play in editor start time for /Game/2DSideScrollerBP/Maps/UEDPIE_0_2DSideScrollerExampleMap 0.394
[2016.05.19-00.32.06:099][297]LogBlueprintUserMessages: Late PlayInEditor Detection: Level '/Game/2DSideScrollerBP/Maps/2DSideScrollerExampleMap.2DSideScrollerExampleMap:PersistentLevel' has LevelScriptBlueprint '/Game/2DSideScrollerBP/Maps/2DSideScrollerExampleMap.2DSideScrollerExampleMap:PersistentLevel.2DSideScrollerExampleMap' with GeneratedClass '/Game/2DSideScrollerBP/Maps/2DSideScrollerExampleMap.2DSideScrollerExampleMap_C' with ClassGeneratedBy '/Game/2DSideScrollerBP/Maps/2DSideScrollerExampleMap.2DSideScrollerExampleMap:PersistentLevel.2DSideScrollerExampleMap'
[2016.05.19-00.32.25:054][569]LogBlueprintUserMessages: Early EndPlayMap Detection: Level '/Game/2DSideScrollerBP/Maps/2DSideScrollerExampleMap.2DSideScrollerExampleMap:PersistentLevel' has LevelScriptBlueprint '/Game/2DSideScrollerBP/Maps/2DSideScrollerExampleMap.2DSideScrollerExampleMap:PersistentLevel.2DSideScrollerExampleMap' with GeneratedClass '/Game/2DSideScrollerBP/Maps/2DSideScrollerExampleMap.2DSideScrollerExampleMap_C' with ClassGeneratedBy '/Game/2DSideScrollerBP/Maps/2DSideScrollerExampleMap.2DSideScrollerExampleMap:PersistentLevel.2DSideScrollerExampleMap'
[2016.05.19-00.32.25:084][569]LogBlueprintUserMessages: Late EndPlayMap Detection: Level '/Game/2DSideScrollerBP/Maps/2DSideScrollerExampleMap.2DSideScrollerExampleMap:PersistentLevel' has LevelScriptBlueprint '/Game/2DSideScrollerBP/Maps/2DSideScrollerExampleMap.2DSideScrollerExampleMap:PersistentLevel.2DSideScrollerExampleMap' with GeneratedClass '/Game/2DSideScrollerBP/Maps/2DSideScrollerExampleMap.2DSideScrollerExampleMap_C' with ClassGeneratedBy '/Game/2DSideScrollerBP/Maps/2DSideScrollerExampleMap.2DSideScrollerExampleMap:PersistentLevel.2DSideScrollerExampleMap'
[2016.05.19-00.37.16:107][529]LogMetaData: Removing '/Game/Maps/2DSideScrollerExampleMap.SKEL_2DSideScrollerExampleMap_C' ref from Metadata '/Game/2DSideScrollerBP/Maps/2DSideScrollerExampleMap.PackageMetaData'
[2016.05.19-00.37.16:107][529]LogMetaData: Removing '/Game/Maps/2DSideScrollerExampleMap.2DSideScrollerExampleMap_C' ref from Metadata '/Game/2DSideScrollerBP/Maps/2DSideScrollerExampleMap.PackageMetaData'
[2016.05.19-00.37.16:213][529]LogSavePackage: Save=47.08ms
[2016.05.19-00.37.16:213][529]LogSavePackage: Moving '../../../../../../Users/bill/Documents/Unreal Projects/ProjectMotorcycle/Saved/2DSideScrollerExampleMap693391E34F4D4AFF3B2BD39912DBEC05.tmp' to '../../../../../../Users/bill/Documents/Unreal Projects/ProjectMotorcycle/Content/Maps/2DSideScrollerExampleMap.umap'
[2016.05.19-00.37.16:215][529]LogSavePackage:Display: Finished SavePackage ../../../../../../Users/bill/Documents/Unreal Projects/ProjectMotorcycle/Content/Maps/2DSideScrollerExampleMap.umap
[2016.05.19-00.37.16:227][529]LogFileHelpers: Saving map '2DSideScrollerExampleMap' took 0.101
[2016.05.19-00.37.30:141][961]LogMetaData: Removing '/Game/Player/2DSideScrollerCharacter.2DSideScrollerCharacter_C' ref from Metadata '/Game/2DSideScrollerBP/Blueprints/2DSideScrollerCharacter.PackageMetaData'
[2016.05.19-00.37.30:141][961]LogMetaData: Removing '/Game/Player/2DSideScrollerCharacter.2DSideScrollerCharacter_C:InpTchEvt_EdGraphPin_68' ref from Metadata '/Game/2DSideScrollerBP/Blueprints/2DSideScrollerCharacter.PackageMetaData'
[2016.05.19-00.37.30:141][961]LogMetaData: Removing '/Game/Player/2DSideScrollerCharacter.2DSideScrollerCharacter_C:InpTchEvt_EdGraphPin_67' ref from Metadata '/Game/2DSideScrollerBP/Blueprints/2DSideScrollerCharacter.PackageMetaData'
[2016.05.19-00.37.30:141][961]LogMetaData: Removing '/Game/Player/2DSideScrollerCharacter.2DSideScrollerCharacter_C:InpAxisEvt_MoveRight_K2Node_InputAxisEvent_5' ref from Metadata '/Game/2DSideScrollerBP/Blueprints/2DSideScrollerCharacter.PackageMetaData'
[2016.05.19-00.37.30:141][961]LogMetaData: Removing '/Game/Player/2DSideScrollerCharacter.2DSideScrollerCharacter_C:ExecuteUbergraph_2DSideScrollerCharacter' ref from Metadata '/Game/2DSideScrollerBP/Blueprints/2DSideScrollerCharacter.PackageMetaData'
[2016.05.19-00.37.30:141][961]LogMetaData: Removing '/Game/Player/2DSideScrollerCharacter.2DSideScrollerCharacter_C:UserConstructionScript' ref from Metadata '/Game/2DSideScrollerBP/Blueprints/2DSideScrollerCharacter.PackageMetaData'
[2016.05.19-00.37.30:141][961]LogMetaData: Removing '/Game/Player/2DSideScrollerCharacter.2DSideScrollerCharacter_C:ReceiveBeginPlay' ref from Metadata '/Game/2DSideScrollerBP/Blueprints/2DSideScrollerCharacter.PackageMetaData'
[2016.05.19-00.37.30:141][961]LogMetaData: Removing '/Game/Player/2DSideScrollerCharacter.2DSideScrollerCharacter_C:ReceiveTick' ref from Metadata '/Game/2DSideScrollerBP/Blueprints/2DSideScrollerCharacter.PackageMetaData'
[2016.05.19-00.37.30:141][961]LogMetaData: Removing '/Game/Player/2DSideScrollerCharacter.2DSideScrollerCharacter_C:SideViewCameraComponent' ref from Metadata '/Game/2DSideScrollerBP/Blueprints/2DSideScrollerCharacter.PackageMetaData'
[2016.05.19-00.37.30:141][961]LogMetaData: Removing '/Game/Player/2DSideScrollerCharacter.2DSideScrollerCharacter_C:CameraBoom' ref from Metadata '/Game/2DSideScrollerBP/Blueprints/2DSideScrollerCharacter.PackageMetaData'
[2016.05.19-00.37.30:141][961]LogMetaData: Removing '/Game/Player/2DSideScrollerCharacter.2DSideScrollerCharacter_C:bisMovingRight' ref from Metadata '/Game/2DSideScrollerBP/Blueprints/2DSideScrollerCharacter.PackageMetaData'
[2016.05.19-00.37.30:141][961]LogMetaData: Removing '/Game/Player/2DSideScrollerCharacter.SKEL_2DSideScrollerCharacter_C:bisMovingRight' ref from Metadata '/Game/2DSideScrollerBP/Blueprints/2DSideScrollerCharacter.PackageMetaData'
[2016.05.19-00.37.30:141][961]LogMetaData: Removing '/Game/Player/2DSideScrollerCharacter.SKEL_2DSideScrollerCharacter_C:CameraBoom' ref from Metadata '/Game/2DSideScrollerBP/Blueprints/2DSideScrollerCharacter.PackageMetaData'
[2016.05.19-00.37.30:141][961]LogMetaData: Removing '/Game/Player/2DSideScrollerCharacter.SKEL_2DSideScrollerCharacter_C:SideViewCameraComponent' ref from Metadata '/Game/2DSideScrollerBP/Blueprints/2DSideScrollerCharacter.PackageMetaData'
[2016.05.19-00.37.30:141][961]LogMetaData: Removing '/Game/Player/2DSideScrollerCharacter.SKEL_2DSideScrollerCharacter_C:ReceiveTick' ref from Metadata '/Game/2DSideScrollerBP/Blueprints/2DSideScrollerCharacter.PackageMetaData'
[2016.05.19-00.37.30:141][961]LogMetaData: Removing '/Game/Player/2DSideScrollerCharacter.SKEL_2DSideScrollerCharacter_C:ReceiveBeginPlay' ref from Metadata '/Game/2DSideScrollerBP/Blueprints/2DSideScrollerCharacter.PackageMetaData'
[2016.05.19-00.37.30:141][961]LogMetaData: Removing '/Game/Player/2DSideScrollerCharacter.SKEL_2DSideScrollerCharacter_C:UserConstructionScript' ref from Metadata '/Game/2DSideScrollerBP/Blueprints/2DSideScrollerCharacter.PackageMetaData'
[2016.05.19-00.37.30:141][961]LogMetaData: Removing '/Game/Player/2DSideScrollerCharacter.SKEL_2DSideScrollerCharacter_C:ExecuteUbergraph_2DSideScrollerCharacter' ref from Metadata '/Game/2DSideScrollerBP/Blueprints/2DSideScrollerCharacter.PackageMetaData'
[2016.05.19-00.37.30:141][961]LogMetaData: Removing '/Game/Player/2DSideScrollerCharacter.SKEL_2DSideScrollerCharacter_C:InpAxisEvt_MoveRight_K2Node_InputAxisEvent_5' ref from Metadata '/Game/2DSideScrollerBP/Blueprints/2DSideScrollerCharacter.PackageMetaData'
[2016.05.19-00.37.30:141][961]LogMetaData: Removing '/Game/Player/2DSideScrollerCharacter.SKEL_2DSideScrollerCharacter_C' ref from Metadata '/Game/2DSideScrollerBP/Blueprints/2DSideScrollerCharacter.PackageMetaData'
[2016.05.19-00.37.30:201][961]LogSavePackage: Save=37.39ms
[2016.05.19-00.37.30:201][961]LogSavePackage: Moving '../../../../../../Users/bill/Documents/Unreal Projects/ProjectMotorcycle/Saved/2DSideScrollerCharacter557A2EEE4A90B8F3968DB4B5863AB70A.tmp' to '../../../../../../Users/bill/Documents/Unreal Projects/ProjectMotorcycle/Content/Player/2DSideScrollerCharacter.uasset'
[2016.05.19-00.37.30:202][961]LogSavePackage:Display: Finished SavePackage ../../../../../../Users/bill/Documents/Unreal Projects/ProjectMotorcycle/Content/Player/2DSideScrollerCharacter.uasset
[2016.05.19-00.37.30:219][961]LogSavePackage: Save=7.61ms
[2016.05.19-00.37.30:219][961]LogSavePackage: Moving '../../../../../../Users/bill/Documents/Unreal Projects/ProjectMotorcycle/Saved/2DSideScrollerCharacterD776830445A70F0171F25FAC79EA1102.tmp' to '../../../../../../Users/bill/Documents/Unreal Projects/ProjectMotorcycle/Content/2DSideScrollerBP/Blueprints/2DSideScrollerCharacter.uasset'
[2016.05.19-00.37.30:223][961]LogSavePackage:Display: Finished SavePackage ../../../../../../Users/bill/Documents/Unreal Projects/ProjectMotorcycle/Content/2DSideScrollerBP/Blueprints/2DSideScrollerCharacter.uasset
[2016.05.19-00.37.54:941][548]LogMetaData: Removing '/Game/GameModes/2DSideScrollerGameMode.2DSideScrollerGameMode_C' ref from Metadata '/Game/2DSideScrollerBP/Blueprints/2DSideScrollerGameMode.PackageMetaData'
[2016.05.19-00.37.54:941][548]LogMetaData: Removing '/Game/GameModes/2DSideScrollerGameMode.2DSideScrollerGameMode_C:DefaultSceneRoot' ref from Metadata '/Game/2DSideScrollerBP/Blueprints/2DSideScrollerGameMode.PackageMetaData'
[2016.05.19-00.37.54:941][548]LogMetaData: Removing '/Game/GameModes/2DSideScrollerGameMode.2DSideScrollerGameMode_C:UserConstructionScript' ref from Metadata '/Game/2DSideScrollerBP/Blueprints/2DSideScrollerGameMode.PackageMetaData'
[2016.05.19-00.37.54:941][548]LogMetaData: Removing '/Game/GameModes/2DSideScrollerGameMode.SKEL_2DSideScrollerGameMode_C:DefaultSceneRoot' ref from Metadata '/Game/2DSideScrollerBP/Blueprints/2DSideScrollerGameMode.PackageMetaData'
[2016.05.19-00.37.54:941][548]LogMetaData: Removing '/Game/GameModes/2DSideScrollerGameMode.SKEL_2DSideScrollerGameMode_C:UserConstructionScript' ref from Metadata '/Game/2DSideScrollerBP/Blueprints/2DSideScrollerGameMode.PackageMetaData'
[2016.05.19-00.37.54:941][548]LogMetaData: Removing '/Game/GameModes/2DSideScrollerGameMode.SKEL_2DSideScrollerGameMode_C' ref from Metadata '/Game/2DSideScrollerBP/Blueprints/2DSideScrollerGameMode.PackageMetaData'
[2016.05.19-00.37.54:991][548]LogSavePackage: Save=7.14ms
[2016.05.19-00.37.54:991][548]LogSavePackage: Moving '../../../../../../Users/bill/Documents/Unreal Projects/ProjectMotorcycle/Saved/2DSideScrollerGameMode8529A2CA4822DA61D6DE3996EB901EB0.tmp' to '../../../../../../Users/bill/Documents/Unreal Projects/ProjectMotorcycle/Content/GameModes/2DSideScrollerGameMode.uasset'
[2016.05.19-00.37.54:992][548]LogSavePackage:Display: Finished SavePackage ../../../../../../Users/bill/Documents/Unreal Projects/ProjectMotorcycle/Content/GameModes/2DSideScrollerGameMode.uasset
[2016.05.19-00.37.55:007][548]LogSavePackage: Save=6.51ms
[2016.05.19-00.37.55:007][548]LogSavePackage: Moving '../../../../../../Users/bill/Documents/Unreal Projects/ProjectMotorcycle/Saved/2DSideScrollerGameMode2BB6C84F4057B24E744789A14955F79D.tmp' to '../../../../../../Users/bill/Documents/Unreal Projects/ProjectMotorcycle/Content/2DSideScrollerBP/Blueprints/2DSideScrollerGameMode.uasset'
[2016.05.19-00.37.55:009][548]LogSavePackage:Display: Finished SavePackage ../../../../../../Users/bill/Documents/Unreal Projects/ProjectMotorcycle/Content/2DSideScrollerBP/Blueprints/2DSideScrollerGameMode.uasset
[2016.05.19-00.39.40:913][905]LogTexture:Display: Building textures: 2DBackgroundTile (AutoDXT)
[2016.05.19-00.39.40:919][905]LogMaterial: Missing cached shader map for material PrototypingSpriteMaterial, compiling. 
[2016.05.19-00.39.43:272][138]LogSavePackage: Save=10.66ms
[2016.05.19-00.39.43:272][138]LogSavePackage: Moving '../../../../../../Users/bill/Documents/Unreal Projects/ProjectMotorcycle/Saved/PrototypingSpriteMaterialCB494ABA433B2534B68AE5A9AC5211D3.tmp' to '../../../../../../Users/bill/Documents/Unreal Projects/ProjectMotorcycle/Content/Shared/Materials/PrototypingSpriteMaterial.uasset'
[2016.05.19-00.39.43:273][138]LogSavePackage:Display: Finished SavePackage ../../../../../../Users/bill/Documents/Unreal Projects/ProjectMotorcycle/Content/Shared/Materials/PrototypingSpriteMaterial.uasset
[2016.05.19-00.39.43:394][138]LogSavePackage: Save=5.43ms
[2016.05.19-00.39.43:394][138]LogSavePackage: Moving '../../../../../../Users/bill/Documents/Unreal Projects/ProjectMotorcycle/Saved/PrototypingSprite741023F74674DD5DEB2572A9953FFF16.tmp' to '../../../../../../Users/bill/Documents/Unreal Projects/ProjectMotorcycle/Content/2DSideScroller/Sprites/PrototypingSprite.uasset'
[2016.05.19-00.39.43:395][138]LogSavePackage:Display: Finished SavePackage ../../../../../../Users/bill/Documents/Unreal Projects/ProjectMotorcycle/Content/2DSideScroller/Sprites/PrototypingSprite.uasset
[2016.05.19-00.40.17:074][671]Cmd: OBJ SAVEPACKAGE PACKAGE="/Game/Shared/Textures/2DBackground" FILE="../../../../../../Users/bill/Documents/Unreal Projects/ProjectMotorcycle/Content/Shared/Textures/2DBackground.uasset" SILENT=true
[2016.05.19-00.40.17:086][671]LogSavePackage: Save=10.39ms
[2016.05.19-00.40.17:086][671]LogSavePackage: Moving '../../../../../../Users/bill/Documents/Unreal Projects/ProjectMotorcycle/Saved/2DBackground5EF693A4483421DF528D55B079E9AD79.tmp' to '../../../../../../Users/bill/Documents/Unreal Projects/ProjectMotorcycle/Content/Shared/Textures/2DBackground.uasset'
[2016.05.19-00.40.17:087][671]LogSavePackage:Display: Finished SavePackage ../../../../../../Users/bill/Documents/Unreal Projects/ProjectMotorcycle/Content/Shared/Textures/2DBackground.uasset
[2016.05.19-00.40.17:101][671]LogSavePackage: Save=5.18ms
[2016.05.19-00.40.17:101][671]LogSavePackage: Moving '../../../../../../Users/bill/Documents/Unreal Projects/ProjectMotorcycle/Saved/2DBackgroundBlockAtlasF25A71F24F827722040587AF1119112E.tmp' to '../../../../../../Users/bill/Documents/Unreal Projects/ProjectMotorcycle/Content/Shared/Textures/2DBackgroundBlockAtlas.uasset'
[2016.05.19-00.40.17:103][671]LogSavePackage:Display: Finished SavePackage ../../../../../../Users/bill/Documents/Unreal Projects/ProjectMotorcycle/Content/Shared/Textures/2DBackgroundBlockAtlas.uasset
[2016.05.19-00.40.17:119][671]LogSavePackage: Save=4.54ms
[2016.05.19-00.40.17:119][671]LogSavePackage: Moving '../../../../../../Users/bill/Documents/Unreal Projects/ProjectMotorcycle/Saved/2DBackgroundTileB4D0E07C4AE2DAC32EF5998B6C6E2D6C.tmp' to '../../../../../../Users/bill/Documents/Unreal Projects/ProjectMotorcycle/Content/Shared/Textures/2DBackgroundTile.uasset'
[2016.05.19-00.40.17:120][671]LogSavePackage:Display: Finished SavePackage ../../../../../../Users/bill/Documents/Unreal Projects/ProjectMotorcycle/Content/Shared/Textures/2DBackgroundTile.uasset
[2016.05.19-00.40.17:267][671]LogSavePackage: Save=6.88ms
[2016.05.19-00.40.17:267][671]LogSavePackage: Moving '../../../../../../Users/bill/Documents/Unreal Projects/ProjectMotorcycle/Saved/Background_SpriteE0B962C34386D23D7FE765A1430FEBEF.tmp' to '../../../../../../Users/bill/Documents/Unreal Projects/ProjectMotorcycle/Content/2DSideScroller/Sprites/Background_Sprite.uasset'
[2016.05.19-00.40.17:268][671]LogSavePackage:Display: Finished SavePackage ../../../../../../Users/bill/Documents/Unreal Projects/ProjectMotorcycle/Content/2DSideScroller/Sprites/Background_Sprite.uasset
[2016.05.19-00.40.17:294][671]Cmd: OBJ SAVEPACKAGE PACKAGE="/Game/2DSideScroller/Sprites/Ledge" FILE="../../../../../../Users/bill/Documents/Unreal Projects/ProjectMotorcycle/Content/2DSideScroller/Sprites/Ledge.uasset" SILENT=true
[2016.05.19-00.40.17:303][671]LogSavePackage: Save=5.17ms
[2016.05.19-00.40.17:303][671]LogSavePackage: Moving '../../../../../../Users/bill/Documents/Unreal Projects/ProjectMotorcycle/Saved/Ledge8C5DD79942B428D5D96ABA9827794243.tmp' to '../../../../../../Users/bill/Documents/Unreal Projects/ProjectMotorcycle/Content/2DSideScroller/Sprites/Ledge.uasset'
[2016.05.19-00.40.17:304][671]LogSavePackage:Display: Finished SavePackage ../../../../../../Users/bill/Documents/Unreal Projects/ProjectMotorcycle/Content/2DSideScroller/Sprites/Ledge.uasset
[2016.05.19-00.40.17:315][671]LogSavePackage: Save=5.27ms
[2016.05.19-00.40.17:315][671]LogSavePackage: Moving '../../../../../../Users/bill/Documents/Unreal Projects/ProjectMotorcycle/Saved/PrototypingSpriteMaterial1662D498432F6170B4EB5787AD0BCADF.tmp' to '../../../../../../Users/bill/Documents/Unreal Projects/ProjectMotorcycle/Content/Shared/Materials/PrototypingSpriteMaterial.uasset'
[2016.05.19-00.40.17:316][671]LogSavePackage:Display: Finished SavePackage ../../../../../../Users/bill/Documents/Unreal Projects/ProjectMotorcycle/Content/Shared/Materials/PrototypingSpriteMaterial.uasset
[2016.05.19-00.40.17:323][671]LogSavePackage: Save=3.08ms
[2016.05.19-00.40.17:323][671]LogSavePackage: Moving '../../../../../../Users/bill/Documents/Unreal Projects/ProjectMotorcycle/Saved/PrototypingSprite66C66ECD42B46082CD16C1A8D512BC30.tmp' to '../../../../../../Users/bill/Documents/Unreal Projects/ProjectMotorcycle/Content/2DSideScroller/Sprites/PrototypingSprite.uasset'
[2016.05.19-00.40.17:324][671]LogSavePackage:Display: Finished SavePackage ../../../../../../Users/bill/Documents/Unreal Projects/ProjectMotorcycle/Content/2DSideScroller/Sprites/PrototypingSprite.uasset
[2016.05.19-00.40.35:060][491]LogSavePackage: Save=9.93ms
[2016.05.19-00.40.35:060][491]LogSavePackage: Moving '../../../../../../Users/bill/Documents/Unreal Projects/ProjectMotorcycle/Saved/2DCharacter_IdleAnimAtlas5D4BD1D54E4ABA17C4E4B694EA74C96B.tmp' to '../../../../../../Users/bill/Documents/Unreal Projects/ProjectMotorcycle/Content/Player/Textures/2DCharacter_IdleAnimAtlas.uasset'
[2016.05.19-00.40.35:061][491]LogSavePackage:Display: Finished SavePackage ../../../../../../Users/bill/Documents/Unreal Projects/ProjectMotorcycle/Content/Player/Textures/2DCharacter_IdleAnimAtlas.uasset
[2016.05.19-00.40.35:083][491]LogSavePackage: Save=11.33ms
[2016.05.19-00.40.35:083][491]LogSavePackage: Moving '../../../../../../Users/bill/Documents/Unreal Projects/ProjectMotorcycle/Saved/2DCharacter_RunAnimAtlas41E87FE740788CF9D0B0B6B6B1F1BDA5.tmp' to '../../../../../../Users/bill/Documents/Unreal Projects/ProjectMotorcycle/Content/Player/Textures/2DCharacter_RunAnimAtlas.uasset'
[2016.05.19-00.40.35:085][491]LogSavePackage:Display: Finished SavePackage ../../../../../../Users/bill/Documents/Unreal Projects/ProjectMotorcycle/Content/Player/Textures/2DCharacter_RunAnimAtlas.uasset
[2016.05.19-00.40.35:235][491]LogSavePackage: Save=7.34ms
[2016.05.19-00.40.35:235][491]LogSavePackage: Moving '../../../../../../Users/bill/Documents/Unreal Projects/ProjectMotorcycle/Saved/IdleCycle1534ABCD84EACB9F74994EBA1782F10D5.tmp' to '../../../../../../Users/bill/Documents/Unreal Projects/ProjectMotorcycle/Content/2dSideScroller/Sprites/IdleFrames/IdleCycle1.uasset'
[2016.05.19-00.40.35:236][491]LogSavePackage:Display: Finished SavePackage ../../../../../../Users/bill/Documents/Unreal Projects/ProjectMotorcycle/Content/2dSideScroller/Sprites/IdleFrames/IdleCycle1.uasset
[2016.05.19-00.40.35:273][491]LogSavePackage: Save=8.85ms
[2016.05.19-00.40.35:273][491]LogSavePackage: Moving '../../../../../../Users/bill/Documents/Unreal Projects/ProjectMotorcycle/Saved/IdleCycle22AEAC7B54F84AF65CA55DAAA6A917C3F.tmp' to '../../../../../../Users/bill/Documents/Unreal Projects/ProjectMotorcycle/Content/2dSideScroller/Sprites/IdleFrames/IdleCycle2.uasset'
[2016.05.19-00.40.35:274][491]LogSavePackage:Display: Finished SavePackage ../../../../../../Users/bill/Documents/Unreal Projects/ProjectMotorcycle/Content/2dSideScroller/Sprites/IdleFrames/IdleCycle2.uasset
[2016.05.19-00.40.35:296][491]LogSavePackage: Save=6.48ms
[2016.05.19-00.40.35:296][491]LogSavePackage: Moving '../../../../../../Users/bill/Documents/Unreal Projects/ProjectMotorcycle/Saved/IdleCycle34CD5FB454B766ED66626AD801E53C1E6.tmp' to '../../../../../../Users/bill/Documents/Unreal Projects/ProjectMotorcycle/Content/2dSideScroller/Sprites/IdleFrames/IdleCycle3.uasset'
[2016.05.19-00.40.35:297][491]LogSavePackage:Display: Finished SavePackage ../../../../../../Users/bill/Documents/Unreal Projects/ProjectMotorcycle/Content/2dSideScroller/Sprites/IdleFrames/IdleCycle3.uasset
[2016.05.19-00.40.35:318][491]LogSavePackage: Save=6.82ms
[2016.05.19-00.40.35:318][491]LogSavePackage: Moving '../../../../../../Users/bill/Documents/Unreal Projects/ProjectMotorcycle/Saved/IdleCycle48318F3AD43270FC56DC1EBAC1ACFE961.tmp' to '../../../../../../Users/bill/Documents/Unreal Projects/ProjectMotorcycle/Content/2dSideScroller/Sprites/IdleFrames/IdleCycle4.uasset'
[2016.05.19-00.40.35:319][491]LogSavePackage:Display: Finished SavePackage ../../../../../../Users/bill/Documents/Unreal Projects/ProjectMotorcycle/Content/2dSideScroller/Sprites/IdleFrames/IdleCycle4.uasset
[2016.05.19-00.40.35:340][491]LogSavePackage: Save=6.32ms
[2016.05.19-00.40.35:340][491]LogSavePackage: Moving '../../../../../../Users/bill/Documents/Unreal Projects/ProjectMotorcycle/Saved/IdleCycle5F279EDD445A9A5CC3679A9813609D03E.tmp' to '../../../../../../Users/bill/Documents/Unreal Projects/ProjectMotorcycle/Content/2dSideScroller/Sprites/IdleFrames/IdleCycle5.uasset'
[2016.05.19-00.40.35:342][491]LogSavePackage:Display: Finished SavePackage ../../../../../../Users/bill/Documents/Unreal Projects/ProjectMotorcycle/Content/2dSideScroller/Sprites/IdleFrames/IdleCycle5.uasset
[2016.05.19-00.40.35:363][491]LogSavePackage: Save=6.86ms
[2016.05.19-00.40.35:363][491]LogSavePackage: Moving '../../../../../../Users/bill/Documents/Unreal Projects/ProjectMotorcycle/Saved/IdleCycle658D0B2734462C6C7FC9008B6ED662826.tmp' to '../../../../../../Users/bill/Documents/Unreal Projects/ProjectMotorcycle/Content/2dSideScroller/Sprites/IdleFrames/IdleCycle6.uasset'
[2016.05.19-00.40.35:364][491]LogSavePackage:Display: Finished SavePackage ../../../../../../Users/bill/Documents/Unreal Projects/ProjectMotorcycle/Content/2dSideScroller/Sprites/IdleFrames/IdleCycle6.uasset
[2016.05.19-00.40.35:405][491]LogSavePackage: Save=6.70ms
[2016.05.19-00.40.35:405][491]LogSavePackage: Moving '../../../../../../Users/bill/Documents/Unreal Projects/ProjectMotorcycle/Saved/IdleCycle7F842843649661C1D95C9689EE3522396.tmp' to '../../../../../../Users/bill/Documents/Unreal Projects/ProjectMotorcycle/Content/2dSideScroller/Sprites/IdleFrames/IdleCycle7.uasset'
[2016.05.19-00.40.35:407][491]LogSavePackage:Display: Finished SavePackage ../../../../../../Users/bill/Documents/Unreal Projects/ProjectMotorcycle/Content/2dSideScroller/Sprites/IdleFrames/IdleCycle7.uasset
[2016.05.19-00.40.35:431][491]LogSavePackage: Save=6.38ms
[2016.05.19-00.40.35:431][491]LogSavePackage: Moving '../../../../../../Users/bill/Documents/Unreal Projects/ProjectMotorcycle/Saved/IdleCycle854D0915E46463DA92997CDB66EEC1D9C.tmp' to '../../../../../../Users/bill/Documents/Unreal Projects/ProjectMotorcycle/Content/2dSideScroller/Sprites/IdleFrames/IdleCycle8.uasset'
[2016.05.19-00.40.35:432][491]LogSavePackage:Display: Finished SavePackage ../../../../../../Users/bill/Documents/Unreal Projects/ProjectMotorcycle/Content/2dSideScroller/Sprites/IdleFrames/IdleCycle8.uasset
[2016.05.19-00.40.35:476][491]LogSavePackage: Save=8.14ms
[2016.05.19-00.40.35:476][491]LogSavePackage: Moving '../../../../../../Users/bill/Documents/Unreal Projects/ProjectMotorcycle/Saved/RunCycle_1B1B5D79D40C1D6B4EA075885E667BD8D.tmp' to '../../../../../../Users/bill/Documents/Unreal Projects/ProjectMotorcycle/Content/2dSideScroller/Sprites/RunFrames/RunCycle_1.uasset'
[2016.05.19-00.40.35:477][491]LogSavePackage:Display: Finished SavePackage ../../../../../../Users/bill/Documents/Unreal Projects/ProjectMotorcycle/Content/2dSideScroller/Sprites/RunFrames/RunCycle_1.uasset
[2016.05.19-00.40.35:499][491]LogSavePackage: Save=6.48ms
[2016.05.19-00.40.35:499][491]LogSavePackage: Moving '../../../../../../Users/bill/Documents/Unreal Projects/ProjectMotorcycle/Saved/RunCycle_10FB8E43294C4DFAE431ADE0BAF0FB59A7.tmp' to '../../../../../../Users/bill/Documents/Unreal Projects/ProjectMotorcycle/Content/2dSideScroller/Sprites/RunFrames/RunCycle_10.uasset'
[2016.05.19-00.40.35:500][491]LogSavePackage:Display: Finished SavePackage ../../../../../../Users/bill/Documents/Unreal Projects/ProjectMotorcycle/Content/2dSideScroller/Sprites/RunFrames/RunCycle_10.uasset
[2016.05.19-00.40.35:519][491]LogSavePackage: Save=6.49ms
[2016.05.19-00.40.35:519][491]LogSavePackage: Moving '../../../../../../Users/bill/Documents/Unreal Projects/ProjectMotorcycle/Saved/RunCycle_1149C09DFA43E3786F2DDD66AEAE10348C.tmp' to '../../../../../../Users/bill/Documents/Unreal Projects/ProjectMotorcycle/Content/2dSideScroller/Sprites/RunFrames/RunCycle_11.uasset'
[2016.05.19-00.40.35:520][491]LogSavePackage:Display: Finished SavePackage ../../../../../../Users/bill/Documents/Unreal Projects/ProjectMotorcycle/Content/2dSideScroller/Sprites/RunFrames/RunCycle_11.uasset
[2016.05.19-00.40.35:556][491]LogSavePackage: Save=6.53ms
[2016.05.19-00.40.35:556][491]LogSavePackage: Moving '../../../../../../Users/bill/Documents/Unreal Projects/ProjectMotorcycle/Saved/RunCycle_12D2619CDF4F39AA687F95409AF8402332.tmp' to '../../../../../../Users/bill/Documents/Unreal Projects/ProjectMotorcycle/Content/2dSideScroller/Sprites/RunFrames/RunCycle_12.uasset'
[2016.05.19-00.40.35:557][491]LogSavePackage:Display: Finished SavePackage ../../../../../../Users/bill/Documents/Unreal Projects/ProjectMotorcycle/Content/2dSideScroller/Sprites/RunFrames/RunCycle_12.uasset
[2016.05.19-00.40.35:579][491]LogSavePackage: Save=6.48ms
[2016.05.19-00.40.35:579][491]LogSavePackage: Moving '../../../../../../Users/bill/Documents/Unreal Projects/ProjectMotorcycle/Saved/RunCycle_1318DA345747708C824BE3FAB50C329B84.tmp' to '../../../../../../Users/bill/Documents/Unreal Projects/ProjectMotorcycle/Content/2dSideScroller/Sprites/RunFrames/RunCycle_13.uasset'
[2016.05.19-00.40.35:580][491]LogSavePackage:Display: Finished SavePackage ../../../../../../Users/bill/Documents/Unreal Projects/ProjectMotorcycle/Content/2dSideScroller/Sprites/RunFrames/RunCycle_13.uasset
[2016.05.19-00.40.35:600][491]LogSavePackage: Save=6.53ms
[2016.05.19-00.40.35:600][491]LogSavePackage: Moving '../../../../../../Users/bill/Documents/Unreal Projects/ProjectMotorcycle/Saved/RunCycle_1416280D6643BD9BD04EF538AAA5969AFD.tmp' to '../../../../../../Users/bill/Documents/Unreal Projects/ProjectMotorcycle/Content/2dSideScroller/Sprites/RunFrames/RunCycle_14.uasset'
[2016.05.19-00.40.35:601][491]LogSavePackage:Display: Finished SavePackage ../../../../../../Users/bill/Documents/Unreal Projects/ProjectMotorcycle/Content/2dSideScroller/Sprites/RunFrames/RunCycle_14.uasset
[2016.05.19-00.40.35:639][491]LogSavePackage: Save=8.79ms
[2016.05.19-00.40.35:639][491]LogSavePackage: Moving '../../../../../../Users/bill/Documents/Unreal Projects/ProjectMotorcycle/Saved/RunCycle_151DE599E046EC9AFB0D5AE98E144A1877.tmp' to '../../../../../../Users/bill/Documents/Unreal Projects/ProjectMotorcycle/Content/2dSideScroller/Sprites/RunFrames/RunCycle_15.uasset'
[2016.05.19-00.40.35:640][491]LogSavePackage:Display: Finished SavePackage ../../../../../../Users/bill/Documents/Unreal Projects/ProjectMotorcycle/Content/2dSideScroller/Sprites/RunFrames/RunCycle_15.uasset
[2016.05.19-00.40.35:662][491]LogSavePackage: Save=6.61ms
[2016.05.19-00.40.35:662][491]LogSavePackage: Moving '../../../../../../Users/bill/Documents/Unreal Projects/ProjectMotorcycle/Saved/RunCycle_16B440D28646BE9AFF05E6FE8DD6174842.tmp' to '../../../../../../Users/bill/Documents/Unreal Projects/ProjectMotorcycle/Content/2dSideScroller/Sprites/RunFrames/RunCycle_16.uasset'
[2016.05.19-00.40.35:663][491]LogSavePackage:Display: Finished SavePackage ../../../../../../Users/bill/Documents/Unreal Projects/ProjectMotorcycle/Content/2dSideScroller/Sprites/RunFrames/RunCycle_16.uasset
[2016.05.19-00.40.35:708][491]LogSavePackage: Save=8.20ms
[2016.05.19-00.40.35:708][491]LogSavePackage: Moving '../../../../../../Users/bill/Documents/Unreal Projects/ProjectMotorcycle/Saved/RunCycle_280874604494CFC2513AC95B25F39527A.tmp' to '../../../../../../Users/bill/Documents/Unreal Projects/ProjectMotorcycle/Content/2dSideScroller/Sprites/RunFrames/RunCycle_2.uasset'
[2016.05.19-00.40.35:709][491]LogSavePackage:Display: Finished SavePackage ../../../../../../Users/bill/Documents/Unreal Projects/ProjectMotorcycle/Content/2dSideScroller/Sprites/RunFrames/RunCycle_2.uasset
[2016.05.19-00.40.35:728][491]LogSavePackage: Save=6.57ms
[2016.05.19-00.40.35:729][491]LogSavePackage: Moving '../../../../../../Users/bill/Documents/Unreal Projects/ProjectMotorcycle/Saved/RunCycle_3BEB8EC0E480B76591FDE998734837E53.tmp' to '../../../../../../Users/bill/Documents/Unreal Projects/ProjectMotorcycle/Content/2dSideScroller/Sprites/RunFrames/RunCycle_3.uasset'
[2016.05.19-00.40.35:730][491]LogSavePackage:Display: Finished SavePackage ../../../../../../Users/bill/Documents/Unreal Projects/ProjectMotorcycle/Content/2dSideScroller/Sprites/RunFrames/RunCycle_3.uasset
[2016.05.19-00.40.35:749][491]LogSavePackage: Save=6.63ms
[2016.05.19-00.40.35:749][491]LogSavePackage: Moving '../../../../../../Users/bill/Documents/Unreal Projects/ProjectMotorcycle/Saved/RunCycle_4A86D3C9A4FB5C3925D5CE581915E8A7F.tmp' to '../../../../../../Users/bill/Documents/Unreal Projects/ProjectMotorcycle/Content/2dSideScroller/Sprites/RunFrames/RunCycle_4.uasset'
[2016.05.19-00.40.35:750][491]LogSavePackage:Display: Finished SavePackage ../../../../../../Users/bill/Documents/Unreal Projects/ProjectMotorcycle/Content/2dSideScroller/Sprites/RunFrames/RunCycle_4.uasset
[2016.05.19-00.40.35:791][491]LogSavePackage: Save=6.67ms
[2016.05.19-00.40.35:791][491]LogSavePackage: Moving '../../../../../../Users/bill/Documents/Unreal Projects/ProjectMotorcycle/Saved/RunCycle_50273962448211B239DAFB2AD7382DFDB.tmp' to '../../../../../../Users/bill/Documents/Unreal Projects/ProjectMotorcycle/Content/2dSideScroller/Sprites/RunFrames/RunCycle_5.uasset'
[2016.05.19-00.40.35:791][491]LogSavePackage:Display: Finished SavePackage ../../../../../../Users/bill/Documents/Unreal Projects/ProjectMotorcycle/Content/2dSideScroller/Sprites/RunFrames/RunCycle_5.uasset
[2016.05.19-00.40.35:815][491]LogSavePackage: Save=7.10ms
[2016.05.19-00.40.35:815][491]LogSavePackage: Moving '../../../../../../Users/bill/Documents/Unreal Projects/ProjectMotorcycle/Saved/RunCycle_6B99A36F540D30A6770CE2D8DE0660F18.tmp' to '../../../../../../Users/bill/Documents/Unreal Projects/ProjectMotorcycle/Content/2dSideScroller/Sprites/RunFrames/RunCycle_6.uasset'
[2016.05.19-00.40.35:816][491]LogSavePackage:Display: Finished SavePackage ../../../../../../Users/bill/Documents/Unreal Projects/ProjectMotorcycle/Content/2dSideScroller/Sprites/RunFrames/RunCycle_6.uasset
[2016.05.19-00.40.35:836][491]LogSavePackage: Save=6.89ms
[2016.05.19-00.40.35:836][491]LogSavePackage: Moving '../../../../../../Users/bill/Documents/Unreal Projects/ProjectMotorcycle/Saved/RunCycle_78058CB7444D6001BD0D4A2ADA7083DC2.tmp' to '../../../../../../Users/bill/Documents/Unreal Projects/ProjectMotorcycle/Content/2dSideScroller/Sprites/RunFrames/RunCycle_7.uasset'
[2016.05.19-00.40.35:837][491]LogSavePackage:Display: Finished SavePackage ../../../../../../Users/bill/Documents/Unreal Projects/ProjectMotorcycle/Content/2dSideScroller/Sprites/RunFrames/RunCycle_7.uasset
[2016.05.19-00.40.35:859][491]LogSavePackage: Save=6.52ms
[2016.05.19-00.40.35:859][491]LogSavePackage: Moving '../../../../../../Users/bill/Documents/Unreal Projects/ProjectMotorcycle/Saved/RunCycle_8ADC02A4C4E76A363BC899886DF18872A.tmp' to '../../../../../../Users/bill/Documents/Unreal Projects/ProjectMotorcycle/Content/2dSideScroller/Sprites/RunFrames/RunCycle_8.uasset'
[2016.05.19-00.40.35:860][491]LogSavePackage:Display: Finished SavePackage ../../../../../../Users/bill/Documents/Unreal Projects/ProjectMotorcycle/Content/2dSideScroller/Sprites/RunFrames/RunCycle_8.uasset
[2016.05.19-00.40.35:882][491]LogSavePackage: Save=6.63ms
[2016.05.19-00.40.35:882][491]LogSavePackage: Moving '../../../../../../Users/bill/Documents/Unreal Projects/ProjectMotorcycle/Saved/RunCycle_983F9E46C45F43863FDE4EAAC2A3E6307.tmp' to '../../../../../../Users/bill/Documents/Unreal Projects/ProjectMotorcycle/Content/2dSideScroller/Sprites/RunFrames/RunCycle_9.uasset'
[2016.05.19-00.40.35:883][491]LogSavePackage:Display: Finished SavePackage ../../../../../../Users/bill/Documents/Unreal Projects/ProjectMotorcycle/Content/2dSideScroller/Sprites/RunFrames/RunCycle_9.uasset
[2016.05.19-00.41.05:893][669]Cmd: OBJ SAVEPACKAGE PACKAGE="/Game/Shared/Sprites/Ledge" FILE="../../../../../../Users/bill/Documents/Unreal Projects/ProjectMotorcycle/Content/Shared/Sprites/Ledge.uasset" SILENT=true
[2016.05.19-00.41.05:899][669]LogSavePackage: Save=5.21ms
[2016.05.19-00.41.05:899][669]LogSavePackage: Moving '../../../../../../Users/bill/Documents/Unreal Projects/ProjectMotorcycle/Saved/LedgeFEEF628B4CD81E38F8D2B69E5CD5A863.tmp' to '../../../../../../Users/bill/Documents/Unreal Projects/ProjectMotorcycle/Content/Shared/Sprites/Ledge.uasset'
[2016.05.19-00.41.05:901][669]LogSavePackage:Display: Finished SavePackage ../../../../../../Users/bill/Documents/Unreal Projects/ProjectMotorcycle/Content/Shared/Sprites/Ledge.uasset
[2016.05.19-00.41.05:903][669]Cmd: OBJ SAVEPACKAGE PACKAGE="/Game/2DSideScroller/Sprites/Ledge" FILE="../../../../../../Users/bill/Documents/Unreal Projects/ProjectMotorcycle/Content/2DSideScroller/Sprites/Ledge.uasset" SILENT=true
[2016.05.19-00.41.05:908][669]LogSavePackage: Save=2.68ms
[2016.05.19-00.41.05:908][669]LogSavePackage: Moving '../../../../../../Users/bill/Documents/Unreal Projects/ProjectMotorcycle/Saved/Ledge567573AF47A57F3DF931B3BC52803D47.tmp' to '../../../../../../Users/bill/Documents/Unreal Projects/ProjectMotorcycle/Content/2DSideScroller/Sprites/Ledge.uasset'
[2016.05.19-00.41.05:910][669]LogSavePackage:Display: Finished SavePackage ../../../../../../Users/bill/Documents/Unreal Projects/ProjectMotorcycle/Content/2DSideScroller/Sprites/Ledge.uasset
[2016.05.19-00.41.10:198][103]LogSavePackage: Save=7.28ms
[2016.05.19-00.41.10:198][103]LogSavePackage: Moving '../../../../../../Users/bill/Documents/Unreal Projects/ProjectMotorcycle/Saved/Background_Sprite6F7FBA184576D4EEE1FED487519080A6.tmp' to '../../../../../../Users/bill/Documents/Unreal Projects/ProjectMotorcycle/Content/Shared/Sprites/Background_Sprite.uasset'
[2016.05.19-00.41.10:200][103]LogSavePackage:Display: Finished SavePackage ../../../../../../Users/bill/Documents/Unreal Projects/ProjectMotorcycle/Content/Shared/Sprites/Background_Sprite.uasset
[2016.05.19-00.41.10:207][103]LogSavePackage: Save=2.43ms
[2016.05.19-00.41.10:207][103]LogSavePackage: Moving '../../../../../../Users/bill/Documents/Unreal Projects/ProjectMotorcycle/Saved/Background_SpriteC2F3877F4FD774945F5232872D59DD0A.tmp' to '../../../../../../Users/bill/Documents/Unreal Projects/ProjectMotorcycle/Content/2DSideScroller/Sprites/Background_Sprite.uasset'
[2016.05.19-00.41.10:209][103]LogSavePackage:Display: Finished SavePackage ../../../../../../Users/bill/Documents/Unreal Projects/ProjectMotorcycle/Content/2DSideScroller/Sprites/Background_Sprite.uasset
[2016.05.19-00.41.14:663][556]LogSavePackage: Save=4.92ms
[2016.05.19-00.41.14:663][556]LogSavePackage: Moving '../../../../../../Users/bill/Documents/Unreal Projects/ProjectMotorcycle/Saved/PrototypingSprite7336D9BF49652EA3EA6F76804CE5DA57.tmp' to '../../../../../../Users/bill/Documents/Unreal Projects/ProjectMotorcycle/Content/Shared/Sprites/PrototypingSprite.uasset'
[2016.05.19-00.41.14:664][556]LogSavePackage:Display: Finished SavePackage ../../../../../../Users/bill/Documents/Unreal Projects/ProjectMotorcycle/Content/Shared/Sprites/PrototypingSprite.uasset
[2016.05.19-00.41.24:917][601]LogSavePackage: Save=6.34ms
[2016.05.19-00.41.24:917][601]LogSavePackage: Moving '../../../../../../Users/bill/Documents/Unreal Projects/ProjectMotorcycle/Saved/IdleCycle13D275E094DB36A538DBBE4AD74A8463A.tmp' to '../../../../../../Users/bill/Documents/Unreal Projects/ProjectMotorcycle/Content/Player/Sprites/IdleFrames/IdleCycle1.uasset'
[2016.05.19-00.41.24:918][601]LogSavePackage:Display: Finished SavePackage ../../../../../../Users/bill/Documents/Unreal Projects/ProjectMotorcycle/Content/Player/Sprites/IdleFrames/IdleCycle1.uasset
[2016.05.19-00.41.24:935][601]LogSavePackage: Save=6.67ms
[2016.05.19-00.41.24:935][601]LogSavePackage: Moving '../../../../../../Users/bill/Documents/Unreal Projects/ProjectMotorcycle/Saved/IdleCycle2A60D4AEE450B3D39EC879B800C1EEE11.tmp' to '../../../../../../Users/bill/Documents/Unreal Projects/ProjectMotorcycle/Content/Player/Sprites/IdleFrames/IdleCycle2.uasset'
[2016.05.19-00.41.24:937][601]LogSavePackage:Display: Finished SavePackage ../../../../../../Users/bill/Documents/Unreal Projects/ProjectMotorcycle/Content/Player/Sprites/IdleFrames/IdleCycle2.uasset
[2016.05.19-00.41.24:971][601]LogSavePackage: Save=8.68ms
[2016.05.19-00.41.24:972][601]LogSavePackage: Moving '../../../../../../Users/bill/Documents/Unreal Projects/ProjectMotorcycle/Saved/IdleCycle3AE59C88141B820AD1DC3F0843B1BE6FA.tmp' to '../../../../../../Users/bill/Documents/Unreal Projects/ProjectMotorcycle/Content/Player/Sprites/IdleFrames/IdleCycle3.uasset'
[2016.05.19-00.41.24:973][601]LogSavePackage:Display: Finished SavePackage ../../../../../../Users/bill/Documents/Unreal Projects/ProjectMotorcycle/Content/Player/Sprites/IdleFrames/IdleCycle3.uasset
[2016.05.19-00.41.24:990][601]LogSavePackage: Save=6.72ms
[2016.05.19-00.41.24:990][601]LogSavePackage: Moving '../../../../../../Users/bill/Documents/Unreal Projects/ProjectMotorcycle/Saved/IdleCycle42E54CFF04C245638CA01558E85231D49.tmp' to '../../../../../../Users/bill/Documents/Unreal Projects/ProjectMotorcycle/Content/Player/Sprites/IdleFrames/IdleCycle4.uasset'
[2016.05.19-00.41.24:991][601]LogSavePackage:Display: Finished SavePackage ../../../../../../Users/bill/Documents/Unreal Projects/ProjectMotorcycle/Content/Player/Sprites/IdleFrames/IdleCycle4.uasset
[2016.05.19-00.41.25:007][601]LogSavePackage: Save=6.14ms
[2016.05.19-00.41.25:007][601]LogSavePackage: Moving '../../../../../../Users/bill/Documents/Unreal Projects/ProjectMotorcycle/Saved/IdleCycle5813344C84AB6CA147C80EBB72AD27F5B.tmp' to '../../../../../../Users/bill/Documents/Unreal Projects/ProjectMotorcycle/Content/Player/Sprites/IdleFrames/IdleCycle5.uasset'
[2016.05.19-00.41.25:008][601]LogSavePackage:Display: Finished SavePackage ../../../../../../Users/bill/Documents/Unreal Projects/ProjectMotorcycle/Content/Player/Sprites/IdleFrames/IdleCycle5.uasset
[2016.05.19-00.41.25:024][601]LogSavePackage: Save=6.23ms
[2016.05.19-00.41.25:024][601]LogSavePackage: Moving '../../../../../../Users/bill/Documents/Unreal Projects/ProjectMotorcycle/Saved/IdleCycle62E850A5747C61454EC2D53A6C53B75DE.tmp' to '../../../../../../Users/bill/Documents/Unreal Projects/ProjectMotorcycle/Content/Player/Sprites/IdleFrames/IdleCycle6.uasset'
[2016.05.19-00.41.25:025][601]LogSavePackage:Display: Finished SavePackage ../../../../../../Users/bill/Documents/Unreal Projects/ProjectMotorcycle/Content/Player/Sprites/IdleFrames/IdleCycle6.uasset
[2016.05.19-00.41.25:042][601]LogSavePackage: Save=6.14ms
[2016.05.19-00.41.25:042][601]LogSavePackage: Moving '../../../../../../Users/bill/Documents/Unreal Projects/ProjectMotorcycle/Saved/IdleCycle7CB73A61646204D7720BC91ACB189F519.tmp' to '../../../../../../Users/bill/Documents/Unreal Projects/ProjectMotorcycle/Content/Player/Sprites/IdleFrames/IdleCycle7.uasset'
[2016.05.19-00.41.25:043][601]LogSavePackage:Display: Finished SavePackage ../../../../../../Users/bill/Documents/Unreal Projects/ProjectMotorcycle/Content/Player/Sprites/IdleFrames/IdleCycle7.uasset
[2016.05.19-00.41.25:060][601]LogSavePackage: Save=6.06ms
[2016.05.19-00.41.25:060][601]LogSavePackage: Moving '../../../../../../Users/bill/Documents/Unreal Projects/ProjectMotorcycle/Saved/IdleCycle83BBF5A7641F82F73BA3182BBF6C3F9E2.tmp' to '../../../../../../Users/bill/Documents/Unreal Projects/ProjectMotorcycle/Content/Player/Sprites/IdleFrames/IdleCycle8.uasset'
[2016.05.19-00.41.25:061][601]LogSavePackage:Display: Finished SavePackage ../../../../../../Users/bill/Documents/Unreal Projects/ProjectMotorcycle/Content/Player/Sprites/IdleFrames/IdleCycle8.uasset
[2016.05.19-00.41.25:070][601]Cmd: OBJ SAVEPACKAGE PACKAGE="/Game/Player/Sprites/IdleAnimation" FILE="../../../../../../Users/bill/Documents/Unreal Projects/ProjectMotorcycle/Content/Player/Sprites/IdleAnimation.uasset" SILENT=true
[2016.05.19-00.41.25:077][601]LogSavePackage: Save=5.84ms
[2016.05.19-00.41.25:077][601]LogSavePackage: Moving '../../../../../../Users/bill/Documents/Unreal Projects/ProjectMotorcycle/Saved/IdleAnimation7386620D4AD6731E792BEB9633D30859.tmp' to '../../../../../../Users/bill/Documents/Unreal Projects/ProjectMotorcycle/Content/Player/Sprites/IdleAnimation.uasset'
[2016.05.19-00.41.25:078][601]LogSavePackage:Display: Finished SavePackage ../../../../../../Users/bill/Documents/Unreal Projects/ProjectMotorcycle/Content/Player/Sprites/IdleAnimation.uasset
[2016.05.19-00.41.25:104][601]LogSavePackage: Save=6.49ms
[2016.05.19-00.41.25:104][601]LogSavePackage: Moving '../../../../../../Users/bill/Documents/Unreal Projects/ProjectMotorcycle/Saved/RunCycle_15FE3E1154E884E4CE761B687946E8866.tmp' to '../../../../../../Users/bill/Documents/Unreal Projects/ProjectMotorcycle/Content/Player/Sprites/RunFrames/RunCycle_1.uasset'
[2016.05.19-00.41.25:105][601]LogSavePackage:Display: Finished SavePackage ../../../../../../Users/bill/Documents/Unreal Projects/ProjectMotorcycle/Content/Player/Sprites/RunFrames/RunCycle_1.uasset
[2016.05.19-00.41.25:123][601]LogSavePackage: Save=6.10ms
[2016.05.19-00.41.25:123][601]LogSavePackage: Moving '../../../../../../Users/bill/Documents/Unreal Projects/ProjectMotorcycle/Saved/RunCycle_104DC9F6AA47BC8A3409E3ACB0788F6499.tmp' to '../../../../../../Users/bill/Documents/Unreal Projects/ProjectMotorcycle/Content/Player/Sprites/RunFrames/RunCycle_10.uasset'
[2016.05.19-00.41.25:124][601]LogSavePackage:Display: Finished SavePackage ../../../../../../Users/bill/Documents/Unreal Projects/ProjectMotorcycle/Content/Player/Sprites/RunFrames/RunCycle_10.uasset
[2016.05.19-00.41.25:140][601]LogSavePackage: Save=6.23ms
[2016.05.19-00.41.25:140][601]LogSavePackage: Moving '../../../../../../Users/bill/Documents/Unreal Projects/ProjectMotorcycle/Saved/RunCycle_11232CCFA04ACD74B2DE9460AD5358A4A7.tmp' to '../../../../../../Users/bill/Documents/Unreal Projects/ProjectMotorcycle/Content/Player/Sprites/RunFrames/RunCycle_11.uasset'
[2016.05.19-00.41.25:142][601]LogSavePackage:Display: Finished SavePackage ../../../../../../Users/bill/Documents/Unreal Projects/ProjectMotorcycle/Content/Player/Sprites/RunFrames/RunCycle_11.uasset
[2016.05.19-00.41.25:159][601]LogSavePackage: Save=6.44ms
[2016.05.19-00.41.25:159][601]LogSavePackage: Moving '../../../../../../Users/bill/Documents/Unreal Projects/ProjectMotorcycle/Saved/RunCycle_12D065F4404147F535CAABCC967930AEF9.tmp' to '../../../../../../Users/bill/Documents/Unreal Projects/ProjectMotorcycle/Content/Player/Sprites/RunFrames/RunCycle_12.uasset'
[2016.05.19-00.41.25:159][601]LogSavePackage:Display: Finished SavePackage ../../../../../../Users/bill/Documents/Unreal Projects/ProjectMotorcycle/Content/Player/Sprites/RunFrames/RunCycle_12.uasset
[2016.05.19-00.41.25:176][601]LogSavePackage: Save=6.48ms
[2016.05.19-00.41.25:176][601]LogSavePackage: Moving '../../../../../../Users/bill/Documents/Unreal Projects/ProjectMotorcycle/Saved/RunCycle_132AAEF27E4F93DAA82F3738AB652E4A31.tmp' to '../../../../../../Users/bill/Documents/Unreal Projects/ProjectMotorcycle/Content/Player/Sprites/RunFrames/RunCycle_13.uasset'
[2016.05.19-00.41.25:177][601]LogSavePackage:Display: Finished SavePackage ../../../../../../Users/bill/Documents/Unreal Projects/ProjectMotorcycle/Content/Player/Sprites/RunFrames/RunCycle_13.uasset
[2016.05.19-00.41.25:193][601]LogSavePackage: Save=6.27ms
[2016.05.19-00.41.25:193][601]LogSavePackage: Moving '../../../../../../Users/bill/Documents/Unreal Projects/ProjectMotorcycle/Saved/RunCycle_14D1389B2B4620FF5E5E566582175A8A44.tmp' to '../../../../../../Users/bill/Documents/Unreal Projects/ProjectMotorcycle/Content/Player/Sprites/RunFrames/RunCycle_14.uasset'
[2016.05.19-00.41.25:195][601]LogSavePackage:Display: Finished SavePackage ../../../../../../Users/bill/Documents/Unreal Projects/ProjectMotorcycle/Content/Player/Sprites/RunFrames/RunCycle_14.uasset
[2016.05.19-00.41.25:211][601]LogSavePackage: Save=6.22ms
[2016.05.19-00.41.25:211][601]LogSavePackage: Moving '../../../../../../Users/bill/Documents/Unreal Projects/ProjectMotorcycle/Saved/RunCycle_15279FE2D14C018EAB9559EEB8396794F1.tmp' to '../../../../../../Users/bill/Documents/Unreal Projects/ProjectMotorcycle/Content/Player/Sprites/RunFrames/RunCycle_15.uasset'
[2016.05.19-00.41.25:212][601]LogSavePackage:Display: Finished SavePackage ../../../../../../Users/bill/Documents/Unreal Projects/ProjectMotorcycle/Content/Player/Sprites/RunFrames/RunCycle_15.uasset
[2016.05.19-00.41.25:228][601]LogSavePackage: Save=6.32ms
[2016.05.19-00.41.25:228][601]LogSavePackage: Moving '../../../../../../Users/bill/Documents/Unreal Projects/ProjectMotorcycle/Saved/RunCycle_16D17118394E14E6499B99C785EEDE5D68.tmp' to '../../../../../../Users/bill/Documents/Unreal Projects/ProjectMotorcycle/Content/Player/Sprites/RunFrames/RunCycle_16.uasset'
[2016.05.19-00.41.25:230][601]LogSavePackage:Display: Finished SavePackage ../../../../../../Users/bill/Documents/Unreal Projects/ProjectMotorcycle/Content/Player/Sprites/RunFrames/RunCycle_16.uasset
[2016.05.19-00.41.25:254][601]LogSavePackage: Save=6.32ms
[2016.05.19-00.41.25:254][601]LogSavePackage: Moving '../../../../../../Users/bill/Documents/Unreal Projects/ProjectMotorcycle/Saved/RunCycle_241DF08E448B818B610BB51A769649D2E.tmp' to '../../../../../../Users/bill/Documents/Unreal Projects/ProjectMotorcycle/Content/Player/Sprites/RunFrames/RunCycle_2.uasset'
[2016.05.19-00.41.25:256][601]LogSavePackage:Display: Finished SavePackage ../../../../../../Users/bill/Documents/Unreal Projects/ProjectMotorcycle/Content/Player/Sprites/RunFrames/RunCycle_2.uasset
[2016.05.19-00.41.25:273][601]LogSavePackage: Save=7.32ms
[2016.05.19-00.41.25:273][601]LogSavePackage: Moving '../../../../../../Users/bill/Documents/Unreal Projects/ProjectMotorcycle/Saved/RunCycle_335DD03644F8B808FDFFB7B83367CA899.tmp' to '../../../../../../Users/bill/Documents/Unreal Projects/ProjectMotorcycle/Content/Player/Sprites/RunFrames/RunCycle_3.uasset'
[2016.05.19-00.41.25:275][601]LogSavePackage:Display: Finished SavePackage ../../../../../../Users/bill/Documents/Unreal Projects/ProjectMotorcycle/Content/Player/Sprites/RunFrames/RunCycle_3.uasset
[2016.05.19-00.41.25:291][601]LogSavePackage: Save=6.33ms
[2016.05.19-00.41.25:291][601]LogSavePackage: Moving '../../../../../../Users/bill/Documents/Unreal Projects/ProjectMotorcycle/Saved/RunCycle_400FD351D48FA7393155285B3A3B5106A.tmp' to '../../../../../../Users/bill/Documents/Unreal Projects/ProjectMotorcycle/Content/Player/Sprites/RunFrames/RunCycle_4.uasset'
[2016.05.19-00.41.25:292][601]LogSavePackage:Display: Finished SavePackage ../../../../../../Users/bill/Documents/Unreal Projects/ProjectMotorcycle/Content/Player/Sprites/RunFrames/RunCycle_4.uasset
[2016.05.19-00.41.25:309][601]LogSavePackage: Save=6.53ms
[2016.05.19-00.41.25:309][601]LogSavePackage: Moving '../../../../../../Users/bill/Documents/Unreal Projects/ProjectMotorcycle/Saved/RunCycle_56BC91799430498B2FB385FAFB07DFBA3.tmp' to '../../../../../../Users/bill/Documents/Unreal Projects/ProjectMotorcycle/Content/Player/Sprites/RunFrames/RunCycle_5.uasset'
[2016.05.19-00.41.25:310][601]LogSavePackage:Display: Finished SavePackage ../../../../../../Users/bill/Documents/Unreal Projects/ProjectMotorcycle/Content/Player/Sprites/RunFrames/RunCycle_5.uasset
[2016.05.19-00.41.25:326][601]LogSavePackage: Save=6.37ms
[2016.05.19-00.41.25:326][601]LogSavePackage: Moving '../../../../../../Users/bill/Documents/Unreal Projects/ProjectMotorcycle/Saved/RunCycle_699A7757D4F098C856DF9B29498E74005.tmp' to '../../../../../../Users/bill/Documents/Unreal Projects/ProjectMotorcycle/Content/Player/Sprites/RunFrames/RunCycle_6.uasset'
[2016.05.19-00.41.25:328][601]LogSavePackage:Display: Finished SavePackage ../../../../../../Users/bill/Documents/Unreal Projects/ProjectMotorcycle/Content/Player/Sprites/RunFrames/RunCycle_6.uasset
[2016.05.19-00.41.25:344][601]LogSavePackage: Save=6.87ms
[2016.05.19-00.41.25:344][601]LogSavePackage: Moving '../../../../../../Users/bill/Documents/Unreal Projects/ProjectMotorcycle/Saved/RunCycle_7F6D35E88413D918A34C7B9B3A0439C6B.tmp' to '../../../../../../Users/bill/Documents/Unreal Projects/ProjectMotorcycle/Content/Player/Sprites/RunFrames/RunCycle_7.uasset'
[2016.05.19-00.41.25:345][601]LogSavePackage:Display: Finished SavePackage ../../../../../../Users/bill/Documents/Unreal Projects/ProjectMotorcycle/Content/Player/Sprites/RunFrames/RunCycle_7.uasset
[2016.05.19-00.41.25:362][601]LogSavePackage: Save=6.29ms
[2016.05.19-00.41.25:362][601]LogSavePackage: Moving '../../../../../../Users/bill/Documents/Unreal Projects/ProjectMotorcycle/Saved/RunCycle_8BB8F2F4740C6DA6AD3532497E1692240.tmp' to '../../../../../../Users/bill/Documents/Unreal Projects/ProjectMotorcycle/Content/Player/Sprites/RunFrames/RunCycle_8.uasset'
[2016.05.19-00.41.25:363][601]LogSavePackage:Display: Finished SavePackage ../../../../../../Users/bill/Documents/Unreal Projects/ProjectMotorcycle/Content/Player/Sprites/RunFrames/RunCycle_8.uasset
[2016.05.19-00.41.25:388][601]LogSavePackage: Save=6.84ms
[2016.05.19-00.41.25:388][601]LogSavePackage: Moving '../../../../../../Users/bill/Documents/Unreal Projects/ProjectMotorcycle/Saved/RunCycle_99AFB6DBF48587EB2850CE59C62D11E5C.tmp' to '../../../../../../Users/bill/Documents/Unreal Projects/ProjectMotorcycle/Content/Player/Sprites/RunFrames/RunCycle_9.uasset'
[2016.05.19-00.41.25:389][601]LogSavePackage:Display: Finished SavePackage ../../../../../../Users/bill/Documents/Unreal Projects/ProjectMotorcycle/Content/Player/Sprites/RunFrames/RunCycle_9.uasset
[2016.05.19-00.41.25:407][601]LogSavePackage: Save=6.15ms
[2016.05.19-00.41.25:407][601]LogSavePackage: Moving '../../../../../../Users/bill/Documents/Unreal Projects/ProjectMotorcycle/Saved/RunningAnimation45FD3D8E4B2418AE7366FCB2C6ABD131.tmp' to '../../../../../../Users/bill/Documents/Unreal Projects/ProjectMotorcycle/Content/Player/Sprites/RunningAnimation.uasset'
[2016.05.19-00.41.25:408][601]LogSavePackage:Display: Finished SavePackage ../../../../../../Users/bill/Documents/Unreal Projects/ProjectMotorcycle/Content/Player/Sprites/RunningAnimation.uasset
[2016.05.19-00.41.26:068][601]LogSavePackage: Save=31.62ms
[2016.05.19-00.41.26:068][601]LogSavePackage: Moving '../../../../../../Users/bill/Documents/Unreal Projects/ProjectMotorcycle/Saved/2DSideScrollerCharacter83E3D69746F636932211E38E74123159.tmp' to '../../../../../../Users/bill/Documents/Unreal Projects/ProjectMotorcycle/Content/Player/2DSideScrollerCharacter.uasset'
[2016.05.19-00.41.26:069][601]LogSavePackage:Display: Finished SavePackage ../../../../../../Users/bill/Documents/Unreal Projects/ProjectMotorcycle/Content/Player/2DSideScrollerCharacter.uasset
[2016.05.19-00.41.26:110][601]LogSavePackage: Save=34.13ms
[2016.05.19-00.41.26:110][601]LogSavePackage: Moving '../../../../../../Users/bill/Documents/Unreal Projects/ProjectMotorcycle/Saved/2DSideScrollerCharacterC927656E4A2F1D11F4C95CB45692CFD7.tmp' to '../../../../../../Users/bill/Documents/Unreal Projects/ProjectMotorcycle/Content/Player/2DSideScrollerCharacter.uasset'
[2016.05.19-00.41.26:111][601]LogSavePackage:Display: Finished SavePackage ../../../../../../Users/bill/Documents/Unreal Projects/ProjectMotorcycle/Content/Player/2DSideScrollerCharacter.uasset
[2016.05.19-00.41.40:371][108]LogSavePackage: Save=44.27ms
[2016.05.19-00.41.40:371][108]LogSavePackage: Moving '../../../../../../Users/bill/Documents/Unreal Projects/ProjectMotorcycle/Saved/2DSideScrollerExampleMap417DC50F410AFC96BB3CBD904EFF6427.tmp' to '../../../../../../Users/bill/Documents/Unreal Projects/ProjectMotorcycle/Content/Maps/2DSideScrollerExampleMap.umap'
[2016.05.19-00.41.40:372][108]LogSavePackage:Display: Finished SavePackage ../../../../../../Users/bill/Documents/Unreal Projects/ProjectMotorcycle/Content/Maps/2DSideScrollerExampleMap.umap
[2016.05.19-00.41.42:289][298]LogSavePackage: Save=2.27ms
[2016.05.19-00.41.42:289][298]LogSavePackage: Moving '../../../../../../Users/bill/Documents/Unreal Projects/ProjectMotorcycle/Saved/2DSideScrollerCharacter479FBF5341D861E3D6B1A6AED86F35AC.tmp' to '../../../../../../Users/bill/Documents/Unreal Projects/ProjectMotorcycle/Content/2DSideScrollerBP/Blueprints/2DSideScrollerCharacter.uasset'
[2016.05.19-00.41.42:290][298]LogSavePackage:Display: Finished SavePackage ../../../../../../Users/bill/Documents/Unreal Projects/ProjectMotorcycle/Content/2DSideScrollerBP/Blueprints/2DSideScrollerCharacter.uasset
[2016.05.19-00.41.42:297][298]LogSavePackage: Save=2.11ms
[2016.05.19-00.41.42:297][298]LogSavePackage: Moving '../../../../../../Users/bill/Documents/Unreal Projects/ProjectMotorcycle/Saved/2DSideScrollerGameMode94E88973425392CB147F8AADE4C06BD0.tmp' to '../../../../../../Users/bill/Documents/Unreal Projects/ProjectMotorcycle/Content/2DSideScrollerBP/Blueprints/2DSideScrollerGameMode.uasset'
[2016.05.19-00.41.42:298][298]LogSavePackage:Display: Finished SavePackage ../../../../../../Users/bill/Documents/Unreal Projects/ProjectMotorcycle/Content/2DSideScrollerBP/Blueprints/2DSideScrollerGameMode.uasset
[2016.05.19-00.43.06:705][620]LogSavePackage: Save=44.98ms
[2016.05.19-00.43.06:705][620]LogSavePackage: Moving '../../../../../../Users/bill/Documents/Unreal Projects/ProjectMotorcycle/Saved/2DSideScrollerExampleMapCF3E9F1B444C2E10C605C7B208405E4D.tmp' to '../../../../../../Users/bill/Documents/Unreal Projects/ProjectMotorcycle/Content/Maps/2DSideScrollerExampleMap.umap'
[2016.05.19-00.43.06:707][620]LogSavePackage:Display: Finished SavePackage ../../../../../../Users/bill/Documents/Unreal Projects/ProjectMotorcycle/Content/Maps/2DSideScrollerExampleMap.umap
[2016.05.19-00.43.07:973][735]Cmd: QUIT_EDITOR
[2016.05.19-00.43.08:028][735]LogWindowsTextInputMethodSystem:Display: IME system now deactivated.
[2016.05.19-00.43.08:049][735]LogExit: Preparing to exit.
[2016.05.19-00.43.08:595][735]LogExit: Editor shut down
[2016.05.19-00.43.08:596][735]LogExit: Transaction tracking system shut down
[2016.05.19-00.43.08:701][735]LogObj: Freed 0b from 0 cluster array pools.
[2016.05.19-00.43.08:701][735]LogExit: Object subsystem successfully closed.
[2016.05.19-00.43.08:716][735]LogD3D11RHI: Shutdown
[2016.05.19-00.43.08:717][735]LogD3D11RHI: CleanupD3DDevice
[2016.05.19-00.43.08:759][735]LogD3D11RHI: ~FD3D11DynamicRHI
[2016.05.19-00.43.08:782][735]LogModuleManager: Shutting down and abandoning module MovieSceneCapture (213)
[2016.05.19-00.43.08:782][735]LogModuleManager: Shutting down and abandoning module HierarchicalLODOutliner (212)
[2016.05.19-00.43.08:782][735]LogModuleManager: Shutting down and abandoning module CrashTracker (211)
[2016.05.19-00.43.08:782][735]LogModuleManager: Shutting down and abandoning module SceneOutliner (210)
[2016.05.19-00.43.08:782][735]LogModuleManager: Shutting down and abandoning module WidgetCarousel (209)
[2016.05.19-00.43.08:783][735]LogModuleManager: Shutting down and abandoning module AddContentDialog (208)
[2016.05.19-00.43.08:784][735]LogModuleManager: Shutting down and abandoning module GameplayTags (207)
[2016.05.19-00.43.08:784][735]LogModuleManager: Shutting down and abandoning module EditorWidgets (206)
[2016.05.19-00.43.08:784][735]LogModuleManager: Shutting down and abandoning module CollectionManager (205)
[2016.05.19-00.43.08:784][735]LogModuleManager: Shutting down and abandoning module StatsViewer (204)
[2016.05.19-00.43.08:785][735]LogModuleManager: Shutting down and abandoning module FoliageEdit (203)
[2016.05.19-00.43.08:785][735]LogModuleManager: Shutting down and abandoning module LandscapeEditor (202)
[2016.05.19-00.43.08:786][735]LogModuleManager: Shutting down and abandoning module SceneDepthPickerMode (201)
[2016.05.19-00.43.08:786][735]LogModuleManager: Shutting down and abandoning module ActorPickerMode (200)
[2016.05.19-00.43.08:786][735]LogModuleManager: Shutting down and abandoning module GeometryMode (199)
[2016.05.19-00.43.08:786][735]LogModuleManager: Shutting down and abandoning module TextureAlignMode (198)
[2016.05.19-00.43.08:786][735]LogModuleManager: Shutting down and abandoning module BspMode (197)
[2016.05.19-00.43.08:786][735]LogModuleManager: Shutting down and abandoning module HardwareSurvey (196)
[2016.05.19-00.43.08:786][735]LogModuleManager: Shutting down and abandoning module SequenceRecorderSections (195)
[2016.05.19-00.43.08:786][735]LogModuleManager: Shutting down and abandoning module SequenceRecorder (194)
[2016.05.19-00.43.08:786][735]LogModuleManager: Shutting down and abandoning module AutomationWorker (193)
[2016.05.19-00.43.08:786][735]LogModuleManager: Shutting down and abandoning module MatineeToLevelSequence (192)
[2016.05.19-00.43.08:786][735]LogModuleManager: Shutting down and abandoning module PlacementMode (191)
[2016.05.19-00.43.08:787][735]LogModuleManager: Shutting down and abandoning module LevelSequenceEditor (190)
[2016.05.19-00.43.08:788][735]LogModuleManager: Shutting down and abandoning module CharacterAI (189)
[2016.05.19-00.43.08:788][735]LogModuleManager: Shutting down and abandoning module SmartSnapping (188)
[2016.05.19-00.43.08:788][735]LogModuleManager: Shutting down and abandoning module SessionServices (187)
[2016.05.19-00.43.08:788][735]LogModuleManager: Shutting down and abandoning module ViewportSnapping (186)
[2016.05.19-00.43.08:788][735]LogModuleManager: Shutting down and abandoning module LogVisualizer (185)
[2016.05.19-00.43.08:788][735]LogModuleManager: Shutting down and abandoning module GameProjectGeneration (184)
[2016.05.19-00.43.08:789][735]LogModuleManager: Shutting down and abandoning module IntroTutorials (183)
[2016.05.19-00.43.08:789][735]LogModuleManager: Shutting down and abandoning module EditorLiveStreaming (182)
[2016.05.19-00.43.08:789][735]LogModuleManager: Shutting down and abandoning module IOSPlatformEditor (181)
[2016.05.19-00.43.08:790][735]LogModuleManager: Shutting down and abandoning module HTML5PlatformEditor (180)
[2016.05.19-00.43.08:790][735]LogModuleManager: Shutting down and abandoning module AndroidDeviceDetection (179)
[2016.05.19-00.43.09:631][735]LogModuleManager: Shutting down and abandoning module AndroidPlatformEditor (178)
[2016.05.19-00.43.09:632][735]LogModuleManager: Shutting down and abandoning module IOSRuntimeSettings (177)
[2016.05.19-00.43.09:632][735]LogModuleManager: Shutting down and abandoning module AndroidRuntimeSettings (176)
[2016.05.19-00.43.09:632][735]LogModuleManager: Shutting down and abandoning module MergeActors (175)
[2016.05.19-00.43.09:632][735]LogModuleManager: Shutting down and abandoning module SizeMap (174)
[2016.05.19-00.43.09:632][735]LogModuleManager: Shutting down and abandoning module TreeMap (173)
[2016.05.19-00.43.09:633][735]LogModuleManager: Shutting down and abandoning module ReferenceViewer (172)
[2016.05.19-00.43.09:633][735]LogModuleManager: Shutting down and abandoning module LocalizationService (171)
[2016.05.19-00.43.09:634][735]LogModuleManager: Shutting down and abandoning module LocalizationDashboard (170)
[2016.05.19-00.43.09:634][735]LogModuleManager: Shutting down and abandoning module HardwareTargeting (169)
[2016.05.19-00.43.09:634][735]LogModuleManager: Shutting down and abandoning module DeviceProfileEditor (168)
[2016.05.19-00.43.09:635][735]LogModuleManager: Shutting down and abandoning module UndoHistory (167)
[2016.05.19-00.43.09:635][735]LogModuleManager: Shutting down and abandoning module UserFeedback (166)
[2016.05.19-00.43.09:635][735]LogModuleManager: Shutting down and abandoning module XmlParser (165)
[2016.05.19-00.43.09:635][735]LogModuleManager: Shutting down and abandoning module Blutility (164)
[2016.05.19-00.43.09:635][735]LogModuleManager: Shutting down and abandoning module ProjectTargetPlatformEditor (163)
[2016.05.19-00.43.09:636][735]LogModuleManager: Shutting down and abandoning module ProjectSettingsViewer (162)
[2016.05.19-00.43.09:636][735]LogModuleManager: Shutting down and abandoning module InputBindingEditor (161)
[2016.05.19-00.43.09:636][735]LogModuleManager: Shutting down and abandoning module EditorSettingsViewer (160)
[2016.05.19-00.43.09:637][735]LogModuleManager: Shutting down and abandoning module SettingsEditor (159)
[2016.05.19-00.43.09:637][735]LogModuleManager: Shutting down and abandoning module ProjectLauncher (158)
[2016.05.19-00.43.09:638][735]LogModuleManager: Shutting down and abandoning module SessionFrontend (157)
[2016.05.19-00.43.09:639][735]LogModuleManager: Shutting down and abandoning module ProfilerClient (156)
[2016.05.19-00.43.09:639][735]LogModuleManager: Shutting down and abandoning module TargetDeviceServices (155)
[2016.05.19-00.43.09:639][735]LogModuleManager: Shutting down and abandoning module DeviceManager (154)
[2016.05.19-00.43.09:681][735]LogModuleManager: Shutting down and abandoning module AutomationController (153)
[2016.05.19-00.43.09:682][735]LogModuleManager: Shutting down and abandoning module AutomationWindow (152)
[2016.05.19-00.43.09:683][735]LogModuleManager: Shutting down and abandoning module Layers (151)
[2016.05.19-00.43.09:685][735]LogModuleManager: Shutting down and abandoning module ComponentVisualizers (150)
[2016.05.19-00.43.09:685][735]LogModuleManager: Shutting down and abandoning module DetailCustomizations (149)
[2016.05.19-00.43.09:686][735]LogModuleManager: Shutting down and abandoning module PackagesDialog (148)
[2016.05.19-00.43.09:686][735]LogModuleManager: Shutting down and abandoning module Persona (147)
[2016.05.19-00.43.09:688][735]LogModuleManager: Shutting down and abandoning module Kismet (146)
[2016.05.19-00.43.09:688][735]LogModuleManager: Shutting down and abandoning module GraphEditor (145)
[2016.05.19-00.43.09:690][735]LogModuleManager: Shutting down and abandoning module ClassViewer (144)
[2016.05.19-00.43.09:690][735]LogModuleManager: Shutting down and abandoning module Toolbox (143)
[2016.05.19-00.43.09:690][735]LogModuleManager: Shutting down and abandoning module ModuleUI (142)
[2016.05.19-00.43.09:691][735]LogModuleManager: Shutting down and abandoning module MovieSceneTools (141)
[2016.05.19-00.43.09:691][735]LogModuleManager: Shutting down and abandoning module OutputLog (140)
[2016.05.19-00.43.09:692][735]LogModuleManager: Shutting down and abandoning module GammaUI (139)
[2016.05.19-00.43.09:692][735]LogModuleManager: Shutting down and abandoning module Documentation (138)
[2016.05.19-00.43.09:692][735]LogModuleManager: Shutting down and abandoning module StreamingPauseRendering (137)
[2016.05.19-00.43.09:692][735]LogModuleManager: Shutting down and abandoning module AnalyticsET (136)
[2016.05.19-00.43.09:692][735]LogModuleManager: Shutting down and abandoning module Analytics (135)
[2016.05.19-00.43.09:692][735]LogModuleManager: Shutting down and abandoning module PortalServices (134)
[2016.05.19-00.43.09:692][735]LogModuleManager: Shutting down and abandoning module PortalRpc (133)
[2016.05.19-00.43.09:692][735]LogModuleManager: Shutting down and abandoning module MessagingRpc (132)
[2016.05.19-00.43.09:692][735]LogModuleManager: Shutting down and abandoning module GameplayDebugger (131)
[2016.05.19-00.43.09:692][735]LogModuleManager: Shutting down and abandoning module AITestSuite (130)
[2016.05.19-00.43.09:692][735]LogModuleManager: Shutting down and abandoning module AIModule (129)
[2016.05.19-00.43.09:692][735]LogModuleManager: Shutting down and abandoning module ProfilerService (128)
[2016.05.19-00.43.09:881][735]LogModuleManager: Shutting down and abandoning module TaskGraph (127)
[2016.05.19-00.43.09:882][735]LogModuleManager: Shutting down and abandoning module SlateRemote (126)
[2016.05.19-00.43.09:882][735]LogModuleManager: Shutting down and abandoning module SteamVRController (125)
[2016.05.19-00.43.09:882][735]LogModuleManager: Shutting down and abandoning module SteamVR (124)
[2016.05.19-00.43.09:882][735]LogModuleManager: Shutting down and abandoning module ProceduralMeshComponent (123)
[2016.05.19-00.43.09:882][735]LogModuleManager: Shutting down and abandoning module OculusLibrary (122)
[2016.05.19-00.43.09:882][735]LogModuleManager: Shutting down and abandoning module OculusInput (121)
[2016.05.19-00.43.09:882][735]LogModuleManager: Shutting down and abandoning module CustomMeshComponent (120)
[2016.05.19-00.43.09:882][735]LogModuleManager: Shutting down and abandoning module CableComponent (119)
[2016.05.19-00.43.09:882][735]LogModuleManager: Shutting down and abandoning module ArchVisCharacter (118)
[2016.05.19-00.43.09:882][735]LogModuleManager: Shutting down and abandoning module MediaPlayerEditor (117)
[2016.05.19-00.43.09:884][735]LogModuleManager: Shutting down and abandoning module HTML5Networking (116)
[2016.05.19-00.43.09:884][735]LogModuleManager: Shutting down and abandoning module SuperSearch (115)
[2016.05.19-00.43.09:884][735]LogModuleManager: Shutting down and abandoning module SuperSearchEditor (114)
[2016.05.19-00.43.09:884][735]LogModuleManager: Shutting down and abandoning module SpeedTreeImporter (113)
[2016.05.19-00.43.09:884][735]LogModuleManager: Shutting down and abandoning module PluginBrowser (112)
[2016.05.19-00.43.09:884][735]LogModuleManager: Shutting down and abandoning module EpicSurvey (111)
[2016.05.19-00.43.09:884][735]LogModuleManager: Shutting down and abandoning module DesktopPlatform (110)
[2016.05.19-00.43.09:885][735]LogModuleManager: Shutting down and abandoning module VisualStudioSourceCodeAccess (109)
[2016.05.19-00.43.09:885][735]LogModuleManager: Shutting down and abandoning module UObjectPlugin (108)
[2016.05.19-00.43.09:885][735]LogModuleManager: Shutting down and abandoning module SubversionSourceControl (107)
[2016.05.19-00.43.09:885][735]LogModuleManager: Shutting down and abandoning module PerforceSourceControl (106)
[2016.05.19-00.43.09:886][735]LogModuleManager: Shutting down and abandoning module SourceControl (105)
[2016.05.19-00.43.09:887][735]LogModuleManager: Shutting down and abandoning module GitSourceControl (104)
[2016.05.19-00.43.09:887][735]LogModuleManager: Shutting down and abandoning module LightPropagationVolumeEditor (103)
[2016.05.19-00.43.09:887][735]LogModuleManager: Shutting down and abandoning module PaperTiledImporter (102)
[2016.05.19-00.43.09:887][735]LogModuleManager: Shutting down and abandoning module PaperSpriteSheetImporter (101)
[2016.05.19-00.43.09:887][735]LogModuleManager: Shutting down and abandoning module MeshPaint (100)
[2016.05.19-00.43.09:888][735]LogModuleManager: Shutting down and abandoning module PixelInspectorModule (99)
[2016.05.19-00.43.09:888][735]LogModuleManager: Shutting down and abandoning module HotReload (98)
[2016.05.19-00.43.09:889][735]LogModuleManager: Shutting down and abandoning module MainFrame (97)
[2016.05.19-00.43.09:889][735]LogModuleManager: Shutting down and abandoning module LevelEditor (96)
[2016.05.19-00.43.09:890][735]LogModuleManager: Shutting down and abandoning module ContentBrowser (95)
[2016.05.19-00.43.09:891][735]LogModuleManager: Shutting down and abandoning module Paper2DEditor (94)
[2016.05.19-00.43.09:891][735]LogModuleManager: Shutting down and abandoning module UdpMessaging (93)
[2016.05.19-00.43.09:992][735]LogModuleManager: Shutting down and abandoning module LightPropagationVolumeRuntime (92)
[2016.05.19-00.43.09:992][735]LogModuleManager: Shutting down and abandoning module Paper2D (91)
[2016.05.19-00.43.09:992][735]LogModuleManager: Shutting down and abandoning module WindowsMoviePlayer (90)
[2016.05.19-00.43.09:992][735]LogModuleManager: Shutting down and abandoning module Media (89)
[2016.05.19-00.43.09:992][735]LogModuleManager: Shutting down and abandoning module WmfMedia (88)
[2016.05.19-00.43.09:992][735]LogModuleManager: Shutting down and abandoning module GameLiveStreaming (87)
[2016.05.19-00.43.09:993][735]LogModuleManager: Shutting down and abandoning module GameplayTagsEditor (86)
[2016.05.19-00.43.09:993][735]LogModuleManager: Shutting down and abandoning module OnlineBlueprintSupport (85)
[2016.05.19-00.43.09:993][735]LogModuleManager: Shutting down and abandoning module VREditor (84)
[2016.05.19-00.43.09:993][735]LogModuleManager: Shutting down and abandoning module GameplayTasksEditor (83)
[2016.05.19-00.43.09:993][735]LogModuleManager: Shutting down and abandoning module PropertyEditor (82)
[2016.05.19-00.43.09:994][735]LogModuleManager: Shutting down and abandoning module BehaviorTreeEditor (81)
[2016.05.19-00.43.09:995][735]LogModuleManager: Shutting down and abandoning module FunctionalTesting (80)
[2016.05.19-00.43.09:995][735]LogModuleManager: Shutting down and abandoning module CollisionAnalyzer (79)
[2016.05.19-00.43.09:996][735]LogModuleManager: Shutting down and abandoning module Sequencer (78)
[2016.05.19-00.43.09:997][735]LogModuleManager: Shutting down and abandoning module WorkspaceMenuStructure (77)
[2016.05.19-00.43.09:997][735]LogModuleManager: Shutting down and abandoning module MessageLog (76)
[2016.05.19-00.43.09:997][735]LogModuleManager: Shutting down and abandoning module AssetTools (75)
[2016.05.19-00.43.09:998][735]LogModuleManager: Shutting down and abandoning module UMGEditor (74)
[2016.05.19-00.43.10:000][735]LogModuleManager: Shutting down and abandoning module UMG (73)
[2016.05.19-00.43.10:000][735]LogModuleManager: Shutting down and abandoning module SlateReflector (72)
[2016.05.19-00.43.10:002][735]LogModuleManager: Shutting down and abandoning module Slate (71)
[2016.05.19-00.43.10:002][735]LogModuleManager: Shutting down and abandoning module EditorStyle (70)
[2016.05.19-00.43.10:005][735]LogModuleManager: Shutting down and abandoning module SourceCodeAccess (69)
[2016.05.19-00.43.10:005][735]LogModuleManager: Shutting down and abandoning module HeadMountedDisplay (68)
[2016.05.19-00.43.10:005][735]LogModuleManager: Shutting down and abandoning module XAudio2 (67)
[2016.05.19-00.43.10:005][735]LogModuleManager: Shutting down and abandoning module Networking (65)
[2016.05.19-00.43.10:005][735]LogModuleManager: Shutting down and abandoning module Core (64)
[2016.05.19-00.43.10:005][735]LogModuleManager: Shutting down and abandoning module DirectoryWatcher (63)
[2016.05.19-00.43.10:006][735]LogModuleManager: Shutting down and abandoning module AssetRegistry (62)
[2016.05.19-00.43.10:080][735]LogModuleManager: Shutting down and abandoning module KismetCompiler (61)
[2016.05.19-00.43.10:080][735]LogModuleManager: Shutting down and abandoning module PhysXFormats (60)
[2016.05.19-00.43.10:080][735]LogModuleManager: Shutting down and abandoning module MeshUtilities (59)
[2016.05.19-00.43.10:080][735]LogModuleManager: Shutting down and abandoning module DerivedDataCache (58)
[2016.05.19-00.43.10:139][735]LogDerivedDataCache: Shutdown
[2016.05.19-00.43.10:139][735]LogModuleManager: Shutting down and abandoning module VulkanShaderFormat (57)
[2016.05.19-00.43.10:139][735]LogModuleManager: Shutting down and abandoning module ShaderFormatOpenGL (56)
[2016.05.19-00.43.10:139][735]LogModuleManager: Shutting down and abandoning module ShaderFormatD3D (55)
[2016.05.19-00.43.10:140][735]LogModuleManager: Shutting down and abandoning module MetalShaderFormat (54)
[2016.05.19-00.43.10:140][735]LogModuleManager: Shutting down and abandoning module TextureFormatUncompressed (53)
[2016.05.19-00.43.10:140][735]LogModuleManager: Shutting down and abandoning module TextureFormatPVR (52)
[2016.05.19-00.43.10:140][735]LogModuleManager: Shutting down and abandoning module TextureFormatIntelISPCTexComp (51)
[2016.05.19-00.43.10:140][735]LogModuleManager: Shutting down and abandoning module TextureFormatDXT (50)
[2016.05.19-00.43.10:140][735]LogModuleManager: Shutting down and abandoning module ImageWrapper (49)
[2016.05.19-00.43.10:140][735]LogModuleManager: Shutting down and abandoning module TextureFormatASTC (48)
[2016.05.19-00.43.10:140][735]LogModuleManager: Shutting down and abandoning module TextureFormatAndroid (47)
[2016.05.19-00.43.10:140][735]LogModuleManager: Shutting down and abandoning module AudioFormatOpus (46)
[2016.05.19-00.43.10:140][735]LogModuleManager: Shutting down and abandoning module AudioFormatOgg (45)
[2016.05.19-00.43.10:140][735]LogModuleManager: Shutting down and abandoning module AudioFormatADPCM (44)
[2016.05.19-00.43.10:140][735]LogModuleManager: Shutting down and abandoning module LinuxTargetPlatform (43)
[2016.05.19-00.43.10:140][735]LogModuleManager: Shutting down and abandoning module LinuxServerTargetPlatform (42)
[2016.05.19-00.43.10:140][735]LogModuleManager: Shutting down and abandoning module LinuxNoEditorTargetPlatform (41)
[2016.05.19-00.43.10:140][735]LogModuleManager: Shutting down and abandoning module TVOSTargetPlatform (40)
[2016.05.19-00.43.10:140][735]LogModuleManager: Shutting down and abandoning module Messaging (39)
[2016.05.19-00.43.10:140][735]LogModuleManager: Shutting down and abandoning module IOSTargetPlatform (38)
[2016.05.19-00.43.10:140][735]LogModuleManager: Shutting down and abandoning module HTML5TargetPlatform (37)
[2016.05.19-00.43.10:140][735]LogModuleManager: Shutting down and abandoning module Android_PVRTCTargetPlatform (36)
[2016.05.19-00.43.10:140][735]LogModuleManager: Shutting down and abandoning module Android_MultiTargetPlatform (35)
[2016.05.19-00.43.10:140][735]LogModuleManager: Shutting down and abandoning module Android_ETC2TargetPlatform (34)
[2016.05.19-00.43.10:140][735]LogModuleManager: Shutting down and abandoning module Android_ETC1TargetPlatform (33)
[2016.05.19-00.43.10:140][735]LogModuleManager: Shutting down and abandoning module Android_DXTTargetPlatform (32)
[2016.05.19-00.43.10:140][735]LogModuleManager: Shutting down and abandoning module Android_ATCTargetPlatform (31)
[2016.05.19-00.43.10:140][735]LogModuleManager: Shutting down and abandoning module Android_ASTCTargetPlatform (30)
[2016.05.19-00.43.10:140][735]LogModuleManager: Shutting down and abandoning module AndroidTargetPlatform (29)
[2016.05.19-00.43.10:140][735]LogModuleManager: Shutting down and abandoning module WindowsTargetPlatform (28)
[2016.05.19-00.43.10:140][735]LogModuleManager: Shutting down and abandoning module WindowsServerTargetPlatform (27)
[2016.05.19-00.43.10:140][735]LogModuleManager: Shutting down and abandoning module WindowsNoEditorTargetPlatform (26)
[2016.05.19-00.43.10:140][735]LogModuleManager: Shutting down and abandoning module WindowsClientTargetPlatform (25)
[2016.05.19-00.43.10:140][735]LogModuleManager: Shutting down and abandoning module AllDesktopTargetPlatform (24)
[2016.05.19-00.43.10:140][735]LogModuleManager: Shutting down and abandoning module TargetPlatform (23)
[2016.05.19-00.43.10:141][735]LogModuleManager: Shutting down and abandoning module InputCore (22)
[2016.05.19-00.43.10:141][735]LogModuleManager: Shutting down and abandoning module Settings (21)
[2016.05.19-00.43.10:141][735]LogModuleManager: Shutting down and abandoning module OnlineSubsystem (19)
[2016.05.19-00.43.10:141][735]LogModuleManager: Shutting down and abandoning module HTTP (18)
[2016.05.19-00.43.11:643][735]LogModuleManager: Shutting down and abandoning module XMPP (17)
[2016.05.19-00.43.11:643][735]LogModuleManager: Shutting down and abandoning module OculusRift (16)
[2016.05.19-00.43.11:644][735]LogModuleManager: Shutting down and abandoning module ExampleDeviceProfileSelector (15)
[2016.05.19-00.43.11:644][735]LogModuleManager: Shutting down and abandoning module TextureCompressor (14)
[2016.05.19-00.43.11:644][735]LogModuleManager: Shutting down and abandoning module ShaderCore (13)
[2016.05.19-00.43.11:644][735]LogModuleManager: Shutting down and abandoning module Landscape (12)
[2016.05.19-00.43.11:644][735]LogModuleManager: Shutting down and abandoning module SlateRHIRenderer (11)
[2016.05.19-00.43.11:646][735]LogModuleManager: Shutting down and abandoning module OpenGLDrv (10)
[2016.05.19-00.43.11:646][735]LogModuleManager: Shutting down and abandoning module D3D11RHI (9)
[2016.05.19-00.43.11:646][735]LogModuleManager: Shutting down and abandoning module AnimGraphRuntime (8)
[2016.05.19-00.43.11:646][735]LogModuleManager: Shutting down and abandoning module Renderer (7)
[2016.05.19-00.43.11:646][735]LogModuleManager: Shutting down and abandoning module Engine (6)
[2016.05.19-00.43.11:646][735]LogModuleManager: Shutting down and abandoning module CoreUObject (5)
[2016.05.19-00.43.11:646][735]LogModuleManager: Shutting down and abandoning module NetworkFile (4)
[2016.05.19-00.43.11:647][735]LogModuleManager: Shutting down and abandoning module StreamingFile (3)
[2016.05.19-00.43.11:647][735]LogModuleManager: Shutting down and abandoning module SandboxFile (2)
[2016.05.19-00.43.11:647][735]LogModuleManager: Shutting down and abandoning module PakFile (1)
[2016.05.19-00.43.11:649][735]LogExit: Exiting.
[2016.05.19-00.43.11:657][735]Log file closed, 05/18/16 20:43:11
