Log file open, 05/18/16 20:03:23
LogInit:Display: Running engine for game: ProjectMotorcycle
LogPlatformFile: Not using cached read wrapper
LogInit:Display: RandInit(-122836515) SRandInit(-122836514).
LogTaskGraph: Started task graph with 4 named threads and 7 total threads with 1 sets of task threads.
LogStats: Stats thread started at 0.068494
LogInit: Version: 4.12.0-2978217+++UE4+Release-4.12
LogInit: API Version: 2978217
LogInit: Net Version: 2978217
LogDevObjectVersion: Number of dev versions registered: 13
LogDevObjectVersion:   Dev-Blueprints (B0D832E4-1F89-4F0D-ACCF-7EB736FD4AA2): 3
LogDevObjectVersion:   Dev-Build (E1C64328-A22C-4D53-A36C-8E866417BD8C): 0
LogDevObjectVersion:   Dev-Core (375EC13C-06E4-48FB-B500-84F0262A717E): 1
LogDevObjectVersion:   Dev-Editor (E4B068ED-F494-42E9-A231-DA0B2E46BB41): 2
LogDevObjectVersion:   Dev-Framework (CFFC743F-43B0-4480-9391-14DF171D2073): 6
LogDevObjectVersion:   Dev-Mobile (B02B49B5-BB20-44E9-A304-32B752E40360): 0
LogDevObjectVersion:   Dev-Networking (A4E4105C-59A1-49B5-A7C5-40C4547EDFEE): 0
LogDevObjectVersion:   Dev-Online (39C831C9-5AE6-47DC-9A44-9C173E1C8E7C): 0
LogDevObjectVersion:   Dev-Physics (78F01B33-EBEA-4F98-B9B4-84EACCB95AA2): 0
LogDevObjectVersion:   Dev-Platform (6631380F-2D4D-43E0-8009-CF276956A95A): 0
LogDevObjectVersion:   Dev-Rendering (12F88B9F-8875-4AFC-A67C-D90C383ABD29): 2
LogDevObjectVersion:   Dev-Sequencer (7B5AE74C-D270-4C10-A958-57980B212A5A): 0
LogDevObjectVersion:   Dev-VR (D7296918-1DD6-4BDD-9DE2-64A83CC13884): 0
LogInit: Compiled (64-bit): May 16 2016 02:11:06
LogInit: Compiled with Visual C++: 19.00.23026.00
LogInit: Build Configuration: Development
LogInit: Branch Name: ++UE4+Release-4.12
LogInit: Command line: -EpicPortal 
LogInit: Base directory: C:/Program Files (x86)/Epic Games/4.12/Engine/Binaries/Win64/
LogInit: Installed Engine Build: 1
LogInit: Using libcurl 7.41.0
LogInit:  - built for x86_64-pc-win32
LogInit:  - supports SSL with WinSSL
LogInit:  - other features:
LogInit:      CURL_VERSION_SSL
LogInit:      CURL_VERSION_IPV6
LogInit:      CURL_VERSION_ASYNCHDNS
LogInit:      CURL_VERSION_LARGEFILE
LogInit:      CURL_VERSION_IDN
LogInit:  CurlRequestOptions (configurable via config and command line):
LogInit:  - bVerifyPeer = true  - Libcurl will verify peer certificate
LogInit:  - bUseHttpProxy = false  - Libcurl will NOT use HTTP proxy
LogInit:  - bDontReuseConnections = false  - Libcurl will reuse connections
LogInit:  - CertBundlePath = nullptr  - Libcurl will use whatever was configured at build time.
LogInit: Presizing for max 16777216 objects, including 0 objects not considered by GC, pre-allocating 0 bytes for permanent pool.
LogInit: Object subsystem initialized
[2016.05.19-00.03.23:757][  0]LogInit: Selected Device Profile: [Windows]
[2016.05.19-00.03.23:757][  0]LogInit: Applying CVar settings loaded from the selected device profile: [Windows]
[2016.05.19-00.03.23:766][  0]LogInit: Computer: TDESKTOP
[2016.05.19-00.03.23:766][  0]LogInit: User: Tyler
[2016.05.19-00.03.23:766][  0]LogInit: CPU Page size=65536, Cores=4
[2016.05.19-00.03.23:766][  0]LogInit: High frequency timer resolution =3.417971 MHz
[2016.05.19-00.03.23:766][  0]LogMemory: Memory total: Physical=31.9GB (32GB approx)
[2016.05.19-00.03.23:766][  0]LogMemory: Platform Memory Stats for Windows
[2016.05.19-00.03.23:766][  0]LogMemory: Process Physical Memory: 318.38 MB used, 318.38 MB peak
[2016.05.19-00.03.23:766][  0]LogMemory: Process Virtual Memory: 323.48 MB used, 323.48 MB peak
[2016.05.19-00.03.23:766][  0]LogMemory: Physical Memory: 8538.41 MB used, 32697.36 MB total
[2016.05.19-00.03.23:766][  0]LogMemory: Virtual Memory: 682.06 MB used, 134217728.00 MB total
[2016.05.19-00.03.23:798][  0]LogTextLocalizationManager: No specific translations for ('en-US') exist, so ('en') translations will be used.
[2016.05.19-00.03.24:199][  0]LogD3D11RHI: D3D11 adapters:
[2016.05.19-00.03.24:220][  0]LogD3D11RHI:    0. 'NVIDIA GeForce GTX 970' (Feature Level 11_0)
[2016.05.19-00.03.24:220][  0]LogD3D11RHI:       4008/0/16348 MB DedicatedVideo/DedicatedSystem/SharedSystem, Outputs:1, VendorId:0x10de
[2016.05.19-00.03.24:244][  0]LogD3D11RHI:    1. 'NVIDIA GeForce GTX 970' (Feature Level 11_0)
[2016.05.19-00.03.24:244][  0]LogD3D11RHI:       4008/0/16348 MB DedicatedVideo/DedicatedSystem/SharedSystem, Outputs:1, VendorId:0x10de
[2016.05.19-00.03.24:245][  0]LogD3D11RHI:    2. 'Microsoft Basic Render Driver' (Feature Level 11_0)
[2016.05.19-00.03.24:245][  0]LogD3D11RHI:       0/0/16348 MB DedicatedVideo/DedicatedSystem/SharedSystem, Outputs:0, VendorId:0x1414
[2016.05.19-00.03.24:245][  0]LogD3D11RHI: Chosen D3D11 Adapter: 0
[2016.05.19-00.03.24:248][  0]LogD3D11RHI: Creating new Direct3DDevice
[2016.05.19-00.03.24:248][  0]LogD3D11RHI:     GPU DeviceId: 0x13c2 (for the marketing name, search the web for "GPU Device Id")
[2016.05.19-00.03.24:248][  0]LogWindows: EnumDisplayDevices:
[2016.05.19-00.03.24:249][  0]LogWindows:    0. 'NVIDIA GeForce GTX 970' (P:1 D:1)
[2016.05.19-00.03.24:249][  0]LogWindows:    1. 'NVIDIA GeForce GTX 970' (P:0 D:0)
[2016.05.19-00.03.24:249][  0]LogWindows:    2. 'NVIDIA GeForce GTX 970' (P:0 D:0)
[2016.05.19-00.03.24:249][  0]LogWindows:    3. 'NVIDIA GeForce GTX 970' (P:0 D:0)
[2016.05.19-00.03.24:249][  0]LogWindows:    4. 'NVIDIA GeForce GTX 970' (P:0 D:1)
[2016.05.19-00.03.24:249][  0]LogWindows:    5. 'NVIDIA GeForce GTX 970' (P:0 D:0)
[2016.05.19-00.03.24:249][  0]LogWindows:    6. 'NVIDIA GeForce GTX 970' (P:0 D:0)
[2016.05.19-00.03.24:249][  0]LogWindows:    7. 'NVIDIA GeForce GTX 970' (P:0 D:0)
[2016.05.19-00.03.24:249][  0]LogWindows: DebugString: FoundDriverCount:8 
[2016.05.19-00.03.24:249][  0]LogD3D11RHI:     Adapter Name: NVIDIA GeForce GTX 970
[2016.05.19-00.03.24:249][  0]LogD3D11RHI:   Driver Version: 358.91 (internal:10.18.13.5891, unified:358.91)
[2016.05.19-00.03.24:249][  0]LogD3D11RHI:      Driver Date: 11-5-2015
[2016.05.19-00.03.24:249][  0]LogRHI: Texture pool is 1361 MB (70% of 1945 MB)
[2016.05.19-00.03.24:259][  0]LogD3D11RHI: Async texture creation enabled
[2016.05.19-00.03.24:274][  0]LogD3D11RHI: GPU Timing Frequency: 1000.000000 (Debug: 2 2)
[2016.05.19-00.03.24:274][  0]LogShaderCompilers: Guid format shader working directory is 10 characters bigger than the processId version (D:/Unreal Projects/ProjectMotorcycle/Intermediate/Shaders/WorkingDirectory/8464/).
[2016.05.19-00.03.24:274][  0]LogShaderCompilers: Cleaned the shader compiler working directory 'C:/Users/Tyler/AppData/Local/Temp/UnrealShaderWorkingDir/0287692A4E1AE41AE9DCFCBF28860443/'.
[2016.05.19-00.03.24:274][  0]LogShaderCompilers:Display: Using Local Shader Compiler.
[2016.05.19-00.03.25:031][  0]LogTemp:Display: Loaded TP AllDesktopTargetPlatform
[2016.05.19-00.03.25:038][  0]LogTemp:Display: Loaded TP WindowsClientTargetPlatform
[2016.05.19-00.03.25:044][  0]LogTemp:Display: Loaded TP WindowsNoEditorTargetPlatform
[2016.05.19-00.03.25:051][  0]LogTemp:Display: Loaded TP WindowsServerTargetPlatform
[2016.05.19-00.03.25:058][  0]LogTemp:Display: Loaded TP WindowsTargetPlatform
[2016.05.19-00.03.25:064][  0]LogTemp:Display: Loaded TP AndroidTargetPlatform
[2016.05.19-00.03.25:069][  0]LogTemp:Display: Loaded TP Android_ASTCTargetPlatform
[2016.05.19-00.03.25:075][  0]LogTemp:Display: Loaded TP Android_ATCTargetPlatform
[2016.05.19-00.03.25:081][  0]LogTemp:Display: Loaded TP Android_DXTTargetPlatform
[2016.05.19-00.03.25:087][  0]LogTemp:Display: Loaded TP Android_ETC1TargetPlatform
[2016.05.19-00.03.25:093][  0]LogTemp:Display: Loaded TP Android_ETC2TargetPlatform
[2016.05.19-00.03.25:111][  0]LogTemp:Display: Loaded TP Android_MultiTargetPlatform
[2016.05.19-00.03.25:111][  0]LogTemp:Display: Loaded TP Android_PVRTCTargetPlatform
[2016.05.19-00.03.25:112][  0]LogTemp:Display: Loaded TP HTML5TargetPlatform
[2016.05.19-00.03.25:132][  0]LogTemp:Display: Loaded TP IOSTargetPlatform
[2016.05.19-00.03.25:139][  0]LogTemp:Display: Loaded TP TVOSTargetPlatform
[2016.05.19-00.03.25:145][  0]LogTemp:Display: Loaded TP LinuxNoEditorTargetPlatform
[2016.05.19-00.03.25:151][  0]LogTemp:Display: Loaded TP LinuxServerTargetPlatform
[2016.05.19-00.03.25:156][  0]LogTemp:Display: Loaded TP LinuxTargetPlatform
[2016.05.19-00.03.25:156][  0]LogTargetPlatformManager:Display: Building Assets For Windows
[2016.05.19-00.03.25:205][  0]LogDerivedDataCache:Display: Max Cache Size: 512 MB
[2016.05.19-00.03.25:274][  0]LogDerivedDataCache: Loaded boot cache 0.07s 48MB C:/Users/Tyler/AppData/Local/UnrealEngine/4.12/DerivedDataCache/Boot.ddc.
[2016.05.19-00.03.25:274][  0]LogDerivedDataCache:Display: Loaded Boot cache: C:/Users/Tyler/AppData/Local/UnrealEngine/4.12/DerivedDataCache/Boot.ddc
[2016.05.19-00.03.25:274][  0]LogDerivedDataCache: FDerivedDataBackendGraph:  Pak pak cache file D:/Unreal Projects/ProjectMotorcycle/DerivedDataCache/DDC.ddp not found, will not use a pak cache.
[2016.05.19-00.03.25:274][  0]LogDerivedDataCache: Unable to find inner node Pak for hierarchical cache Hierarchy.
[2016.05.19-00.03.25:274][  0]LogDerivedDataCache: FDerivedDataBackendGraph:  CompressedPak pak cache file D:/Unreal Projects/ProjectMotorcycle/DerivedDataCache/Compressed.ddp not found, will not use a pak cache.
[2016.05.19-00.03.25:274][  0]LogDerivedDataCache: Unable to find inner node CompressedPak for hierarchical cache Hierarchy.
[2016.05.19-00.03.25:290][  0]LogDerivedDataCache:Display: Pak cache opened for reading ../../../Engine/DerivedDataCache/Compressed.ddp.
[2016.05.19-00.03.25:302][  0]LogDerivedDataCache: Using Local data cache path C:/Users/Tyler/AppData/Local/UnrealEngine/Common/DerivedDataCache: Writable
[2016.05.19-00.03.25:456][  0]LogInit: Selected Device Profile: [Windows]
[2016.05.19-00.03.25:456][  0]LogContentStreaming: Texture pool size is 0.00 MB
[2016.05.19-00.03.25:577][  0]LogMeshUtilities: No automatic mesh reduction module available
[2016.05.19-00.03.25:577][  0]LogMeshUtilities: No automatic mesh merging module available
[2016.05.19-00.03.25:577][  0]LogMeshUtilities: No distributed automatic mesh merging module available
[2016.05.19-00.03.25:777][  0]LogAssetRegistry: FAssetRegistry took 0.0214 seconds to start up
[2016.05.19-00.03.25:794][  0]LogPackageLocalizationCache: Processed 3 localized package path(s) for 2 prioritized culture(s) in 0.015529 seconds
[2016.05.19-00.03.25:798][  0]LogUObjectArray: 28737 objects as part of root set at end of initial load.
[2016.05.19-00.03.25:798][  0]LogUObjectAllocator: 5854888 out of 0 bytes used by permanent object pool.
[2016.05.19-00.03.25:798][  0]LogUObjectArray: CloseDisregardForGC: 0/0 objects in disregard for GC pool
[2016.05.19-00.03.25:805][  0]LogInit: WinSock: version 1.1 (2.2), MaxSocks=32767, MaxUdp=65467
[2016.05.19-00.03.25:934][  0]LogSlate: SlateFontCache - WITH_FREETYPE: 1, WITH_HARFBUZZ: 1
[2016.05.19-00.03.25:934][  0]LogSlate: SlateFontCache - WITH_FREETYPE: 1, WITH_HARFBUZZ: 1
[2016.05.19-00.03.26:499][  0]LogUdpMessaging: Initializing bridge on interface 0.0.0.0:0 to multicast group 230.0.0.1:6666.
[2016.05.19-00.03.26:672][  0]SourceControl: Info Source control is disabled
[2016.05.19-00.03.26:694][  0]SourceControl: Info Source control is disabled
[2016.05.19-00.03.26:699][  0]SourceControl: Info Source control is disabled
[2016.05.19-00.03.26:704][  0]SourceControl: Info Source control is disabled
[2016.05.19-00.03.26:842][  0]LogEngine: Initializing Engine...
[2016.05.19-00.03.26:843][  0]LogHMD: SteamVR failed to initialize.  Err: 110
[2016.05.19-00.03.26:844][  0]LogHMD: SteamVR failed to initialize.  Err: 110
[2016.05.19-00.03.26:950][  0]LogAIModule: Creating AISystem for world NewWorld
[2016.05.19-00.03.26:964][  0]LogInit: XAudio2 using 'Speakers (2- Ear Force Stealth 450)' : 2 channels at 44.1 kHz using 16 bits per sample (channel mask 0x3)
[2016.05.19-00.03.26:971][  0]LogInit: FAudioDevice initialized.
[2016.05.19-00.03.26:990][  0]LogDerivedDataCache: Saved boot cache 0.02s 48MB C:/Users/Tyler/AppData/Local/UnrealEngine/4.12/DerivedDataCache/Boot.ddc.
[2016.05.19-00.03.26:995][  0]LogInit: Texture streaming: Enabled
[2016.05.19-00.03.27:011][  0]LogInit: Transaction tracking system initialized
[2016.05.19-00.03.27:027][  0]BlueprintLog: New page: Editor Load
[2016.05.19-00.03.27:066][  0]LogInit:Warning: CVar named 'r.MobileHDR' marked up in RendererSettings was not found or is set to read-only
[2016.05.19-00.03.27:198][  0]LocalizationService: Info Localization service is disabled
[2016.05.19-00.03.27:259][  0]LogConsoleResponse:Display: 
[2016.05.19-00.03.27:341][  0]LogCook:Display: Max memory allowance for cook 8192mb
[2016.05.19-00.03.27:341][  0]LogCook:Display: Mobile HDR setting 0
[2016.05.19-00.03.27:408][  0]LogFileCache: Scanning file cache for directory 'D:/Unreal Projects/ProjectMotorcycle/Content/' took 0.01s
[2016.05.19-00.03.27:408][  0]SourceControl: Info Source control is disabled
[2016.05.19-00.03.27:408][  0]LogFactory: FactoryCreateFile: PackFactory with PackFactory (0 0 C:/Program Files (x86)/Epic Games/4.12/FeaturePacks/StarterContent.upack)
[2016.05.19-00.03.27:416][  0]LogPackFactory: Finished extracting 8 files (including 0 errors).
[2016.05.19-00.03.27:418][  0]LogPackFactory: Copied "../../../Samples/StarterContent/Content/StarterContent/Architecture/Floor_400x400.uasset" to "D:/Unreal Projects/ProjectMotorcycle/Content/StarterContent/Architecture/Floor_400x400.uasset"
[2016.05.19-00.03.27:421][  0]LogPackFactory: Copied "../../../Samples/StarterContent/Content/StarterContent/Architecture/Pillar_50x500.uasset" to "D:/Unreal Projects/ProjectMotorcycle/Content/StarterContent/Architecture/Pillar_50x500.uasset"
[2016.05.19-00.03.27:426][  0]LogPackFactory: Copied "../../../Samples/StarterContent/Content/StarterContent/Architecture/SM_AssetPlatform.uasset" to "D:/Unreal Projects/ProjectMotorcycle/Content/StarterContent/Architecture/SM_AssetPlatform.uasset"
[2016.05.19-00.03.27:434][  0]LogPackFactory: Copied "../../../Samples/StarterContent/Content/StarterContent/Architecture/Wall_400x200.uasset" to "D:/Unreal Projects/ProjectMotorcycle/Content/StarterContent/Architecture/Wall_400x200.uasset"
[2016.05.19-00.03.27:437][  0]LogPackFactory: Copied "../../../Samples/StarterContent/Content/StarterContent/Architecture/Wall_400x300.uasset" to "D:/Unreal Projects/ProjectMotorcycle/Content/StarterContent/Architecture/Wall_400x300.uasset"
[2016.05.19-00.03.27:439][  0]LogPackFactory: Copied "../../../Samples/StarterContent/Content/StarterContent/Architecture/Wall_400x400.uasset" to "D:/Unreal Projects/ProjectMotorcycle/Content/StarterContent/Architecture/Wall_400x400.uasset"
[2016.05.19-00.03.27:441][  0]LogPackFactory: Copied "../../../Samples/StarterContent/Content/StarterContent/Architecture/Wall_500x500.uasset" to "D:/Unreal Projects/ProjectMotorcycle/Content/StarterContent/Architecture/Wall_500x500.uasset"
[2016.05.19-00.03.27:443][  0]LogPackFactory: Copied "../../../Samples/StarterContent/Content/StarterContent/Architecture/Wall_Door_400x300.uasset" to "D:/Unreal Projects/ProjectMotorcycle/Content/StarterContent/Architecture/Wall_Door_400x300.uasset"
[2016.05.19-00.03.27:445][  0]LogPackFactory: Copied "../../../Samples/StarterContent/Content/StarterContent/Architecture/Wall_Door_400x400.uasset" to "D:/Unreal Projects/ProjectMotorcycle/Content/StarterContent/Architecture/Wall_Door_400x400.uasset"
[2016.05.19-00.03.27:447][  0]LogPackFactory: Copied "../../../Samples/StarterContent/Content/StarterContent/Architecture/Wall_Window_400x300.uasset" to "D:/Unreal Projects/ProjectMotorcycle/Content/StarterContent/Architecture/Wall_Window_400x300.uasset"
[2016.05.19-00.03.27:449][  0]LogPackFactory: Copied "../../../Samples/StarterContent/Content/StarterContent/Architecture/Wall_Window_400x400.uasset" to "D:/Unreal Projects/ProjectMotorcycle/Content/StarterContent/Architecture/Wall_Window_400x400.uasset"
[2016.05.19-00.03.27:451][  0]LogPackFactory: Copied "../../../Samples/StarterContent/Content/StarterContent/Audio/Collapse01.uasset" to "D:/Unreal Projects/ProjectMotorcycle/Content/StarterContent/Audio/Collapse01.uasset"
[2016.05.19-00.03.27:453][  0]LogPackFactory: Copied "../../../Samples/StarterContent/Content/StarterContent/Audio/Collapse02.uasset" to "D:/Unreal Projects/ProjectMotorcycle/Content/StarterContent/Audio/Collapse02.uasset"
[2016.05.19-00.03.27:455][  0]LogPackFactory: Copied "../../../Samples/StarterContent/Content/StarterContent/Audio/Collapse_Cue.uasset" to "D:/Unreal Projects/ProjectMotorcycle/Content/StarterContent/Audio/Collapse_Cue.uasset"
[2016.05.19-00.03.27:457][  0]LogPackFactory: Copied "../../../Samples/StarterContent/Content/StarterContent/Audio/Explosion01.uasset" to "D:/Unreal Projects/ProjectMotorcycle/Content/StarterContent/Audio/Explosion01.uasset"
[2016.05.19-00.03.27:459][  0]LogPackFactory: Copied "../../../Samples/StarterContent/Content/StarterContent/Audio/Explosion02.uasset" to "D:/Unreal Projects/ProjectMotorcycle/Content/StarterContent/Audio/Explosion02.uasset"
[2016.05.19-00.03.27:461][  0]LogPackFactory: Copied "../../../Samples/StarterContent/Content/StarterContent/Audio/Explosion_Cue.uasset" to "D:/Unreal Projects/ProjectMotorcycle/Content/StarterContent/Audio/Explosion_Cue.uasset"
[2016.05.19-00.03.27:463][  0]LogPackFactory: Copied "../../../Samples/StarterContent/Content/StarterContent/Audio/Fire01.uasset" to "D:/Unreal Projects/ProjectMotorcycle/Content/StarterContent/Audio/Fire01.uasset"
[2016.05.19-00.03.27:465][  0]LogPackFactory: Copied "../../../Samples/StarterContent/Content/StarterContent/Audio/Fire01_Cue.uasset" to "D:/Unreal Projects/ProjectMotorcycle/Content/StarterContent/Audio/Fire01_Cue.uasset"
[2016.05.19-00.03.27:468][  0]LogPackFactory: Copied "../../../Samples/StarterContent/Content/StarterContent/Audio/Fire_Sparks01.uasset" to "D:/Unreal Projects/ProjectMotorcycle/Content/StarterContent/Audio/Fire_Sparks01.uasset"
[2016.05.19-00.03.27:469][  0]LogPackFactory: Copied "../../../Samples/StarterContent/Content/StarterContent/Audio/Fire_Sparks01_Cue.uasset" to "D:/Unreal Projects/ProjectMotorcycle/Content/StarterContent/Audio/Fire_Sparks01_Cue.uasset"
[2016.05.19-00.03.27:471][  0]LogPackFactory: Copied "../../../Samples/StarterContent/Content/StarterContent/Audio/Light01.uasset" to "D:/Unreal Projects/ProjectMotorcycle/Content/StarterContent/Audio/Light01.uasset"
[2016.05.19-00.03.27:473][  0]LogPackFactory: Copied "../../../Samples/StarterContent/Content/StarterContent/Audio/Light01_Cue.uasset" to "D:/Unreal Projects/ProjectMotorcycle/Content/StarterContent/Audio/Light01_Cue.uasset"
[2016.05.19-00.03.27:475][  0]LogPackFactory: Copied "../../../Samples/StarterContent/Content/StarterContent/Audio/Light02.uasset" to "D:/Unreal Projects/ProjectMotorcycle/Content/StarterContent/Audio/Light02.uasset"
[2016.05.19-00.03.27:477][  0]LogPackFactory: Copied "../../../Samples/StarterContent/Content/StarterContent/Audio/Light02_Cue.uasset" to "D:/Unreal Projects/ProjectMotorcycle/Content/StarterContent/Audio/Light02_Cue.uasset"
[2016.05.19-00.03.27:479][  0]LogPackFactory: Copied "../../../Samples/StarterContent/Content/StarterContent/Audio/Smoke01.uasset" to "D:/Unreal Projects/ProjectMotorcycle/Content/StarterContent/Audio/Smoke01.uasset"
[2016.05.19-00.03.27:481][  0]LogPackFactory: Copied "../../../Samples/StarterContent/Content/StarterContent/Audio/Smoke01_Cue.uasset" to "D:/Unreal Projects/ProjectMotorcycle/Content/StarterContent/Audio/Smoke01_Cue.uasset"
[2016.05.19-00.03.27:482][  0]LogPackFactory: Copied "../../../Samples/StarterContent/Content/StarterContent/Audio/Starter_Background_Cue.uasset" to "D:/Unreal Projects/ProjectMotorcycle/Content/StarterContent/Audio/Starter_Background_Cue.uasset"
[2016.05.19-00.03.27:486][  0]LogPackFactory: Copied "../../../Samples/StarterContent/Content/StarterContent/Audio/Starter_Birds01.uasset" to "D:/Unreal Projects/ProjectMotorcycle/Content/StarterContent/Audio/Starter_Birds01.uasset"
[2016.05.19-00.03.27:492][  0]LogPackFactory: Copied "../../../Samples/StarterContent/Content/StarterContent/Audio/Starter_Music01.uasset" to "D:/Unreal Projects/ProjectMotorcycle/Content/StarterContent/Audio/Starter_Music01.uasset"
[2016.05.19-00.03.27:494][  0]LogPackFactory: Copied "../../../Samples/StarterContent/Content/StarterContent/Audio/Starter_Music_Cue.uasset" to "D:/Unreal Projects/ProjectMotorcycle/Content/StarterContent/Audio/Starter_Music_Cue.uasset"
[2016.05.19-00.03.27:497][  0]LogPackFactory: Copied "../../../Samples/StarterContent/Content/StarterContent/Audio/Starter_Wind05.uasset" to "D:/Unreal Projects/ProjectMotorcycle/Content/StarterContent/Audio/Starter_Wind05.uasset"
[2016.05.19-00.03.27:501][  0]LogPackFactory: Copied "../../../Samples/StarterContent/Content/StarterContent/Audio/Starter_Wind06.uasset" to "D:/Unreal Projects/ProjectMotorcycle/Content/StarterContent/Audio/Starter_Wind06.uasset"
[2016.05.19-00.03.27:503][  0]LogPackFactory: Copied "../../../Samples/StarterContent/Content/StarterContent/Audio/Steam01.uasset" to "D:/Unreal Projects/ProjectMotorcycle/Content/StarterContent/Audio/Steam01.uasset"
[2016.05.19-00.03.27:505][  0]LogPackFactory: Copied "../../../Samples/StarterContent/Content/StarterContent/Audio/Steam01_Cue.uasset" to "D:/Unreal Projects/ProjectMotorcycle/Content/StarterContent/Audio/Steam01_Cue.uasset"
[2016.05.19-00.03.27:507][  0]LogPackFactory: Copied "../../../Samples/StarterContent/Content/StarterContent/Blueprints/Blueprint_CeilingLight.uasset" to "D:/Unreal Projects/ProjectMotorcycle/Content/StarterContent/Blueprints/Blueprint_CeilingLight.uasset"
[2016.05.19-00.03.27:509][  0]LogPackFactory: Copied "../../../Samples/StarterContent/Content/StarterContent/Blueprints/Blueprint_Effect_Explosion.uasset" to "D:/Unreal Projects/ProjectMotorcycle/Content/StarterContent/Blueprints/Blueprint_Effect_Explosion.uasset"
[2016.05.19-00.03.27:511][  0]LogPackFactory: Copied "../../../Samples/StarterContent/Content/StarterContent/Blueprints/Blueprint_Effect_Fire.uasset" to "D:/Unreal Projects/ProjectMotorcycle/Content/StarterContent/Blueprints/Blueprint_Effect_Fire.uasset"
[2016.05.19-00.03.27:514][  0]LogPackFactory: Copied "../../../Samples/StarterContent/Content/StarterContent/Blueprints/Blueprint_Effect_Smoke.uasset" to "D:/Unreal Projects/ProjectMotorcycle/Content/StarterContent/Blueprints/Blueprint_Effect_Smoke.uasset"
[2016.05.19-00.03.27:515][  0]LogPackFactory: Copied "../../../Samples/StarterContent/Content/StarterContent/Blueprints/Blueprint_Effect_Sparks.uasset" to "D:/Unreal Projects/ProjectMotorcycle/Content/StarterContent/Blueprints/Blueprint_Effect_Sparks.uasset"
[2016.05.19-00.03.27:518][  0]LogPackFactory: Copied "../../../Samples/StarterContent/Content/StarterContent/Blueprints/Blueprint_Effect_Steam.uasset" to "D:/Unreal Projects/ProjectMotorcycle/Content/StarterContent/Blueprints/Blueprint_Effect_Steam.uasset"
[2016.05.19-00.03.27:520][  0]LogPackFactory: Copied "../../../Samples/StarterContent/Content/StarterContent/Blueprints/Blueprint_WallSconce.uasset" to "D:/Unreal Projects/ProjectMotorcycle/Content/StarterContent/Blueprints/Blueprint_WallSconce.uasset"
[2016.05.19-00.03.27:522][  0]LogPackFactory: Copied "../../../Samples/StarterContent/Content/StarterContent/Blueprints/BP_LightStudio.uasset" to "D:/Unreal Projects/ProjectMotorcycle/Content/StarterContent/Blueprints/BP_LightStudio.uasset"
[2016.05.19-00.03.27:524][  0]LogPackFactory: Copied "../../../Samples/StarterContent/Content/StarterContent/Blueprints/Assets/FogBrightnessLUT.uasset" to "D:/Unreal Projects/ProjectMotorcycle/Content/StarterContent/Blueprints/Assets/FogBrightnessLUT.uasset"
[2016.05.19-00.03.27:526][  0]LogPackFactory: Copied "../../../Samples/StarterContent/Content/StarterContent/Blueprints/Assets/M_LightStage_Arrows.uasset" to "D:/Unreal Projects/ProjectMotorcycle/Content/StarterContent/Blueprints/Assets/M_LightStage_Arrows.uasset"
[2016.05.19-00.03.27:528][  0]LogPackFactory: Copied "../../../Samples/StarterContent/Content/StarterContent/Blueprints/Assets/M_LightStage_Skybox_Black.uasset" to "D:/Unreal Projects/ProjectMotorcycle/Content/StarterContent/Blueprints/Assets/M_LightStage_Skybox_Black.uasset"
[2016.05.19-00.03.27:530][  0]LogPackFactory: Copied "../../../Samples/StarterContent/Content/StarterContent/Blueprints/Assets/M_LightStage_Skybox_HDRI.uasset" to "D:/Unreal Projects/ProjectMotorcycle/Content/StarterContent/Blueprints/Assets/M_LightStage_Skybox_HDRI.uasset"
[2016.05.19-00.03.27:531][  0]LogPackFactory: Copied "../../../Samples/StarterContent/Content/StarterContent/Blueprints/Assets/M_LightStage_Skybox_Master.uasset" to "D:/Unreal Projects/ProjectMotorcycle/Content/StarterContent/Blueprints/Assets/M_LightStage_Skybox_Master.uasset"
[2016.05.19-00.03.27:534][  0]LogPackFactory: Copied "../../../Samples/StarterContent/Content/StarterContent/Blueprints/Assets/Skybox.uasset" to "D:/Unreal Projects/ProjectMotorcycle/Content/StarterContent/Blueprints/Assets/Skybox.uasset"
[2016.05.19-00.03.27:536][  0]LogPackFactory: Copied "../../../Samples/StarterContent/Content/StarterContent/Blueprints/Assets/SM_Arrows.uasset" to "D:/Unreal Projects/ProjectMotorcycle/Content/StarterContent/Blueprints/Assets/SM_Arrows.uasset"
[2016.05.19-00.03.27:538][  0]LogPackFactory: Copied "../../../Samples/StarterContent/Content/StarterContent/Blueprints/Assets/SunlightColorLUT.uasset" to "D:/Unreal Projects/ProjectMotorcycle/Content/StarterContent/Blueprints/Assets/SunlightColorLUT.uasset"
[2016.05.19-00.03.27:579][  0]LogPackFactory: Copied "../../../Samples/StarterContent/Content/StarterContent/HDRI/HDRI_Epic_Courtyard_Daylight.uasset" to "D:/Unreal Projects/ProjectMotorcycle/Content/StarterContent/HDRI/HDRI_Epic_Courtyard_Daylight.uasset"
[2016.05.19-00.03.27:583][  0]LogPackFactory: Copied "../../../Samples/StarterContent/Content/StarterContent/Maps/Advanced_Lighting.umap" to "D:/Unreal Projects/ProjectMotorcycle/Content/StarterContent/Maps/Advanced_Lighting.umap"
[2016.05.19-00.03.27:588][  0]LogPackFactory: Copied "../../../Samples/StarterContent/Content/StarterContent/Maps/Minimal_Default.umap" to "D:/Unreal Projects/ProjectMotorcycle/Content/StarterContent/Maps/Minimal_Default.umap"
[2016.05.19-00.03.27:598][  0]LogPackFactory: Copied "../../../Samples/StarterContent/Content/StarterContent/Maps/StarterMap.umap" to "D:/Unreal Projects/ProjectMotorcycle/Content/StarterContent/Maps/StarterMap.umap"
[2016.05.19-00.03.27:600][  0]LogPackFactory: Copied "../../../Samples/StarterContent/Content/StarterContent/Materials/M_AssetPlatform.uasset" to "D:/Unreal Projects/ProjectMotorcycle/Content/StarterContent/Materials/M_AssetPlatform.uasset"
[2016.05.19-00.03.27:602][  0]LogPackFactory: Copied "../../../Samples/StarterContent/Content/StarterContent/Materials/M_Basic_Floor.uasset" to "D:/Unreal Projects/ProjectMotorcycle/Content/StarterContent/Materials/M_Basic_Floor.uasset"
[2016.05.19-00.03.27:604][  0]LogPackFactory: Copied "../../../Samples/StarterContent/Content/StarterContent/Materials/M_Basic_Wall.uasset" to "D:/Unreal Projects/ProjectMotorcycle/Content/StarterContent/Materials/M_Basic_Wall.uasset"
[2016.05.19-00.03.27:606][  0]LogPackFactory: Copied "../../../Samples/StarterContent/Content/StarterContent/Materials/M_Brick_Clay_Beveled.uasset" to "D:/Unreal Projects/ProjectMotorcycle/Content/StarterContent/Materials/M_Brick_Clay_Beveled.uasset"
[2016.05.19-00.03.27:609][  0]LogPackFactory: Copied "../../../Samples/StarterContent/Content/StarterContent/Materials/M_Brick_Clay_New.uasset" to "D:/Unreal Projects/ProjectMotorcycle/Content/StarterContent/Materials/M_Brick_Clay_New.uasset"
[2016.05.19-00.03.27:612][  0]LogPackFactory: Copied "../../../Samples/StarterContent/Content/StarterContent/Materials/M_Brick_Clay_Old.uasset" to "D:/Unreal Projects/ProjectMotorcycle/Content/StarterContent/Materials/M_Brick_Clay_Old.uasset"
[2016.05.19-00.03.27:616][  0]LogPackFactory: Copied "../../../Samples/StarterContent/Content/StarterContent/Materials/M_Brick_Cut_Stone.uasset" to "D:/Unreal Projects/ProjectMotorcycle/Content/StarterContent/Materials/M_Brick_Cut_Stone.uasset"
[2016.05.19-00.03.27:621][  0]LogPackFactory: Copied "../../../Samples/StarterContent/Content/StarterContent/Materials/M_Brick_Hewn_Stone.uasset" to "D:/Unreal Projects/ProjectMotorcycle/Content/StarterContent/Materials/M_Brick_Hewn_Stone.uasset"
[2016.05.19-00.03.27:624][  0]LogPackFactory: Copied "../../../Samples/StarterContent/Content/StarterContent/Materials/M_Ceramic_Tile_Checker.uasset" to "D:/Unreal Projects/ProjectMotorcycle/Content/StarterContent/Materials/M_Ceramic_Tile_Checker.uasset"
[2016.05.19-00.03.27:626][  0]LogPackFactory: Copied "../../../Samples/StarterContent/Content/StarterContent/Materials/M_CobbleStone_Pebble.uasset" to "D:/Unreal Projects/ProjectMotorcycle/Content/StarterContent/Materials/M_CobbleStone_Pebble.uasset"
[2016.05.19-00.03.27:629][  0]LogPackFactory: Copied "../../../Samples/StarterContent/Content/StarterContent/Materials/M_CobbleStone_Rough.uasset" to "D:/Unreal Projects/ProjectMotorcycle/Content/StarterContent/Materials/M_CobbleStone_Rough.uasset"
[2016.05.19-00.03.27:630][  0]LogPackFactory: Copied "../../../Samples/StarterContent/Content/StarterContent/Materials/M_CobbleStone_Smooth.uasset" to "D:/Unreal Projects/ProjectMotorcycle/Content/StarterContent/Materials/M_CobbleStone_Smooth.uasset"
[2016.05.19-00.03.27:633][  0]LogPackFactory: Copied "../../../Samples/StarterContent/Content/StarterContent/Materials/M_ColorGrid_LowSpec.uasset" to "D:/Unreal Projects/ProjectMotorcycle/Content/StarterContent/Materials/M_ColorGrid_LowSpec.uasset"
[2016.05.19-00.03.27:635][  0]LogPackFactory: Copied "../../../Samples/StarterContent/Content/StarterContent/Materials/M_Concrete_Grime.uasset" to "D:/Unreal Projects/ProjectMotorcycle/Content/StarterContent/Materials/M_Concrete_Grime.uasset"
[2016.05.19-00.03.27:637][  0]LogPackFactory: Copied "../../../Samples/StarterContent/Content/StarterContent/Materials/M_Concrete_Panels.uasset" to "D:/Unreal Projects/ProjectMotorcycle/Content/StarterContent/Materials/M_Concrete_Panels.uasset"
[2016.05.19-00.03.27:638][  0]LogPackFactory: Copied "../../../Samples/StarterContent/Content/StarterContent/Materials/M_Concrete_Poured.uasset" to "D:/Unreal Projects/ProjectMotorcycle/Content/StarterContent/Materials/M_Concrete_Poured.uasset"
[2016.05.19-00.03.27:641][  0]LogPackFactory: Copied "../../../Samples/StarterContent/Content/StarterContent/Materials/M_Concrete_Tiles.uasset" to "D:/Unreal Projects/ProjectMotorcycle/Content/StarterContent/Materials/M_Concrete_Tiles.uasset"
[2016.05.19-00.03.27:643][  0]LogPackFactory: Copied "../../../Samples/StarterContent/Content/StarterContent/Materials/M_Glass.uasset" to "D:/Unreal Projects/ProjectMotorcycle/Content/StarterContent/Materials/M_Glass.uasset"
[2016.05.19-00.03.27:645][  0]LogPackFactory: Copied "../../../Samples/StarterContent/Content/StarterContent/Materials/M_Ground_Grass.uasset" to "D:/Unreal Projects/ProjectMotorcycle/Content/StarterContent/Materials/M_Ground_Grass.uasset"
[2016.05.19-00.03.27:647][  0]LogPackFactory: Copied "../../../Samples/StarterContent/Content/StarterContent/Materials/M_Ground_Gravel.uasset" to "D:/Unreal Projects/ProjectMotorcycle/Content/StarterContent/Materials/M_Ground_Gravel.uasset"
[2016.05.19-00.03.27:649][  0]LogPackFactory: Copied "../../../Samples/StarterContent/Content/StarterContent/Materials/M_Ground_Moss.uasset" to "D:/Unreal Projects/ProjectMotorcycle/Content/StarterContent/Materials/M_Ground_Moss.uasset"
[2016.05.19-00.03.27:651][  0]LogPackFactory: Copied "../../../Samples/StarterContent/Content/StarterContent/Materials/M_Metal_Brushed_Nickel.uasset" to "D:/Unreal Projects/ProjectMotorcycle/Content/StarterContent/Materials/M_Metal_Brushed_Nickel.uasset"
[2016.05.19-00.03.27:653][  0]LogPackFactory: Copied "../../../Samples/StarterContent/Content/StarterContent/Materials/M_Metal_Burnished_Steel.uasset" to "D:/Unreal Projects/ProjectMotorcycle/Content/StarterContent/Materials/M_Metal_Burnished_Steel.uasset"
[2016.05.19-00.03.27:655][  0]LogPackFactory: Copied "../../../Samples/StarterContent/Content/StarterContent/Materials/M_Metal_Chrome.uasset" to "D:/Unreal Projects/ProjectMotorcycle/Content/StarterContent/Materials/M_Metal_Chrome.uasset"
[2016.05.19-00.03.27:657][  0]LogPackFactory: Copied "../../../Samples/StarterContent/Content/StarterContent/Materials/M_Metal_Copper.uasset" to "D:/Unreal Projects/ProjectMotorcycle/Content/StarterContent/Materials/M_Metal_Copper.uasset"
[2016.05.19-00.03.27:660][  0]LogPackFactory: Copied "../../../Samples/StarterContent/Content/StarterContent/Materials/M_Metal_Gold.uasset" to "D:/Unreal Projects/ProjectMotorcycle/Content/StarterContent/Materials/M_Metal_Gold.uasset"
[2016.05.19-00.03.27:662][  0]LogPackFactory: Copied "../../../Samples/StarterContent/Content/StarterContent/Materials/M_Metal_Rust.uasset" to "D:/Unreal Projects/ProjectMotorcycle/Content/StarterContent/Materials/M_Metal_Rust.uasset"
[2016.05.19-00.03.27:664][  0]LogPackFactory: Copied "../../../Samples/StarterContent/Content/StarterContent/Materials/M_Metal_Steel.uasset" to "D:/Unreal Projects/ProjectMotorcycle/Content/StarterContent/Materials/M_Metal_Steel.uasset"
[2016.05.19-00.03.27:666][  0]LogPackFactory: Copied "../../../Samples/StarterContent/Content/StarterContent/Materials/M_Rock_Basalt.uasset" to "D:/Unreal Projects/ProjectMotorcycle/Content/StarterContent/Materials/M_Rock_Basalt.uasset"
[2016.05.19-00.03.27:668][  0]LogPackFactory: Copied "../../../Samples/StarterContent/Content/StarterContent/Materials/M_Rock_Marble_Polished.uasset" to "D:/Unreal Projects/ProjectMotorcycle/Content/StarterContent/Materials/M_Rock_Marble_Polished.uasset"
[2016.05.19-00.03.27:670][  0]LogPackFactory: Copied "../../../Samples/StarterContent/Content/StarterContent/Materials/M_Rock_Sandstone.uasset" to "D:/Unreal Projects/ProjectMotorcycle/Content/StarterContent/Materials/M_Rock_Sandstone.uasset"
[2016.05.19-00.03.27:672][  0]LogPackFactory: Copied "../../../Samples/StarterContent/Content/StarterContent/Materials/M_Rock_Slate.uasset" to "D:/Unreal Projects/ProjectMotorcycle/Content/StarterContent/Materials/M_Rock_Slate.uasset"
[2016.05.19-00.03.27:674][  0]LogPackFactory: Copied "../../../Samples/StarterContent/Content/StarterContent/Materials/M_Tech_Checker_Dot.uasset" to "D:/Unreal Projects/ProjectMotorcycle/Content/StarterContent/Materials/M_Tech_Checker_Dot.uasset"
[2016.05.19-00.03.27:676][  0]LogPackFactory: Copied "../../../Samples/StarterContent/Content/StarterContent/Materials/M_Tech_Hex_Tile.uasset" to "D:/Unreal Projects/ProjectMotorcycle/Content/StarterContent/Materials/M_Tech_Hex_Tile.uasset"
[2016.05.19-00.03.27:678][  0]LogPackFactory: Copied "../../../Samples/StarterContent/Content/StarterContent/Materials/M_Tech_Hex_Tile_Pulse.uasset" to "D:/Unreal Projects/ProjectMotorcycle/Content/StarterContent/Materials/M_Tech_Hex_Tile_Pulse.uasset"
[2016.05.19-00.03.27:679][  0]LogPackFactory: Copied "../../../Samples/StarterContent/Content/StarterContent/Materials/M_Tech_Panel.uasset" to "D:/Unreal Projects/ProjectMotorcycle/Content/StarterContent/Materials/M_Tech_Panel.uasset"
[2016.05.19-00.03.27:681][  0]LogPackFactory: Copied "../../../Samples/StarterContent/Content/StarterContent/Materials/M_Water_Lake.uasset" to "D:/Unreal Projects/ProjectMotorcycle/Content/StarterContent/Materials/M_Water_Lake.uasset"
[2016.05.19-00.03.27:683][  0]LogPackFactory: Copied "../../../Samples/StarterContent/Content/StarterContent/Materials/M_Water_Ocean.uasset" to "D:/Unreal Projects/ProjectMotorcycle/Content/StarterContent/Materials/M_Water_Ocean.uasset"
[2016.05.19-00.03.27:685][  0]LogPackFactory: Copied "../../../Samples/StarterContent/Content/StarterContent/Materials/M_Wood_Floor_Walnut_Polished.uasset" to "D:/Unreal Projects/ProjectMotorcycle/Content/StarterContent/Materials/M_Wood_Floor_Walnut_Polished.uasset"
[2016.05.19-00.03.27:687][  0]LogPackFactory: Copied "../../../Samples/StarterContent/Content/StarterContent/Materials/M_Wood_Floor_Walnut_Worn.uasset" to "D:/Unreal Projects/ProjectMotorcycle/Content/StarterContent/Materials/M_Wood_Floor_Walnut_Worn.uasset"
[2016.05.19-00.03.27:689][  0]LogPackFactory: Copied "../../../Samples/StarterContent/Content/StarterContent/Materials/M_Wood_Oak.uasset" to "D:/Unreal Projects/ProjectMotorcycle/Content/StarterContent/Materials/M_Wood_Oak.uasset"
[2016.05.19-00.03.27:691][  0]LogPackFactory: Copied "../../../Samples/StarterContent/Content/StarterContent/Materials/M_Wood_Pine.uasset" to "D:/Unreal Projects/ProjectMotorcycle/Content/StarterContent/Materials/M_Wood_Pine.uasset"
[2016.05.19-00.03.27:693][  0]LogPackFactory: Copied "../../../Samples/StarterContent/Content/StarterContent/Materials/M_Wood_Walnut.uasset" to "D:/Unreal Projects/ProjectMotorcycle/Content/StarterContent/Materials/M_Wood_Walnut.uasset"
[2016.05.19-00.03.27:695][  0]LogPackFactory: Copied "../../../Samples/StarterContent/Content/StarterContent/Particles/P_Ambient_Dust.uasset" to "D:/Unreal Projects/ProjectMotorcycle/Content/StarterContent/Particles/P_Ambient_Dust.uasset"
[2016.05.19-00.03.27:697][  0]LogPackFactory: Copied "../../../Samples/StarterContent/Content/StarterContent/Particles/P_Explosion.uasset" to "D:/Unreal Projects/ProjectMotorcycle/Content/StarterContent/Particles/P_Explosion.uasset"
[2016.05.19-00.03.27:699][  0]LogPackFactory: Copied "../../../Samples/StarterContent/Content/StarterContent/Particles/P_Fire.uasset" to "D:/Unreal Projects/ProjectMotorcycle/Content/StarterContent/Particles/P_Fire.uasset"
[2016.05.19-00.03.27:702][  0]LogPackFactory: Copied "../../../Samples/StarterContent/Content/StarterContent/Particles/P_Smoke.uasset" to "D:/Unreal Projects/ProjectMotorcycle/Content/StarterContent/Particles/P_Smoke.uasset"
[2016.05.19-00.03.27:704][  0]LogPackFactory: Copied "../../../Samples/StarterContent/Content/StarterContent/Particles/P_Sparks.uasset" to "D:/Unreal Projects/ProjectMotorcycle/Content/StarterContent/Particles/P_Sparks.uasset"
[2016.05.19-00.03.27:706][  0]LogPackFactory: Copied "../../../Samples/StarterContent/Content/StarterContent/Particles/P_Steam_Lit.uasset" to "D:/Unreal Projects/ProjectMotorcycle/Content/StarterContent/Particles/P_Steam_Lit.uasset"
[2016.05.19-00.03.27:708][  0]LogPackFactory: Copied "../../../Samples/StarterContent/Content/StarterContent/Particles/Materials/M_Burst.uasset" to "D:/Unreal Projects/ProjectMotorcycle/Content/StarterContent/Particles/Materials/M_Burst.uasset"
[2016.05.19-00.03.27:711][  0]LogPackFactory: Copied "../../../Samples/StarterContent/Content/StarterContent/Particles/Materials/M_Dust_Particle.uasset" to "D:/Unreal Projects/ProjectMotorcycle/Content/StarterContent/Particles/Materials/M_Dust_Particle.uasset"
[2016.05.19-00.03.27:714][  0]LogPackFactory: Copied "../../../Samples/StarterContent/Content/StarterContent/Particles/Materials/M_explosion_subUV.uasset" to "D:/Unreal Projects/ProjectMotorcycle/Content/StarterContent/Particles/Materials/M_explosion_subUV.uasset"
[2016.05.19-00.03.27:715][  0]LogPackFactory: Copied "../../../Samples/StarterContent/Content/StarterContent/Particles/Materials/M_Fire_SubUV.uasset" to "D:/Unreal Projects/ProjectMotorcycle/Content/StarterContent/Particles/Materials/M_Fire_SubUV.uasset"
[2016.05.19-00.03.27:717][  0]LogPackFactory: Copied "../../../Samples/StarterContent/Content/StarterContent/Particles/Materials/m_flare_01.uasset" to "D:/Unreal Projects/ProjectMotorcycle/Content/StarterContent/Particles/Materials/m_flare_01.uasset"
[2016.05.19-00.03.27:719][  0]LogPackFactory: Copied "../../../Samples/StarterContent/Content/StarterContent/Particles/Materials/M_Heat_Distortion.uasset" to "D:/Unreal Projects/ProjectMotorcycle/Content/StarterContent/Particles/Materials/M_Heat_Distortion.uasset"
[2016.05.19-00.03.27:723][  0]LogPackFactory: Copied "../../../Samples/StarterContent/Content/StarterContent/Particles/Materials/M_Radial_Gradient.uasset" to "D:/Unreal Projects/ProjectMotorcycle/Content/StarterContent/Particles/Materials/M_Radial_Gradient.uasset"
[2016.05.19-00.03.27:726][  0]LogPackFactory: Copied "../../../Samples/StarterContent/Content/StarterContent/Particles/Materials/M_radial_ramp.uasset" to "D:/Unreal Projects/ProjectMotorcycle/Content/StarterContent/Particles/Materials/M_radial_ramp.uasset"
[2016.05.19-00.03.27:728][  0]LogPackFactory: Copied "../../../Samples/StarterContent/Content/StarterContent/Particles/Materials/M_smoke_subUV.uasset" to "D:/Unreal Projects/ProjectMotorcycle/Content/StarterContent/Particles/Materials/M_smoke_subUV.uasset"
[2016.05.19-00.03.27:731][  0]LogPackFactory: Copied "../../../Samples/StarterContent/Content/StarterContent/Particles/Materials/M_Spark.uasset" to "D:/Unreal Projects/ProjectMotorcycle/Content/StarterContent/Particles/Materials/M_Spark.uasset"
[2016.05.19-00.03.27:734][  0]LogPackFactory: Copied "../../../Samples/StarterContent/Content/StarterContent/Props/MaterialSphere.uasset" to "D:/Unreal Projects/ProjectMotorcycle/Content/StarterContent/Props/MaterialSphere.uasset"
[2016.05.19-00.03.27:737][  0]LogPackFactory: Copied "../../../Samples/StarterContent/Content/StarterContent/Props/SM_Bush.uasset" to "D:/Unreal Projects/ProjectMotorcycle/Content/StarterContent/Props/SM_Bush.uasset"
[2016.05.19-00.03.27:739][  0]LogPackFactory: Copied "../../../Samples/StarterContent/Content/StarterContent/Props/SM_Chair.uasset" to "D:/Unreal Projects/ProjectMotorcycle/Content/StarterContent/Props/SM_Chair.uasset"
[2016.05.19-00.03.27:742][  0]LogPackFactory: Copied "../../../Samples/StarterContent/Content/StarterContent/Props/SM_CornerFrame.uasset" to "D:/Unreal Projects/ProjectMotorcycle/Content/StarterContent/Props/SM_CornerFrame.uasset"
[2016.05.19-00.03.27:746][  0]LogPackFactory: Copied "../../../Samples/StarterContent/Content/StarterContent/Props/SM_Couch.uasset" to "D:/Unreal Projects/ProjectMotorcycle/Content/StarterContent/Props/SM_Couch.uasset"
[2016.05.19-00.03.27:748][  0]LogPackFactory: Copied "../../../Samples/StarterContent/Content/StarterContent/Props/SM_Door.uasset" to "D:/Unreal Projects/ProjectMotorcycle/Content/StarterContent/Props/SM_Door.uasset"
[2016.05.19-00.03.27:750][  0]LogPackFactory: Copied "../../../Samples/StarterContent/Content/StarterContent/Props/SM_DoorFrame.uasset" to "D:/Unreal Projects/ProjectMotorcycle/Content/StarterContent/Props/SM_DoorFrame.uasset"
[2016.05.19-00.03.27:752][  0]LogPackFactory: Copied "../../../Samples/StarterContent/Content/StarterContent/Props/SM_GlassWindow.uasset" to "D:/Unreal Projects/ProjectMotorcycle/Content/StarterContent/Props/SM_GlassWindow.uasset"
[2016.05.19-00.03.27:754][  0]LogPackFactory: Copied "../../../Samples/StarterContent/Content/StarterContent/Props/SM_Lamp_Ceiling.uasset" to "D:/Unreal Projects/ProjectMotorcycle/Content/StarterContent/Props/SM_Lamp_Ceiling.uasset"
[2016.05.19-00.03.27:756][  0]LogPackFactory: Copied "../../../Samples/StarterContent/Content/StarterContent/Props/SM_Lamp_Wall.uasset" to "D:/Unreal Projects/ProjectMotorcycle/Content/StarterContent/Props/SM_Lamp_Wall.uasset"
[2016.05.19-00.03.27:759][  0]LogPackFactory: Copied "../../../Samples/StarterContent/Content/StarterContent/Props/SM_MatPreviewMesh_02.uasset" to "D:/Unreal Projects/ProjectMotorcycle/Content/StarterContent/Props/SM_MatPreviewMesh_02.uasset"
[2016.05.19-00.03.27:762][  0]LogPackFactory: Copied "../../../Samples/StarterContent/Content/StarterContent/Props/SM_PillarFrame.uasset" to "D:/Unreal Projects/ProjectMotorcycle/Content/StarterContent/Props/SM_PillarFrame.uasset"
[2016.05.19-00.03.27:765][  0]LogPackFactory: Copied "../../../Samples/StarterContent/Content/StarterContent/Props/SM_PillarFrame300.uasset" to "D:/Unreal Projects/ProjectMotorcycle/Content/StarterContent/Props/SM_PillarFrame300.uasset"
[2016.05.19-00.03.27:768][  0]LogPackFactory: Copied "../../../Samples/StarterContent/Content/StarterContent/Props/SM_Rock.uasset" to "D:/Unreal Projects/ProjectMotorcycle/Content/StarterContent/Props/SM_Rock.uasset"
[2016.05.19-00.03.27:776][  0]LogPackFactory: Copied "../../../Samples/StarterContent/Content/StarterContent/Props/SM_Shelf.uasset" to "D:/Unreal Projects/ProjectMotorcycle/Content/StarterContent/Props/SM_Shelf.uasset"
[2016.05.19-00.03.27:779][  0]LogPackFactory: Copied "../../../Samples/StarterContent/Content/StarterContent/Props/SM_Stairs.uasset" to "D:/Unreal Projects/ProjectMotorcycle/Content/StarterContent/Props/SM_Stairs.uasset"
[2016.05.19-00.03.27:781][  0]LogPackFactory: Copied "../../../Samples/StarterContent/Content/StarterContent/Props/SM_Statue.uasset" to "D:/Unreal Projects/ProjectMotorcycle/Content/StarterContent/Props/SM_Statue.uasset"
[2016.05.19-00.03.27:783][  0]LogPackFactory: Copied "../../../Samples/StarterContent/Content/StarterContent/Props/SM_TableRound.uasset" to "D:/Unreal Projects/ProjectMotorcycle/Content/StarterContent/Props/SM_TableRound.uasset"
[2016.05.19-00.03.27:785][  0]LogPackFactory: Copied "../../../Samples/StarterContent/Content/StarterContent/Props/SM_WindowFrame.uasset" to "D:/Unreal Projects/ProjectMotorcycle/Content/StarterContent/Props/SM_WindowFrame.uasset"
[2016.05.19-00.03.27:788][  0]LogPackFactory: Copied "../../../Samples/StarterContent/Content/StarterContent/Props/Materials/M_Bush.uasset" to "D:/Unreal Projects/ProjectMotorcycle/Content/StarterContent/Props/Materials/M_Bush.uasset"
[2016.05.19-00.03.27:789][  0]LogPackFactory: Copied "../../../Samples/StarterContent/Content/StarterContent/Props/Materials/M_Chair.uasset" to "D:/Unreal Projects/ProjectMotorcycle/Content/StarterContent/Props/Materials/M_Chair.uasset"
[2016.05.19-00.03.27:791][  0]LogPackFactory: Copied "../../../Samples/StarterContent/Content/StarterContent/Props/Materials/M_Door.uasset" to "D:/Unreal Projects/ProjectMotorcycle/Content/StarterContent/Props/Materials/M_Door.uasset"
[2016.05.19-00.03.27:793][  0]LogPackFactory: Copied "../../../Samples/StarterContent/Content/StarterContent/Props/Materials/M_Frame.uasset" to "D:/Unreal Projects/ProjectMotorcycle/Content/StarterContent/Props/Materials/M_Frame.uasset"
[2016.05.19-00.03.27:795][  0]LogPackFactory: Copied "../../../Samples/StarterContent/Content/StarterContent/Props/Materials/M_Lamp.uasset" to "D:/Unreal Projects/ProjectMotorcycle/Content/StarterContent/Props/Materials/M_Lamp.uasset"
[2016.05.19-00.03.27:797][  0]LogPackFactory: Copied "../../../Samples/StarterContent/Content/StarterContent/Props/Materials/M_MaterialSphere.uasset" to "D:/Unreal Projects/ProjectMotorcycle/Content/StarterContent/Props/Materials/M_MaterialSphere.uasset"
[2016.05.19-00.03.27:799][  0]LogPackFactory: Copied "../../../Samples/StarterContent/Content/StarterContent/Props/Materials/M_MaterialSphere_Plain.uasset" to "D:/Unreal Projects/ProjectMotorcycle/Content/StarterContent/Props/Materials/M_MaterialSphere_Plain.uasset"
[2016.05.19-00.03.27:801][  0]LogPackFactory: Copied "../../../Samples/StarterContent/Content/StarterContent/Props/Materials/M_Rock.uasset" to "D:/Unreal Projects/ProjectMotorcycle/Content/StarterContent/Props/Materials/M_Rock.uasset"
[2016.05.19-00.03.27:803][  0]LogPackFactory: Copied "../../../Samples/StarterContent/Content/StarterContent/Props/Materials/M_Shelf.uasset" to "D:/Unreal Projects/ProjectMotorcycle/Content/StarterContent/Props/Materials/M_Shelf.uasset"
[2016.05.19-00.03.27:805][  0]LogPackFactory: Copied "../../../Samples/StarterContent/Content/StarterContent/Props/Materials/M_Statue.uasset" to "D:/Unreal Projects/ProjectMotorcycle/Content/StarterContent/Props/Materials/M_Statue.uasset"
[2016.05.19-00.03.27:810][  0]LogPackFactory: Copied "../../../Samples/StarterContent/Content/StarterContent/Props/Materials/M_StatueGlass.uasset" to "D:/Unreal Projects/ProjectMotorcycle/Content/StarterContent/Props/Materials/M_StatueGlass.uasset"
[2016.05.19-00.03.27:812][  0]LogPackFactory: Copied "../../../Samples/StarterContent/Content/StarterContent/Props/Materials/M_TableRound.uasset" to "D:/Unreal Projects/ProjectMotorcycle/Content/StarterContent/Props/Materials/M_TableRound.uasset"
[2016.05.19-00.03.27:814][  0]LogPackFactory: Copied "../../../Samples/StarterContent/Content/StarterContent/Shapes/Shape_Cone.uasset" to "D:/Unreal Projects/ProjectMotorcycle/Content/StarterContent/Shapes/Shape_Cone.uasset"
[2016.05.19-00.03.27:816][  0]LogPackFactory: Copied "../../../Samples/StarterContent/Content/StarterContent/Shapes/Shape_Cube.uasset" to "D:/Unreal Projects/ProjectMotorcycle/Content/StarterContent/Shapes/Shape_Cube.uasset"
[2016.05.19-00.03.27:818][  0]LogPackFactory: Copied "../../../Samples/StarterContent/Content/StarterContent/Shapes/Shape_Cylinder.uasset" to "D:/Unreal Projects/ProjectMotorcycle/Content/StarterContent/Shapes/Shape_Cylinder.uasset"
[2016.05.19-00.03.27:820][  0]LogPackFactory: Copied "../../../Samples/StarterContent/Content/StarterContent/Shapes/Shape_NarrowCapsule.uasset" to "D:/Unreal Projects/ProjectMotorcycle/Content/StarterContent/Shapes/Shape_NarrowCapsule.uasset"
[2016.05.19-00.03.27:822][  0]LogPackFactory: Copied "../../../Samples/StarterContent/Content/StarterContent/Shapes/Shape_Pipe.uasset" to "D:/Unreal Projects/ProjectMotorcycle/Content/StarterContent/Shapes/Shape_Pipe.uasset"
[2016.05.19-00.03.27:824][  0]LogPackFactory: Copied "../../../Samples/StarterContent/Content/StarterContent/Shapes/Shape_Pipe_180.uasset" to "D:/Unreal Projects/ProjectMotorcycle/Content/StarterContent/Shapes/Shape_Pipe_180.uasset"
[2016.05.19-00.03.27:826][  0]LogPackFactory: Copied "../../../Samples/StarterContent/Content/StarterContent/Shapes/Shape_Pipe_90.uasset" to "D:/Unreal Projects/ProjectMotorcycle/Content/StarterContent/Shapes/Shape_Pipe_90.uasset"
[2016.05.19-00.03.27:828][  0]LogPackFactory: Copied "../../../Samples/StarterContent/Content/StarterContent/Shapes/Shape_Plane.uasset" to "D:/Unreal Projects/ProjectMotorcycle/Content/StarterContent/Shapes/Shape_Plane.uasset"
[2016.05.19-00.03.27:829][  0]LogPackFactory: Copied "../../../Samples/StarterContent/Content/StarterContent/Shapes/Shape_QuadPyramid.uasset" to "D:/Unreal Projects/ProjectMotorcycle/Content/StarterContent/Shapes/Shape_QuadPyramid.uasset"
[2016.05.19-00.03.27:831][  0]LogPackFactory: Copied "../../../Samples/StarterContent/Content/StarterContent/Shapes/Shape_Sphere.uasset" to "D:/Unreal Projects/ProjectMotorcycle/Content/StarterContent/Shapes/Shape_Sphere.uasset"
[2016.05.19-00.03.27:834][  0]LogPackFactory: Copied "../../../Samples/StarterContent/Content/StarterContent/Shapes/Shape_Torus.uasset" to "D:/Unreal Projects/ProjectMotorcycle/Content/StarterContent/Shapes/Shape_Torus.uasset"
[2016.05.19-00.03.27:836][  0]LogPackFactory: Copied "../../../Samples/StarterContent/Content/StarterContent/Shapes/Shape_Trim.uasset" to "D:/Unreal Projects/ProjectMotorcycle/Content/StarterContent/Shapes/Shape_Trim.uasset"
[2016.05.19-00.03.27:837][  0]LogPackFactory: Copied "../../../Samples/StarterContent/Content/StarterContent/Shapes/Shape_Trim_90_In.uasset" to "D:/Unreal Projects/ProjectMotorcycle/Content/StarterContent/Shapes/Shape_Trim_90_In.uasset"
[2016.05.19-00.03.27:839][  0]LogPackFactory: Copied "../../../Samples/StarterContent/Content/StarterContent/Shapes/Shape_Trim_90_Out.uasset" to "D:/Unreal Projects/ProjectMotorcycle/Content/StarterContent/Shapes/Shape_Trim_90_Out.uasset"
[2016.05.19-00.03.27:841][  0]LogPackFactory: Copied "../../../Samples/StarterContent/Content/StarterContent/Shapes/Shape_TriPyramid.uasset" to "D:/Unreal Projects/ProjectMotorcycle/Content/StarterContent/Shapes/Shape_TriPyramid.uasset"
[2016.05.19-00.03.27:843][  0]LogPackFactory: Copied "../../../Samples/StarterContent/Content/StarterContent/Shapes/Shape_Tube.uasset" to "D:/Unreal Projects/ProjectMotorcycle/Content/StarterContent/Shapes/Shape_Tube.uasset"
[2016.05.19-00.03.27:845][  0]LogPackFactory: Copied "../../../Samples/StarterContent/Content/StarterContent/Shapes/Shape_Wedge_A.uasset" to "D:/Unreal Projects/ProjectMotorcycle/Content/StarterContent/Shapes/Shape_Wedge_A.uasset"
[2016.05.19-00.03.27:847][  0]LogPackFactory: Copied "../../../Samples/StarterContent/Content/StarterContent/Shapes/Shape_Wedge_B.uasset" to "D:/Unreal Projects/ProjectMotorcycle/Content/StarterContent/Shapes/Shape_Wedge_B.uasset"
[2016.05.19-00.03.27:849][  0]LogPackFactory: Copied "../../../Samples/StarterContent/Content/StarterContent/Shapes/Shape_WideCapsule.uasset" to "D:/Unreal Projects/ProjectMotorcycle/Content/StarterContent/Shapes/Shape_WideCapsule.uasset"
[2016.05.19-00.03.27:855][  0]LogPackFactory: Copied "../../../Samples/StarterContent/Content/StarterContent/Textures/T_Brick_Clay_Beveled_D.uasset" to "D:/Unreal Projects/ProjectMotorcycle/Content/StarterContent/Textures/T_Brick_Clay_Beveled_D.uasset"
[2016.05.19-00.03.27:861][  0]LogPackFactory: Copied "../../../Samples/StarterContent/Content/StarterContent/Textures/T_Brick_Clay_Beveled_M.uasset" to "D:/Unreal Projects/ProjectMotorcycle/Content/StarterContent/Textures/T_Brick_Clay_Beveled_M.uasset"
[2016.05.19-00.03.27:868][  0]LogPackFactory: Copied "../../../Samples/StarterContent/Content/StarterContent/Textures/T_Brick_Clay_Beveled_N.uasset" to "D:/Unreal Projects/ProjectMotorcycle/Content/StarterContent/Textures/T_Brick_Clay_Beveled_N.uasset"
[2016.05.19-00.03.27:874][  0]LogPackFactory: Copied "../../../Samples/StarterContent/Content/StarterContent/Textures/T_Brick_Clay_New_D.uasset" to "D:/Unreal Projects/ProjectMotorcycle/Content/StarterContent/Textures/T_Brick_Clay_New_D.uasset"
[2016.05.19-00.03.27:881][  0]LogPackFactory: Copied "../../../Samples/StarterContent/Content/StarterContent/Textures/T_Brick_Clay_New_M.uasset" to "D:/Unreal Projects/ProjectMotorcycle/Content/StarterContent/Textures/T_Brick_Clay_New_M.uasset"
[2016.05.19-00.03.27:888][  0]LogPackFactory: Copied "../../../Samples/StarterContent/Content/StarterContent/Textures/T_Brick_Clay_New_N.uasset" to "D:/Unreal Projects/ProjectMotorcycle/Content/StarterContent/Textures/T_Brick_Clay_New_N.uasset"
[2016.05.19-00.03.27:898][  0]LogPackFactory: Copied "../../../Samples/StarterContent/Content/StarterContent/Textures/T_Brick_Clay_Old_D.uasset" to "D:/Unreal Projects/ProjectMotorcycle/Content/StarterContent/Textures/T_Brick_Clay_Old_D.uasset"
[2016.05.19-00.03.27:906][  0]LogPackFactory: Copied "../../../Samples/StarterContent/Content/StarterContent/Textures/T_Brick_Clay_Old_N.uasset" to "D:/Unreal Projects/ProjectMotorcycle/Content/StarterContent/Textures/T_Brick_Clay_Old_N.uasset"
[2016.05.19-00.03.27:917][  0]LogPackFactory: Copied "../../../Samples/StarterContent/Content/StarterContent/Textures/T_Brick_Cut_Stone_D.uasset" to "D:/Unreal Projects/ProjectMotorcycle/Content/StarterContent/Textures/T_Brick_Cut_Stone_D.uasset"
[2016.05.19-00.03.27:927][  0]LogPackFactory: Copied "../../../Samples/StarterContent/Content/StarterContent/Textures/T_Brick_Cut_Stone_N.uasset" to "D:/Unreal Projects/ProjectMotorcycle/Content/StarterContent/Textures/T_Brick_Cut_Stone_N.uasset"
[2016.05.19-00.03.27:936][  0]LogPackFactory: Copied "../../../Samples/StarterContent/Content/StarterContent/Textures/T_Brick_Hewn_Stone_D.uasset" to "D:/Unreal Projects/ProjectMotorcycle/Content/StarterContent/Textures/T_Brick_Hewn_Stone_D.uasset"
[2016.05.19-00.03.27:941][  0]LogPackFactory: Copied "../../../Samples/StarterContent/Content/StarterContent/Textures/T_Brick_Hewn_Stone_M.uasset" to "D:/Unreal Projects/ProjectMotorcycle/Content/StarterContent/Textures/T_Brick_Hewn_Stone_M.uasset"
[2016.05.19-00.03.27:948][  0]LogPackFactory: Copied "../../../Samples/StarterContent/Content/StarterContent/Textures/T_Brick_Hewn_Stone_N.uasset" to "D:/Unreal Projects/ProjectMotorcycle/Content/StarterContent/Textures/T_Brick_Hewn_Stone_N.uasset"
[2016.05.19-00.03.27:950][  0]LogPackFactory: Copied "../../../Samples/StarterContent/Content/StarterContent/Textures/T_Burst_M.uasset" to "D:/Unreal Projects/ProjectMotorcycle/Content/StarterContent/Textures/T_Burst_M.uasset"
[2016.05.19-00.03.27:953][  0]LogPackFactory: Copied "../../../Samples/StarterContent/Content/StarterContent/Textures/T_Bush_D.uasset" to "D:/Unreal Projects/ProjectMotorcycle/Content/StarterContent/Textures/T_Bush_D.uasset"
[2016.05.19-00.03.27:955][  0]LogPackFactory: Copied "../../../Samples/StarterContent/Content/StarterContent/Textures/T_Bush_N.uasset" to "D:/Unreal Projects/ProjectMotorcycle/Content/StarterContent/Textures/T_Bush_N.uasset"
[2016.05.19-00.03.27:958][  0]LogPackFactory: Copied "../../../Samples/StarterContent/Content/StarterContent/Textures/T_Ceramic_Tile_M.uasset" to "D:/Unreal Projects/ProjectMotorcycle/Content/StarterContent/Textures/T_Ceramic_Tile_M.uasset"
[2016.05.19-00.03.27:960][  0]LogPackFactory: Copied "../../../Samples/StarterContent/Content/StarterContent/Textures/T_Ceramic_Tile_N.uasset" to "D:/Unreal Projects/ProjectMotorcycle/Content/StarterContent/Textures/T_Ceramic_Tile_N.uasset"
[2016.05.19-00.03.27:962][  0]LogPackFactory: Copied "../../../Samples/StarterContent/Content/StarterContent/Textures/T_Chair_M.uasset" to "D:/Unreal Projects/ProjectMotorcycle/Content/StarterContent/Textures/T_Chair_M.uasset"
[2016.05.19-00.03.27:965][  0]LogPackFactory: Copied "../../../Samples/StarterContent/Content/StarterContent/Textures/T_Chair_N.uasset" to "D:/Unreal Projects/ProjectMotorcycle/Content/StarterContent/Textures/T_Chair_N.uasset"
[2016.05.19-00.03.27:967][  0]LogPackFactory: Copied "../../../Samples/StarterContent/Content/StarterContent/Textures/T_Checker_Noise_M.uasset" to "D:/Unreal Projects/ProjectMotorcycle/Content/StarterContent/Textures/T_Checker_Noise_M.uasset"
[2016.05.19-00.03.27:975][  0]LogPackFactory: Copied "../../../Samples/StarterContent/Content/StarterContent/Textures/T_CobbleStone_Pebble_D.uasset" to "D:/Unreal Projects/ProjectMotorcycle/Content/StarterContent/Textures/T_CobbleStone_Pebble_D.uasset"
[2016.05.19-00.03.27:978][  0]LogPackFactory: Copied "../../../Samples/StarterContent/Content/StarterContent/Textures/T_CobbleStone_Pebble_M.uasset" to "D:/Unreal Projects/ProjectMotorcycle/Content/StarterContent/Textures/T_CobbleStone_Pebble_M.uasset"
[2016.05.19-00.03.27:986][  0]LogPackFactory: Copied "../../../Samples/StarterContent/Content/StarterContent/Textures/T_CobbleStone_Pebble_N.uasset" to "D:/Unreal Projects/ProjectMotorcycle/Content/StarterContent/Textures/T_CobbleStone_Pebble_N.uasset"
[2016.05.19-00.03.27:990][  0]LogPackFactory: Copied "../../../Samples/StarterContent/Content/StarterContent/Textures/T_CobbleStone_Rough_D.uasset" to "D:/Unreal Projects/ProjectMotorcycle/Content/StarterContent/Textures/T_CobbleStone_Rough_D.uasset"
[2016.05.19-00.03.27:994][  0]LogPackFactory: Copied "../../../Samples/StarterContent/Content/StarterContent/Textures/T_CobbleStone_Rough_N.uasset" to "D:/Unreal Projects/ProjectMotorcycle/Content/StarterContent/Textures/T_CobbleStone_Rough_N.uasset"
[2016.05.19-00.03.27:999][  0]LogPackFactory: Copied "../../../Samples/StarterContent/Content/StarterContent/Textures/T_CobbleStone_Smooth_D.uasset" to "D:/Unreal Projects/ProjectMotorcycle/Content/StarterContent/Textures/T_CobbleStone_Smooth_D.uasset"
[2016.05.19-00.03.28:004][  0]LogPackFactory: Copied "../../../Samples/StarterContent/Content/StarterContent/Textures/T_CobbleStone_Smooth_M.uasset" to "D:/Unreal Projects/ProjectMotorcycle/Content/StarterContent/Textures/T_CobbleStone_Smooth_M.uasset"
[2016.05.19-00.03.28:011][  0]LogPackFactory: Copied "../../../Samples/StarterContent/Content/StarterContent/Textures/T_CobbleStone_Smooth_N.uasset" to "D:/Unreal Projects/ProjectMotorcycle/Content/StarterContent/Textures/T_CobbleStone_Smooth_N.uasset"
[2016.05.19-00.03.28:018][  0]LogPackFactory: Copied "../../../Samples/StarterContent/Content/StarterContent/Textures/T_Concrete_Grime_D.uasset" to "D:/Unreal Projects/ProjectMotorcycle/Content/StarterContent/Textures/T_Concrete_Grime_D.uasset"
[2016.05.19-00.03.28:026][  0]LogPackFactory: Copied "../../../Samples/StarterContent/Content/StarterContent/Textures/T_Concrete_Panels_D.uasset" to "D:/Unreal Projects/ProjectMotorcycle/Content/StarterContent/Textures/T_Concrete_Panels_D.uasset"
[2016.05.19-00.03.28:032][  0]LogPackFactory: Copied "../../../Samples/StarterContent/Content/StarterContent/Textures/T_Concrete_Panels_N.uasset" to "D:/Unreal Projects/ProjectMotorcycle/Content/StarterContent/Textures/T_Concrete_Panels_N.uasset"
[2016.05.19-00.03.28:042][  0]LogPackFactory: Copied "../../../Samples/StarterContent/Content/StarterContent/Textures/T_Concrete_Poured_D.uasset" to "D:/Unreal Projects/ProjectMotorcycle/Content/StarterContent/Textures/T_Concrete_Poured_D.uasset"
[2016.05.19-00.03.28:052][  0]LogPackFactory: Copied "../../../Samples/StarterContent/Content/StarterContent/Textures/T_Concrete_Poured_N.uasset" to "D:/Unreal Projects/ProjectMotorcycle/Content/StarterContent/Textures/T_Concrete_Poured_N.uasset"
[2016.05.19-00.03.28:057][  0]LogPackFactory: Copied "../../../Samples/StarterContent/Content/StarterContent/Textures/T_Concrete_Tiles_D.uasset" to "D:/Unreal Projects/ProjectMotorcycle/Content/StarterContent/Textures/T_Concrete_Tiles_D.uasset"
[2016.05.19-00.03.28:062][  0]LogPackFactory: Copied "../../../Samples/StarterContent/Content/StarterContent/Textures/T_Concrete_Tiles_M.uasset" to "D:/Unreal Projects/ProjectMotorcycle/Content/StarterContent/Textures/T_Concrete_Tiles_M.uasset"
[2016.05.19-00.03.28:075][  0]LogPackFactory: Copied "../../../Samples/StarterContent/Content/StarterContent/Textures/T_Concrete_Tiles_N.uasset" to "D:/Unreal Projects/ProjectMotorcycle/Content/StarterContent/Textures/T_Concrete_Tiles_N.uasset"
[2016.05.19-00.03.28:078][  0]LogPackFactory: Copied "../../../Samples/StarterContent/Content/StarterContent/Textures/T_Concrete_Tiles_Variation_M.uasset" to "D:/Unreal Projects/ProjectMotorcycle/Content/StarterContent/Textures/T_Concrete_Tiles_Variation_M.uasset"
[2016.05.19-00.03.28:082][  0]LogPackFactory: Copied "../../../Samples/StarterContent/Content/StarterContent/Textures/T_Detail_Rocky_N.uasset" to "D:/Unreal Projects/ProjectMotorcycle/Content/StarterContent/Textures/T_Detail_Rocky_N.uasset"
[2016.05.19-00.03.28:084][  0]LogPackFactory: Copied "../../../Samples/StarterContent/Content/StarterContent/Textures/T_Door_M.uasset" to "D:/Unreal Projects/ProjectMotorcycle/Content/StarterContent/Textures/T_Door_M.uasset"
[2016.05.19-00.03.28:087][  0]LogPackFactory: Copied "../../../Samples/StarterContent/Content/StarterContent/Textures/T_Door_N.uasset" to "D:/Unreal Projects/ProjectMotorcycle/Content/StarterContent/Textures/T_Door_N.uasset"
[2016.05.19-00.03.28:089][  0]LogPackFactory: Copied "../../../Samples/StarterContent/Content/StarterContent/Textures/T_Dust_Particle_D.uasset" to "D:/Unreal Projects/ProjectMotorcycle/Content/StarterContent/Textures/T_Dust_Particle_D.uasset"
[2016.05.19-00.03.28:093][  0]LogPackFactory: Copied "../../../Samples/StarterContent/Content/StarterContent/Textures/T_Explosion_SubUV.uasset" to "D:/Unreal Projects/ProjectMotorcycle/Content/StarterContent/Textures/T_Explosion_SubUV.uasset"
[2016.05.19-00.03.28:095][  0]LogPackFactory: Copied "../../../Samples/StarterContent/Content/StarterContent/Textures/T_Fire_SubUV.uasset" to "D:/Unreal Projects/ProjectMotorcycle/Content/StarterContent/Textures/T_Fire_SubUV.uasset"
[2016.05.19-00.03.28:098][  0]LogPackFactory: Copied "../../../Samples/StarterContent/Content/StarterContent/Textures/T_Fire_Tiled_D.uasset" to "D:/Unreal Projects/ProjectMotorcycle/Content/StarterContent/Textures/T_Fire_Tiled_D.uasset"
[2016.05.19-00.03.28:100][  0]LogPackFactory: Copied "../../../Samples/StarterContent/Content/StarterContent/Textures/T_Frame_M.uasset" to "D:/Unreal Projects/ProjectMotorcycle/Content/StarterContent/Textures/T_Frame_M.uasset"
[2016.05.19-00.03.28:103][  0]LogPackFactory: Copied "../../../Samples/StarterContent/Content/StarterContent/Textures/T_Frame_N.uasset" to "D:/Unreal Projects/ProjectMotorcycle/Content/StarterContent/Textures/T_Frame_N.uasset"
[2016.05.19-00.03.28:105][  0]LogPackFactory: Copied "../../../Samples/StarterContent/Content/StarterContent/Textures/T_Gradinet_01.uasset" to "D:/Unreal Projects/ProjectMotorcycle/Content/StarterContent/Textures/T_Gradinet_01.uasset"
[2016.05.19-00.03.28:113][  0]LogPackFactory: Copied "../../../Samples/StarterContent/Content/StarterContent/Textures/T_Ground_Grass_D.uasset" to "D:/Unreal Projects/ProjectMotorcycle/Content/StarterContent/Textures/T_Ground_Grass_D.uasset"
[2016.05.19-00.03.28:121][  0]LogPackFactory: Copied "../../../Samples/StarterContent/Content/StarterContent/Textures/T_Ground_Grass_N.uasset" to "D:/Unreal Projects/ProjectMotorcycle/Content/StarterContent/Textures/T_Ground_Grass_N.uasset"
[2016.05.19-00.03.28:129][  0]LogPackFactory: Copied "../../../Samples/StarterContent/Content/StarterContent/Textures/T_Ground_Gravel_D.uasset" to "D:/Unreal Projects/ProjectMotorcycle/Content/StarterContent/Textures/T_Ground_Gravel_D.uasset"
[2016.05.19-00.03.28:135][  0]LogPackFactory: Copied "../../../Samples/StarterContent/Content/StarterContent/Textures/T_Ground_Gravel_N.uasset" to "D:/Unreal Projects/ProjectMotorcycle/Content/StarterContent/Textures/T_Ground_Gravel_N.uasset"
[2016.05.19-00.03.28:143][  0]LogPackFactory: Copied "../../../Samples/StarterContent/Content/StarterContent/Textures/T_ground_Moss_D.uasset" to "D:/Unreal Projects/ProjectMotorcycle/Content/StarterContent/Textures/T_ground_Moss_D.uasset"
[2016.05.19-00.03.28:150][  0]LogPackFactory: Copied "../../../Samples/StarterContent/Content/StarterContent/Textures/T_Ground_Moss_N.uasset" to "D:/Unreal Projects/ProjectMotorcycle/Content/StarterContent/Textures/T_Ground_Moss_N.uasset"
[2016.05.19-00.03.28:152][  0]LogPackFactory: Copied "../../../Samples/StarterContent/Content/StarterContent/Textures/T_Lamp_M.uasset" to "D:/Unreal Projects/ProjectMotorcycle/Content/StarterContent/Textures/T_Lamp_M.uasset"
[2016.05.19-00.03.28:156][  0]LogPackFactory: Copied "../../../Samples/StarterContent/Content/StarterContent/Textures/T_Lamp_N.uasset" to "D:/Unreal Projects/ProjectMotorcycle/Content/StarterContent/Textures/T_Lamp_N.uasset"
[2016.05.19-00.03.28:163][  0]LogPackFactory: Copied "../../../Samples/StarterContent/Content/StarterContent/Textures/T_MacroVariation.uasset" to "D:/Unreal Projects/ProjectMotorcycle/Content/StarterContent/Textures/T_MacroVariation.uasset"
[2016.05.19-00.03.28:170][  0]LogPackFactory: Copied "../../../Samples/StarterContent/Content/StarterContent/Textures/T_Metal_Aluminum_D.uasset" to "D:/Unreal Projects/ProjectMotorcycle/Content/StarterContent/Textures/T_Metal_Aluminum_D.uasset"
[2016.05.19-00.03.28:178][  0]LogPackFactory: Copied "../../../Samples/StarterContent/Content/StarterContent/Textures/T_Metal_Copper_D.uasset" to "D:/Unreal Projects/ProjectMotorcycle/Content/StarterContent/Textures/T_Metal_Copper_D.uasset"
[2016.05.19-00.03.28:185][  0]LogPackFactory: Copied "../../../Samples/StarterContent/Content/StarterContent/Textures/T_Metal_Gold_D.uasset" to "D:/Unreal Projects/ProjectMotorcycle/Content/StarterContent/Textures/T_Metal_Gold_D.uasset"
[2016.05.19-00.03.28:189][  0]LogPackFactory: Copied "../../../Samples/StarterContent/Content/StarterContent/Textures/T_Metal_Gold_N.uasset" to "D:/Unreal Projects/ProjectMotorcycle/Content/StarterContent/Textures/T_Metal_Gold_N.uasset"
[2016.05.19-00.03.28:198][  0]LogPackFactory: Copied "../../../Samples/StarterContent/Content/StarterContent/Textures/T_Metal_Rust_D.uasset" to "D:/Unreal Projects/ProjectMotorcycle/Content/StarterContent/Textures/T_Metal_Rust_D.uasset"
[2016.05.19-00.03.28:205][  0]LogPackFactory: Copied "../../../Samples/StarterContent/Content/StarterContent/Textures/T_Metal_Rust_N.uasset" to "D:/Unreal Projects/ProjectMotorcycle/Content/StarterContent/Textures/T_Metal_Rust_N.uasset"
[2016.05.19-00.03.28:211][  0]LogPackFactory: Copied "../../../Samples/StarterContent/Content/StarterContent/Textures/T_Metal_Steel_D.uasset" to "D:/Unreal Projects/ProjectMotorcycle/Content/StarterContent/Textures/T_Metal_Steel_D.uasset"
[2016.05.19-00.03.28:216][  0]LogPackFactory: Copied "../../../Samples/StarterContent/Content/StarterContent/Textures/T_Metal_Steel_N.uasset" to "D:/Unreal Projects/ProjectMotorcycle/Content/StarterContent/Textures/T_Metal_Steel_N.uasset"
[2016.05.19-00.03.28:224][  0]LogPackFactory: Copied "../../../Samples/StarterContent/Content/StarterContent/Textures/T_Perlin_Noise_M.uasset" to "D:/Unreal Projects/ProjectMotorcycle/Content/StarterContent/Textures/T_Perlin_Noise_M.uasset"
[2016.05.19-00.03.28:232][  0]LogPackFactory: Copied "../../../Samples/StarterContent/Content/StarterContent/Textures/T_RockMesh_M.uasset" to "D:/Unreal Projects/ProjectMotorcycle/Content/StarterContent/Textures/T_RockMesh_M.uasset"
[2016.05.19-00.03.28:237][  0]LogPackFactory: Copied "../../../Samples/StarterContent/Content/StarterContent/Textures/T_RockMesh_N.uasset" to "D:/Unreal Projects/ProjectMotorcycle/Content/StarterContent/Textures/T_RockMesh_N.uasset"
[2016.05.19-00.03.28:243][  0]LogPackFactory: Copied "../../../Samples/StarterContent/Content/StarterContent/Textures/T_Rock_Basalt_D.uasset" to "D:/Unreal Projects/ProjectMotorcycle/Content/StarterContent/Textures/T_Rock_Basalt_D.uasset"
[2016.05.19-00.03.28:249][  0]LogPackFactory: Copied "../../../Samples/StarterContent/Content/StarterContent/Textures/T_Rock_Basalt_N.uasset" to "D:/Unreal Projects/ProjectMotorcycle/Content/StarterContent/Textures/T_Rock_Basalt_N.uasset"
[2016.05.19-00.03.28:254][  0]LogPackFactory: Copied "../../../Samples/StarterContent/Content/StarterContent/Textures/T_Rock_Marble_Polished_D.uasset" to "D:/Unreal Projects/ProjectMotorcycle/Content/StarterContent/Textures/T_Rock_Marble_Polished_D.uasset"
[2016.05.19-00.03.28:261][  0]LogPackFactory: Copied "../../../Samples/StarterContent/Content/StarterContent/Textures/T_Rock_Sandstone_D.uasset" to "D:/Unreal Projects/ProjectMotorcycle/Content/StarterContent/Textures/T_Rock_Sandstone_D.uasset"
[2016.05.19-00.03.28:267][  0]LogPackFactory: Copied "../../../Samples/StarterContent/Content/StarterContent/Textures/T_Rock_Sandstone_N.uasset" to "D:/Unreal Projects/ProjectMotorcycle/Content/StarterContent/Textures/T_Rock_Sandstone_N.uasset"
[2016.05.19-00.03.28:275][  0]LogPackFactory: Copied "../../../Samples/StarterContent/Content/StarterContent/Textures/T_Rock_Slate_D.uasset" to "D:/Unreal Projects/ProjectMotorcycle/Content/StarterContent/Textures/T_Rock_Slate_D.uasset"
[2016.05.19-00.03.28:282][  0]LogPackFactory: Copied "../../../Samples/StarterContent/Content/StarterContent/Textures/T_Rock_Slate_N.uasset" to "D:/Unreal Projects/ProjectMotorcycle/Content/StarterContent/Textures/T_Rock_Slate_N.uasset"
[2016.05.19-00.03.28:289][  0]LogPackFactory: Copied "../../../Samples/StarterContent/Content/StarterContent/Textures/T_Rock_Smooth_Granite_D.uasset" to "D:/Unreal Projects/ProjectMotorcycle/Content/StarterContent/Textures/T_Rock_Smooth_Granite_D.uasset"
[2016.05.19-00.03.28:291][  0]LogPackFactory: Copied "../../../Samples/StarterContent/Content/StarterContent/Textures/T_Shelf_M.uasset" to "D:/Unreal Projects/ProjectMotorcycle/Content/StarterContent/Textures/T_Shelf_M.uasset"
[2016.05.19-00.03.28:294][  0]LogPackFactory: Copied "../../../Samples/StarterContent/Content/StarterContent/Textures/T_Shelf_N.uasset" to "D:/Unreal Projects/ProjectMotorcycle/Content/StarterContent/Textures/T_Shelf_N.uasset"
[2016.05.19-00.03.28:296][  0]LogPackFactory: Copied "../../../Samples/StarterContent/Content/StarterContent/Textures/T_Single_Tile_N.uasset" to "D:/Unreal Projects/ProjectMotorcycle/Content/StarterContent/Textures/T_Single_Tile_N.uasset"
[2016.05.19-00.03.28:299][  0]LogPackFactory: Copied "../../../Samples/StarterContent/Content/StarterContent/Textures/T_Smoke_SubUV.uasset" to "D:/Unreal Projects/ProjectMotorcycle/Content/StarterContent/Textures/T_Smoke_SubUV.uasset"
[2016.05.19-00.03.28:302][  0]LogPackFactory: Copied "../../../Samples/StarterContent/Content/StarterContent/Textures/T_Smoke_Tiled_D.uasset" to "D:/Unreal Projects/ProjectMotorcycle/Content/StarterContent/Textures/T_Smoke_Tiled_D.uasset"
[2016.05.19-00.03.28:304][  0]LogPackFactory: Copied "../../../Samples/StarterContent/Content/StarterContent/Textures/T_Spark_Core.uasset" to "D:/Unreal Projects/ProjectMotorcycle/Content/StarterContent/Textures/T_Spark_Core.uasset"
[2016.05.19-00.03.28:306][  0]LogPackFactory: Copied "../../../Samples/StarterContent/Content/StarterContent/Textures/T_Statue_M.uasset" to "D:/Unreal Projects/ProjectMotorcycle/Content/StarterContent/Textures/T_Statue_M.uasset"
[2016.05.19-00.03.28:309][  0]LogPackFactory: Copied "../../../Samples/StarterContent/Content/StarterContent/Textures/T_Statue_N.uasset" to "D:/Unreal Projects/ProjectMotorcycle/Content/StarterContent/Textures/T_Statue_N.uasset"
[2016.05.19-00.03.28:311][  0]LogPackFactory: Copied "../../../Samples/StarterContent/Content/StarterContent/Textures/T_TableRound_M.uasset" to "D:/Unreal Projects/ProjectMotorcycle/Content/StarterContent/Textures/T_TableRound_M.uasset"
[2016.05.19-00.03.28:314][  0]LogPackFactory: Copied "../../../Samples/StarterContent/Content/StarterContent/Textures/T_TableRound_N.uasset" to "D:/Unreal Projects/ProjectMotorcycle/Content/StarterContent/Textures/T_TableRound_N.uasset"
[2016.05.19-00.03.28:316][  0]LogPackFactory: Copied "../../../Samples/StarterContent/Content/StarterContent/Textures/T_Tech_Dot_M.uasset" to "D:/Unreal Projects/ProjectMotorcycle/Content/StarterContent/Textures/T_Tech_Dot_M.uasset"
[2016.05.19-00.03.28:319][  0]LogPackFactory: Copied "../../../Samples/StarterContent/Content/StarterContent/Textures/T_Tech_Dot_N.uasset" to "D:/Unreal Projects/ProjectMotorcycle/Content/StarterContent/Textures/T_Tech_Dot_N.uasset"
[2016.05.19-00.03.28:321][  0]LogPackFactory: Copied "../../../Samples/StarterContent/Content/StarterContent/Textures/T_Tech_Hex_Tile_M.uasset" to "D:/Unreal Projects/ProjectMotorcycle/Content/StarterContent/Textures/T_Tech_Hex_Tile_M.uasset"
[2016.05.19-00.03.28:324][  0]LogPackFactory: Copied "../../../Samples/StarterContent/Content/StarterContent/Textures/T_Tech_Hex_Tile_N.uasset" to "D:/Unreal Projects/ProjectMotorcycle/Content/StarterContent/Textures/T_Tech_Hex_Tile_N.uasset"
[2016.05.19-00.03.28:326][  0]LogPackFactory: Copied "../../../Samples/StarterContent/Content/StarterContent/Textures/T_Tech_Panel_M.uasset" to "D:/Unreal Projects/ProjectMotorcycle/Content/StarterContent/Textures/T_Tech_Panel_M.uasset"
[2016.05.19-00.03.28:329][  0]LogPackFactory: Copied "../../../Samples/StarterContent/Content/StarterContent/Textures/T_Tech_Panel_N.uasset" to "D:/Unreal Projects/ProjectMotorcycle/Content/StarterContent/Textures/T_Tech_Panel_N.uasset"
[2016.05.19-00.03.28:333][  0]LogPackFactory: Copied "../../../Samples/StarterContent/Content/StarterContent/Textures/T_Water_M.uasset" to "D:/Unreal Projects/ProjectMotorcycle/Content/StarterContent/Textures/T_Water_M.uasset"
[2016.05.19-00.03.28:336][  0]LogPackFactory: Copied "../../../Samples/StarterContent/Content/StarterContent/Textures/T_Water_N.uasset" to "D:/Unreal Projects/ProjectMotorcycle/Content/StarterContent/Textures/T_Water_N.uasset"
[2016.05.19-00.03.28:341][  0]LogPackFactory: Copied "../../../Samples/StarterContent/Content/StarterContent/Textures/T_Wood_Floor_Walnut_D.uasset" to "D:/Unreal Projects/ProjectMotorcycle/Content/StarterContent/Textures/T_Wood_Floor_Walnut_D.uasset"
[2016.05.19-00.03.28:346][  0]LogPackFactory: Copied "../../../Samples/StarterContent/Content/StarterContent/Textures/T_Wood_Floor_Walnut_M.uasset" to "D:/Unreal Projects/ProjectMotorcycle/Content/StarterContent/Textures/T_Wood_Floor_Walnut_M.uasset"
[2016.05.19-00.03.28:350][  0]LogPackFactory: Copied "../../../Samples/StarterContent/Content/StarterContent/Textures/T_Wood_Floor_Walnut_N.uasset" to "D:/Unreal Projects/ProjectMotorcycle/Content/StarterContent/Textures/T_Wood_Floor_Walnut_N.uasset"
[2016.05.19-00.03.28:356][  0]LogPackFactory: Copied "../../../Samples/StarterContent/Content/StarterContent/Textures/T_Wood_Oak_D.uasset" to "D:/Unreal Projects/ProjectMotorcycle/Content/StarterContent/Textures/T_Wood_Oak_D.uasset"
[2016.05.19-00.03.28:362][  0]LogPackFactory: Copied "../../../Samples/StarterContent/Content/StarterContent/Textures/T_Wood_Oak_N.uasset" to "D:/Unreal Projects/ProjectMotorcycle/Content/StarterContent/Textures/T_Wood_Oak_N.uasset"
[2016.05.19-00.03.28:371][  0]LogPackFactory: Copied "../../../Samples/StarterContent/Content/StarterContent/Textures/T_Wood_Pine_D.uasset" to "D:/Unreal Projects/ProjectMotorcycle/Content/StarterContent/Textures/T_Wood_Pine_D.uasset"
[2016.05.19-00.03.28:377][  0]LogPackFactory: Copied "../../../Samples/StarterContent/Content/StarterContent/Textures/T_Wood_Pine_N.uasset" to "D:/Unreal Projects/ProjectMotorcycle/Content/StarterContent/Textures/T_Wood_Pine_N.uasset"
[2016.05.19-00.03.28:382][  0]LogPackFactory: Copied "../../../Samples/StarterContent/Content/StarterContent/Textures/T_Wood_Walnut_D.uasset" to "D:/Unreal Projects/ProjectMotorcycle/Content/StarterContent/Textures/T_Wood_Walnut_D.uasset"
[2016.05.19-00.03.28:387][  0]LogPackFactory: Copied "../../../Samples/StarterContent/Content/StarterContent/Textures/T_Wood_Walnut_N.uasset" to "D:/Unreal Projects/ProjectMotorcycle/Content/StarterContent/Textures/T_Wood_Walnut_N.uasset"
[2016.05.19-00.03.28:453][  0]LogRenderer: Reallocating scene render targets to support 256x256 (Frame:2).
[2016.05.19-00.03.28:478][  0]Cmd: OBJ SAVEPACKAGE PACKAGE="/Game/StarterContent/Architecture/Floor_400x400" FILE="D:/Unreal Projects/ProjectMotorcycle/Content/StarterContent/Architecture/Floor_400x400.uasset" SILENT=true
[2016.05.19-00.03.28:490][  0]LogSavePackage: Save=8.38ms
[2016.05.19-00.03.28:490][  0]LogSavePackage: Moving 'D:/Unreal Projects/ProjectMotorcycle/Saved/Floor_400x400C5C65A3744EFF234CA830AB4E462C747.tmp' to 'D:/Unreal Projects/ProjectMotorcycle/Content/StarterContent/Architecture/Floor_400x400.uasset'
[2016.05.19-00.03.28:494][  0]LogSavePackage:Display: Finished SavePackage D:/Unreal Projects/ProjectMotorcycle/Content/StarterContent/Architecture/Floor_400x400.uasset
[2016.05.19-00.03.28:494][  0]LogFeaturePack:Warning: Inserted 1 feature packs
[2016.05.19-00.03.28:496][  0]Cmd: MAP LOAD FILE="D:/Unreal Projects/ProjectMotorcycle/Content/2DSideScrollerBP/Maps/2DSideScrollerExampleMap.umap" TEMPLATE=0 SHOWPROGRESS=1 FEATURELEVEL=3
[2016.05.19-00.03.28:497][  0]LightingResults: New page: Lighting Build
[2016.05.19-00.03.28:499][  0]MapCheck: New page: Map Check
[2016.05.19-00.03.28:499][  0]LightingResults: New page: Lighting Build
[2016.05.19-00.03.28:634][  0]LogAIModule: Creating AISystem for world 2DSideScrollerExampleMap
[2016.05.19-00.03.28:637][  0]LogEditorServer: Finished looking for orphan Actors (0.000 secs)
[2016.05.19-00.03.28:637][  0]Cmd: MAP CHECKDEP NOCLEARLOG
[2016.05.19-00.03.28:668][  0]MapCheck: Info Map check complete: 0 Error(s), 0 Warning(s), took 30.794ms to complete.
[2016.05.19-00.03.28:668][  0]LogFileHelpers: Loading map '2DSideScrollerExampleMap' took 0.171
[2016.05.19-00.03.28:789][  0]LogCollectionManager: Loaded 0 collections in 0.001202 seconds
[2016.05.19-00.03.28:835][  0]LogFileCache: Scanning file cache for directory 'D:/Unreal Projects/ProjectMotorcycle/Saved/Collections/' took 0.01s
[2016.05.19-00.03.28:835][  0]LogFileCache: Scanning file cache for directory 'D:/Unreal Projects/ProjectMotorcycle/Content/Developers/Tyler/Collections/' took 0.01s
[2016.05.19-00.03.28:835][  0]LogFileCache: Scanning file cache for directory 'D:/Unreal Projects/ProjectMotorcycle/Content/Collections/' took 0.01s
[2016.05.19-00.03.28:835][  0]LogCollectionManager: Rebuilt the GUID cache for 0 collections in 0.000004 seconds
[2016.05.19-00.03.28:846][  0]LogContentBrowser: Native class hierarchy populated in 0.0108 seconds. Added 2047 classes and 369 folders.
[2016.05.19-00.03.28:857][  0]LogStats: UGameplayTagsManager::ConstructGameplayTagTree: Construct from data asset -  0.000 s
[2016.05.19-00.03.28:857][  0]LogStats: UGameplayTagsManager::ConstructGameplayTagTree: GameplayTagTreeChangedEvent.Broadcast -  0.000 s
[2016.05.19-00.03.28:857][  0]LogContentBrowser: Native class hierarchy updated for 'GameplayTags' in 0.0005 seconds. Added 12 classes and 0 folders.
[2016.05.19-00.03.28:860][  0]LogContentBrowser: Native class hierarchy updated for 'WidgetCarousel' in 0.0002 seconds. Added 0 classes and 0 folders.
[2016.05.19-00.03.28:883][  0]LogContentBrowser: Native class hierarchy updated for 'AddContentDialog' in 0.0003 seconds. Added 0 classes and 0 folders.
[2016.05.19-00.03.28:886][  0]LogContentBrowser: Native class hierarchy updated for 'SceneOutliner' in 0.0002 seconds. Added 1 classes and 2 folders.
[2016.05.19-00.03.28:895][  0]LogCrashTracker: Crashtracker disabled due to settings.
[2016.05.19-00.03.28:940][  0]LogContentBrowser: Native class hierarchy updated for 'HierarchicalLODOutliner' in 0.0003 seconds. Added 1 classes and 2 folders.
[2016.05.19-00.03.28:940][  0]LogLoad: Full Startup: 5.81 seconds (BP compile: 0.02 seconds)
[2016.05.19-00.03.28:940][  0]LogExternalProfiler: Found external profiler: VSPerf
[2016.05.19-00.03.28:940][  0]LogExternalProfiler: Using external profiler: VSPerf
[2016.05.19-00.03.28:949][  0]LogOcInput: OculusInput pre-init called
[2016.05.19-00.03.28:992][  0]LogContentStreaming: Texture pool size now 1000 MB
[2016.05.19-00.03.29:120][  0]LogRenderer: Reallocating scene render targets to support 2172x808 (Frame:3).
[2016.05.19-00.03.29:143][  1]LogAssetRegistry: Asset discovery search completed in 3.3880 seconds
[2016.05.19-00.03.29:1